[0.055s] Invoking command in '/home/telemaque/Robotics_Lab/ros2_ws/build/impedance_controller': /usr/bin/cmake --build /home/telemaque/Robotics_Lab/ros2_ws/build/impedance_controller -- -j12 -l12
[0.160s] [35m[1mConsolidate compiler generated dependencies of target impedance_controller[0m
[0.224s] [100%] Built target impedance_controller
[0.395s] Invoked command in '/home/telemaque/Robotics_Lab/ros2_ws/build/impedance_controller' returned '0': /usr/bin/cmake --build /home/telemaque/Robotics_Lab/ros2_ws/build/impedance_controller -- -j12 -l12
[0.400s] Invoking command in '/home/telemaque/Robotics_Lab/ros2_ws/build/impedance_controller': /usr/bin/cmake --install /home/telemaque/Robotics_Lab/ros2_ws/build/impedance_controller
[0.452s] -- Install configuration: ""
[0.452s] -- Execute custom install script
[0.453s] -- Up-to-date symlink: /home/telemaque/Robotics_Lab/ros2_ws/install/impedance_controller/share/impedance_controller//impedance_plugin.xml
[0.453s] -- Up-to-date symlink: /home/telemaque/Robotics_Lab/ros2_ws/install/impedance_controller/include/impedance_controller/impedance_controller.hpp
[0.453s] -- Up-to-date symlink: /home/telemaque/Robotics_Lab/ros2_ws/install/impedance_controller/include/impedance_controller/visibility_control.h
[0.454s] -- Up-to-date symlink: /home/telemaque/Robotics_Lab/ros2_ws/install/impedance_controller/lib/libimpedance_controller.so
[0.454s] -- Up-to-date symlink: /home/telemaque/Robotics_Lab/ros2_ws/install/impedance_controller/share/impedance_controller/environment/library_path.sh
[0.454s] -- Up-to-date symlink: /home/telemaque/Robotics_Lab/ros2_ws/install/impedance_controller/share/impedance_controller/environment/library_path.dsv
[0.454s] -- Up-to-date symlink: /home/telemaque/Robotics_Lab/ros2_ws/install/impedance_controller/share/ament_index/resource_index/package_run_dependencies/impedance_controller
[0.455s] -- Up-to-date symlink: /home/telemaque/Robotics_Lab/ros2_ws/install/impedance_controller/share/ament_index/resource_index/parent_prefix_path/impedance_controller
[0.455s] -- Up-to-date symlink: /home/telemaque/Robotics_Lab/ros2_ws/install/impedance_controller/share/impedance_controller/environment/ament_prefix_path.sh
[0.455s] -- Up-to-date symlink: /home/telemaque/Robotics_Lab/ros2_ws/install/impedance_controller/share/impedance_controller/environment/ament_prefix_path.dsv
[0.456s] -- Up-to-date symlink: /home/telemaque/Robotics_Lab/ros2_ws/install/impedance_controller/share/impedance_controller/environment/path.sh
[0.456s] -- Up-to-date symlink: /home/telemaque/Robotics_Lab/ros2_ws/install/impedance_controller/share/impedance_controller/environment/path.dsv
[0.456s] -- Up-to-date symlink: /home/telemaque/Robotics_Lab/ros2_ws/install/impedance_controller/share/impedance_controller/local_setup.bash
[0.457s] -- Up-to-date symlink: /home/telemaque/Robotics_Lab/ros2_ws/install/impedance_controller/share/impedance_controller/local_setup.sh
[0.457s] -- Up-to-date symlink: /home/telemaque/Robotics_Lab/ros2_ws/install/impedance_controller/share/impedance_controller/local_setup.zsh
[0.458s] -- Up-to-date symlink: /home/telemaque/Robotics_Lab/ros2_ws/install/impedance_controller/share/impedance_controller/local_setup.dsv
[0.468s] -- Symlinking: /home/telemaque/Robotics_Lab/ros2_ws/install/impedance_controller/share/impedance_controller/package.dsv
[0.489s] -- Up-to-date symlink: /home/telemaque/Robotics_Lab/ros2_ws/install/impedance_controller/share/ament_index/resource_index/packages/impedance_controller
[0.490s] -- Up-to-date symlink: /home/telemaque/Robotics_Lab/ros2_ws/install/impedance_controller/share/ament_index/resource_index/controller_interface__pluginlib__plugin/impedance_controller
[0.490s] -- Up-to-date symlink: /home/telemaque/Robotics_Lab/ros2_ws/install/impedance_controller/share/impedance_controller/cmake/ament_cmake_export_dependencies-extras.cmake
[0.490s] -- Up-to-date symlink: /home/telemaque/Robotics_Lab/ros2_ws/install/impedance_controller/share/impedance_controller/cmake/ament_cmake_export_include_directories-extras.cmake
[0.491s] -- Up-to-date symlink: /home/telemaque/Robotics_Lab/ros2_ws/install/impedance_controller/share/impedance_controller/cmake/ament_cmake_export_libraries-extras.cmake
[0.491s] -- Up-to-date symlink: /home/telemaque/Robotics_Lab/ros2_ws/install/impedance_controller/share/impedance_controller/cmake/impedance_controllerConfig.cmake
[0.492s] -- Up-to-date symlink: /home/telemaque/Robotics_Lab/ros2_ws/install/impedance_controller/share/impedance_controller/cmake/impedance_controllerConfig-version.cmake
[0.492s] -- Up-to-date symlink: /home/telemaque/Robotics_Lab/ros2_ws/install/impedance_controller/share/impedance_controller/package.xml
[0.593s] Invoked command in '/home/telemaque/Robotics_Lab/ros2_ws/build/impedance_controller' returned '0': /usr/bin/cmake --install /home/telemaque/Robotics_Lab/ros2_ws/build/impedance_controller
