[0.018s] Invoking command in '/home/telemaque/Robotics_Lab/homework_1/ros2_ws/build/armando_gazebo': CMAKE_PREFIX_PATH=${CMAKE_PREFIX_PATH}:/opt/ros/humble /usr/bin/cmake /home/telemaque/Robotics_Lab/homework_1/ros2_ws/src/armando_gazebo -DCMAKE_INSTALL_PREFIX=/home/telemaque/Robotics_Lab/homework_1/ros2_ws/install/armando_gazebo
[0.114s] -- The C compiler identification is GNU 11.4.0
[0.219s] -- The CXX compiler identification is GNU 11.4.0
[0.232s] -- Detecting C compiler ABI info
[0.363s] -- Detecting C compiler ABI info - done
[0.376s] -- Check for working C compiler: /usr/bin/cc - skipped
[0.377s] -- Detecting C compile features
[0.378s] -- Detecting C compile features - done
[0.383s] -- Detecting CXX compiler ABI info
[0.523s] -- Detecting CXX compiler ABI info - done
[0.536s] -- Check for working CXX compiler: /usr/bin/c++ - skipped
[0.536s] -- Detecting CXX compile features
[0.537s] -- Detecting CXX compile features - done
[0.540s] -- Found ament_cmake: 1.3.12 (/opt/ros/humble/share/ament_cmake/cmake)
[0.810s] -- Found Python3: /usr/bin/python3 (found version "3.10.12") found components: Interpreter 
[0.964s] -- Found rclpy: 3.3.17 (/opt/ros/humble/share/rclpy/cmake)
[0.966s] -- Found ros_gz_sim: 0.244.20 (/opt/ros/humble/share/ros_gz_sim/cmake)
[1.030s] -- Found rosidl_generator_c: 3.1.7 (/opt/ros/humble/share/rosidl_generator_c/cmake)
[1.036s] -- Found rosidl_adapter: 3.1.7 (/opt/ros/humble/share/rosidl_adapter/cmake)
[1.050s] -- Found rosidl_generator_cpp: 3.1.7 (/opt/ros/humble/share/rosidl_generator_cpp/cmake)
[1.067s] -- Using all available rosidl_typesupport_c: rosidl_typesupport_fastrtps_c;rosidl_typesupport_introspection_c
[1.090s] -- Using all available rosidl_typesupport_cpp: rosidl_typesupport_fastrtps_cpp;rosidl_typesupport_introspection_cpp
[1.158s] -- Found rmw_implementation_cmake: 6.1.2 (/opt/ros/humble/share/rmw_implementation_cmake/cmake)
[1.161s] -- Found rmw_fastrtps_cpp: 6.2.9 (/opt/ros/humble/share/rmw_fastrtps_cpp/cmake)
[1.316s] -- Found OpenSSL: /usr/lib/x86_64-linux-gnu/libcrypto.so (found version "3.0.2")  
[1.361s] -- Found FastRTPS: /opt/ros/humble/include  
[1.418s] -- Using RMW implementation 'rmw_fastrtps_cpp' as default
[1.428s] -- Looking for pthread.h
[1.538s] -- Looking for pthread.h - found
[1.538s] -- Performing Test CMAKE_HAVE_LIBC_PTHREAD
[1.652s] -- Performing Test CMAKE_HAVE_LIBC_PTHREAD - Success
[1.654s] -- Found Threads: TRUE  
[1.721s] -- Found ros_gz_bridge: 0.244.20 (/opt/ros/humble/share/ros_gz_bridge/cmake)
[1.801s] -- Found Protobuf: /usr/lib/x86_64-linux-gnu/libprotobuf.so (found suitable version "3.12.4", minimum required is "3") 
[1.923s] -- Found Protobuf: /usr/lib/x86_64-linux-gnu/libprotobuf.so (found version "3.12.4") 
[2.370s] -- Found xacro: 2.1.1 (/opt/ros/humble/share/xacro/cmake)
[2.372s] -- Found ament_lint_auto: 0.12.14 (/opt/ros/humble/share/ament_lint_auto/cmake)
[2.486s] -- Added test 'cppcheck' to perform static code analysis on C / C++ code
[2.486s] -- Configured cppcheck include dirs: 
[2.486s] -- Configured cppcheck exclude dirs and/or files: 
[2.487s] -- Added test 'flake8' to check Python code syntax and style conventions
[2.488s] -- Added test 'lint_cmake' to check CMake code style
[2.489s] -- Added test 'pep257' to check Python code against some of the docstring style conventions in PEP 257
[2.494s] -- Added test 'uncrustify' to check C / C++ code style
[2.494s] -- Configured uncrustify additional arguments: 
[2.495s] -- Added test 'xmllint' to check XML markup files
[2.496s] -- Configuring done
[2.503s] -- Generating done
[2.506s] -- Build files have been written to: /home/telemaque/Robotics_Lab/homework_1/ros2_ws/build/armando_gazebo
[2.523s] Invoked command in '/home/telemaque/Robotics_Lab/homework_1/ros2_ws/build/armando_gazebo' returned '0': CMAKE_PREFIX_PATH=${CMAKE_PREFIX_PATH}:/opt/ros/humble /usr/bin/cmake /home/telemaque/Robotics_Lab/homework_1/ros2_ws/src/armando_gazebo -DCMAKE_INSTALL_PREFIX=/home/telemaque/Robotics_Lab/homework_1/ros2_ws/install/armando_gazebo
[2.527s] Invoking command in '/home/telemaque/Robotics_Lab/homework_1/ros2_ws/build/armando_gazebo': CMAKE_PREFIX_PATH=${CMAKE_PREFIX_PATH}:/opt/ros/humble /usr/bin/cmake --build /home/telemaque/Robotics_Lab/homework_1/ros2_ws/build/armando_gazebo -- -j12 -l12
[2.593s] Invoked command in '/home/telemaque/Robotics_Lab/homework_1/ros2_ws/build/armando_gazebo' returned '0': CMAKE_PREFIX_PATH=${CMAKE_PREFIX_PATH}:/opt/ros/humble /usr/bin/cmake --build /home/telemaque/Robotics_Lab/homework_1/ros2_ws/build/armando_gazebo -- -j12 -l12
[2.595s] Invoking command in '/home/telemaque/Robotics_Lab/homework_1/ros2_ws/build/armando_gazebo': CMAKE_PREFIX_PATH=${CMAKE_PREFIX_PATH}:/opt/ros/humble /usr/bin/cmake --install /home/telemaque/Robotics_Lab/homework_1/ros2_ws/build/armando_gazebo
[2.608s] -- Install configuration: ""
[2.609s] -- Installing: /home/telemaque/Robotics_Lab/homework_1/ros2_ws/install/armando_gazebo/share/armando_gazebo//launch
[2.609s] -- Installing: /home/telemaque/Robotics_Lab/homework_1/ros2_ws/install/armando_gazebo/share/armando_gazebo//launch/armando_world.launch.py
[2.609s] -- Installing: /home/telemaque/Robotics_Lab/homework_1/ros2_ws/install/armando_gazebo/share/armando_gazebo//config
[2.609s] -- Installing: /home/telemaque/Robotics_Lab/homework_1/ros2_ws/install/armando_gazebo/share/armando_gazebo//config/armando_controllers.yaml
[2.609s] [31mCMake Error at cmake_install.cmake:46 (file):
[2.609s]   file INSTALL cannot find
[2.610s]   "/home/telemaque/Robotics_Lab/homework_1/ros2_ws/src/armando_gazebo/worlds":
[2.610s]   No such file or directory.
[2.610s] 
[2.610s] [0m
[2.611s] Invoked command in '/home/telemaque/Robotics_Lab/homework_1/ros2_ws/build/armando_gazebo' returned '1': CMAKE_PREFIX_PATH=${CMAKE_PREFIX_PATH}:/opt/ros/humble /usr/bin/cmake --install /home/telemaque/Robotics_Lab/homework_1/ros2_ws/build/armando_gazebo
