[35m[1mConsolidate compiler generated dependencies of target ros2_kdl_node[0m
[35m[1mConsolidate compiler generated dependencies of target ros2_kdl_node_example[0m
[ 14%] [32mBuilding CXX object CMakeFiles/ros2_kdl_node.dir/src/ros2_kdl_node.cpp.o[0m
[ 28%] [32mBuilding CXX object CMakeFiles/ros2_kdl_node.dir/src/kdl_robot.cpp.o[0m
[ 42%] [32mBuilding CXX object CMakeFiles/ros2_kdl_node.dir/src/kdl_control.cpp.o[0m
[ 71%] Built target ros2_kdl_node_example
[ 85%] [32m[1mLinking CXX executable ros2_kdl_node[0m
[100%] Built target ros2_kdl_node
-- Install configuration: ""
-- Execute custom install script
-- Symlinking: /home/telemaque/Robotics_Lab/ros2_ws/install/ros2_kdl_package/lib/ros2_kdl_package/ros2_kdl_node
-- Symlinking: /home/telemaque/Robotics_Lab/ros2_ws/install/ros2_kdl_package/lib/ros2_kdl_package/ros2_kdl_node_example
-- Symlinking: /home/telemaque/Robotics_Lab/ros2_ws/install/ros2_kdl_package/share/ament_index/resource_index/package_run_dependencies/ros2_kdl_package
-- Symlinking: /home/telemaque/Robotics_Lab/ros2_ws/install/ros2_kdl_package/share/ament_index/resource_index/parent_prefix_path/ros2_kdl_package
-- Symlinking: /home/telemaque/Robotics_Lab/ros2_ws/install/ros2_kdl_package/share/ros2_kdl_package/environment/ament_prefix_path.sh
-- Symlinking: /home/telemaque/Robotics_Lab/ros2_ws/install/ros2_kdl_package/share/ros2_kdl_package/environment/ament_prefix_path.dsv
-- Symlinking: /home/telemaque/Robotics_Lab/ros2_ws/install/ros2_kdl_package/share/ros2_kdl_package/environment/path.sh
-- Symlinking: /home/telemaque/Robotics_Lab/ros2_ws/install/ros2_kdl_package/share/ros2_kdl_package/environment/path.dsv
-- Symlinking: /home/telemaque/Robotics_Lab/ros2_ws/install/ros2_kdl_package/share/ros2_kdl_package/local_setup.bash
-- Symlinking: /home/telemaque/Robotics_Lab/ros2_ws/install/ros2_kdl_package/share/ros2_kdl_package/local_setup.sh
-- Symlinking: /home/telemaque/Robotics_Lab/ros2_ws/install/ros2_kdl_package/share/ros2_kdl_package/local_setup.zsh
-- Symlinking: /home/telemaque/Robotics_Lab/ros2_ws/install/ros2_kdl_package/share/ros2_kdl_package/local_setup.dsv
-- Symlinking: /home/telemaque/Robotics_Lab/ros2_ws/install/ros2_kdl_package/share/ros2_kdl_package/package.dsv
-- Symlinking: /home/telemaque/Robotics_Lab/ros2_ws/install/ros2_kdl_package/share/ament_index/resource_index/packages/ros2_kdl_package
-- Symlinking: /home/telemaque/Robotics_Lab/ros2_ws/install/ros2_kdl_package/share/ros2_kdl_package/cmake/ros2_kdl_packageConfig.cmake
-- Symlinking: /home/telemaque/Robotics_Lab/ros2_ws/install/ros2_kdl_package/share/ros2_kdl_package/cmake/ros2_kdl_packageConfig-version.cmake
-- Symlinking: /home/telemaque/Robotics_Lab/ros2_ws/install/ros2_kdl_package/share/ros2_kdl_package/package.xml
