[0.103s] DEBUG:colcon:Command line arguments: ['/usr/bin/colcon', 'build', '--symlink-install']
[0.104s] DEBUG:colcon:Parsed command line arguments: Namespace(log_base=None, log_level=None, verb_name='build', build_base='build', install_base='install', merge_install=False, symlink_install=True, test_result_base=None, continue_on_error=False, executor='parallel', parallel_workers=12, event_handlers=None, ignore_user_meta=False, metas=['./colcon.meta'], base_paths=['.'], packages_ignore=None, packages_ignore_regex=None, paths=None, packages_up_to=None, packages_up_to_regex=None, packages_above=None, packages_above_and_dependencies=None, packages_above_depth=None, packages_select_by_dep=None, packages_skip_by_dep=None, packages_skip_up_to=None, packages_select_build_failed=False, packages_skip_build_finished=False, packages_select_test_failures=False, packages_skip_test_passed=False, packages_select=None, packages_skip=None, packages_select_regex=None, packages_skip_regex=None, packages_start=None, packages_end=None, allow_overriding=[], cmake_args=None, cmake_target=None, cmake_target_skip_unavailable=False, cmake_clean_cache=False, cmake_clean_first=False, cmake_force_configure=False, ament_cmake_args=None, catkin_cmake_args=None, catkin_skip_building_tests=False, verb_parser=<colcon_defaults.argument_parser.defaults.DefaultArgumentsDecorator object at 0x7fa7f2af6da0>, verb_extension=<colcon_core.verb.build.BuildVerb object at 0x7fa7f2c28910>, main=<bound method BuildVerb.main of <colcon_core.verb.build.BuildVerb object at 0x7fa7f2c28910>>)
[0.236s] Level 1:colcon.colcon_core.package_discovery:discover_packages(colcon_meta) check parameters
[0.236s] Level 1:colcon.colcon_core.package_discovery:discover_packages(recursive) check parameters
[0.236s] Level 1:colcon.colcon_core.package_discovery:discover_packages(ignore) check parameters
[0.236s] Level 1:colcon.colcon_core.package_discovery:discover_packages(path) check parameters
[0.236s] Level 1:colcon.colcon_core.package_discovery:discover_packages(colcon_meta) discover
[0.236s] Level 1:colcon.colcon_core.package_discovery:discover_packages(recursive) discover
[0.236s] INFO:colcon.colcon_core.package_discovery:Crawling recursively for packages in '/home/telemaque/Robotics_Lab/ros2_ws'
[0.236s] Level 1:colcon.colcon_core.package_identification:_identify(.) by extensions ['ignore', 'ignore_ament_install']
[0.236s] Level 1:colcon.colcon_core.package_identification:_identify(.) by extension 'ignore'
[0.237s] Level 1:colcon.colcon_core.package_identification:_identify(.) by extension 'ignore_ament_install'
[0.237s] Level 1:colcon.colcon_core.package_identification:_identify(.) by extensions ['colcon_pkg']
[0.237s] Level 1:colcon.colcon_core.package_identification:_identify(.) by extension 'colcon_pkg'
[0.237s] Level 1:colcon.colcon_core.package_identification:_identify(.) by extensions ['colcon_meta']
[0.237s] Level 1:colcon.colcon_core.package_identification:_identify(.) by extension 'colcon_meta'
[0.237s] Level 1:colcon.colcon_core.package_identification:_identify(.) by extensions ['ros']
[0.237s] Level 1:colcon.colcon_core.package_identification:_identify(.) by extension 'ros'
[0.249s] Level 1:colcon.colcon_core.package_identification:_identify(.) by extensions ['cmake', 'python']
[0.249s] Level 1:colcon.colcon_core.package_identification:_identify(.) by extension 'cmake'
[0.249s] Level 1:colcon.colcon_core.package_identification:_identify(.) by extension 'python'
[0.249s] Level 1:colcon.colcon_core.package_identification:_identify(.) by extensions ['python_setup_py']
[0.249s] Level 1:colcon.colcon_core.package_identification:_identify(.) by extension 'python_setup_py'
[0.250s] Level 1:colcon.colcon_core.package_identification:_identify(build) by extensions ['ignore', 'ignore_ament_install']
[0.250s] Level 1:colcon.colcon_core.package_identification:_identify(build) by extension 'ignore'
[0.250s] Level 1:colcon.colcon_core.package_identification:_identify(build) ignored
[0.250s] Level 1:colcon.colcon_core.package_identification:_identify(install) by extensions ['ignore', 'ignore_ament_install']
[0.250s] Level 1:colcon.colcon_core.package_identification:_identify(install) by extension 'ignore'
[0.250s] Level 1:colcon.colcon_core.package_identification:_identify(install) ignored
[0.250s] Level 1:colcon.colcon_core.package_identification:_identify(log) by extensions ['ignore', 'ignore_ament_install']
[0.250s] Level 1:colcon.colcon_core.package_identification:_identify(log) by extension 'ignore'
[0.250s] Level 1:colcon.colcon_core.package_identification:_identify(log) ignored
[0.250s] Level 1:colcon.colcon_core.package_identification:_identify(src) by extensions ['ignore', 'ignore_ament_install']
[0.250s] Level 1:colcon.colcon_core.package_identification:_identify(src) by extension 'ignore'
[0.250s] Level 1:colcon.colcon_core.package_identification:_identify(src) by extension 'ignore_ament_install'
[0.250s] Level 1:colcon.colcon_core.package_identification:_identify(src) by extensions ['colcon_pkg']
[0.251s] Level 1:colcon.colcon_core.package_identification:_identify(src) by extension 'colcon_pkg'
[0.251s] Level 1:colcon.colcon_core.package_identification:_identify(src) by extensions ['colcon_meta']
[0.251s] Level 1:colcon.colcon_core.package_identification:_identify(src) by extension 'colcon_meta'
[0.251s] Level 1:colcon.colcon_core.package_identification:_identify(src) by extensions ['ros']
[0.251s] Level 1:colcon.colcon_core.package_identification:_identify(src) by extension 'ros'
[0.251s] Level 1:colcon.colcon_core.package_identification:_identify(src) by extensions ['cmake', 'python']
[0.251s] Level 1:colcon.colcon_core.package_identification:_identify(src) by extension 'cmake'
[0.251s] Level 1:colcon.colcon_core.package_identification:_identify(src) by extension 'python'
[0.251s] Level 1:colcon.colcon_core.package_identification:_identify(src) by extensions ['python_setup_py']
[0.251s] Level 1:colcon.colcon_core.package_identification:_identify(src) by extension 'python_setup_py'
[0.251s] Level 1:colcon.colcon_core.package_identification:_identify(src/armando_control) by extensions ['ignore', 'ignore_ament_install']
[0.251s] Level 1:colcon.colcon_core.package_identification:_identify(src/armando_control) by extension 'ignore'
[0.251s] Level 1:colcon.colcon_core.package_identification:_identify(src/armando_control) by extension 'ignore_ament_install'
[0.251s] Level 1:colcon.colcon_core.package_identification:_identify(src/armando_control) by extensions ['colcon_pkg']
[0.251s] Level 1:colcon.colcon_core.package_identification:_identify(src/armando_control) by extension 'colcon_pkg'
[0.251s] Level 1:colcon.colcon_core.package_identification:_identify(src/armando_control) by extensions ['colcon_meta']
[0.251s] Level 1:colcon.colcon_core.package_identification:_identify(src/armando_control) by extension 'colcon_meta'
[0.251s] Level 1:colcon.colcon_core.package_identification:_identify(src/armando_control) by extensions ['ros']
[0.251s] Level 1:colcon.colcon_core.package_identification:_identify(src/armando_control) by extension 'ros'
[0.254s] DEBUG:colcon.colcon_core.package_identification:Package 'src/armando_control' with type 'ros.ament_cmake' and name 'armando_control'
[0.254s] Level 1:colcon.colcon_core.package_identification:_identify(src/armando_description-main) by extensions ['ignore', 'ignore_ament_install']
[0.254s] Level 1:colcon.colcon_core.package_identification:_identify(src/armando_description-main) by extension 'ignore'
[0.254s] Level 1:colcon.colcon_core.package_identification:_identify(src/armando_description-main) by extension 'ignore_ament_install'
[0.255s] Level 1:colcon.colcon_core.package_identification:_identify(src/armando_description-main) by extensions ['colcon_pkg']
[0.255s] Level 1:colcon.colcon_core.package_identification:_identify(src/armando_description-main) by extension 'colcon_pkg'
[0.255s] Level 1:colcon.colcon_core.package_identification:_identify(src/armando_description-main) by extensions ['colcon_meta']
[0.255s] Level 1:colcon.colcon_core.package_identification:_identify(src/armando_description-main) by extension 'colcon_meta'
[0.255s] Level 1:colcon.colcon_core.package_identification:_identify(src/armando_description-main) by extensions ['ros']
[0.255s] Level 1:colcon.colcon_core.package_identification:_identify(src/armando_description-main) by extension 'ros'
[0.255s] DEBUG:colcon.colcon_core.package_identification:Package 'src/armando_description-main' with type 'ros.ament_cmake' and name 'armando_description'
[0.255s] Level 1:colcon.colcon_core.package_identification:_identify(src/armando_gazebo) by extensions ['ignore', 'ignore_ament_install']
[0.256s] Level 1:colcon.colcon_core.package_identification:_identify(src/armando_gazebo) by extension 'ignore'
[0.256s] Level 1:colcon.colcon_core.package_identification:_identify(src/armando_gazebo) by extension 'ignore_ament_install'
[0.256s] Level 1:colcon.colcon_core.package_identification:_identify(src/armando_gazebo) by extensions ['colcon_pkg']
[0.256s] Level 1:colcon.colcon_core.package_identification:_identify(src/armando_gazebo) by extension 'colcon_pkg'
[0.256s] Level 1:colcon.colcon_core.package_identification:_identify(src/armando_gazebo) by extensions ['colcon_meta']
[0.256s] Level 1:colcon.colcon_core.package_identification:_identify(src/armando_gazebo) by extension 'colcon_meta'
[0.256s] Level 1:colcon.colcon_core.package_identification:_identify(src/armando_gazebo) by extensions ['ros']
[0.256s] Level 1:colcon.colcon_core.package_identification:_identify(src/armando_gazebo) by extension 'ros'
[0.257s] DEBUG:colcon.colcon_core.package_identification:Package 'src/armando_gazebo' with type 'ros.ament_cmake' and name 'armando_gazebo'
[0.257s] Level 1:colcon.colcon_core.package_identification:_identify(src/ros2_iiwa) by extensions ['ignore', 'ignore_ament_install']
[0.257s] Level 1:colcon.colcon_core.package_identification:_identify(src/ros2_iiwa) by extension 'ignore'
[0.257s] Level 1:colcon.colcon_core.package_identification:_identify(src/ros2_iiwa) by extension 'ignore_ament_install'
[0.257s] Level 1:colcon.colcon_core.package_identification:_identify(src/ros2_iiwa) by extensions ['colcon_pkg']
[0.257s] Level 1:colcon.colcon_core.package_identification:_identify(src/ros2_iiwa) by extension 'colcon_pkg'
[0.257s] Level 1:colcon.colcon_core.package_identification:_identify(src/ros2_iiwa) by extensions ['colcon_meta']
[0.257s] Level 1:colcon.colcon_core.package_identification:_identify(src/ros2_iiwa) by extension 'colcon_meta'
[0.257s] Level 1:colcon.colcon_core.package_identification:_identify(src/ros2_iiwa) by extensions ['ros']
[0.257s] Level 1:colcon.colcon_core.package_identification:_identify(src/ros2_iiwa) by extension 'ros'
[0.257s] Level 1:colcon.colcon_core.package_identification:_identify(src/ros2_iiwa) by extensions ['cmake', 'python']
[0.257s] Level 1:colcon.colcon_core.package_identification:_identify(src/ros2_iiwa) by extension 'cmake'
[0.257s] Level 1:colcon.colcon_core.package_identification:_identify(src/ros2_iiwa) by extension 'python'
[0.258s] Level 1:colcon.colcon_core.package_identification:_identify(src/ros2_iiwa) by extensions ['python_setup_py']
[0.258s] Level 1:colcon.colcon_core.package_identification:_identify(src/ros2_iiwa) by extension 'python_setup_py'
[0.258s] Level 1:colcon.colcon_core.package_identification:_identify(src/ros2_iiwa/iiwa_bringup) by extensions ['ignore', 'ignore_ament_install']
[0.258s] Level 1:colcon.colcon_core.package_identification:_identify(src/ros2_iiwa/iiwa_bringup) by extension 'ignore'
[0.258s] Level 1:colcon.colcon_core.package_identification:_identify(src/ros2_iiwa/iiwa_bringup) by extension 'ignore_ament_install'
[0.258s] Level 1:colcon.colcon_core.package_identification:_identify(src/ros2_iiwa/iiwa_bringup) by extensions ['colcon_pkg']
[0.258s] Level 1:colcon.colcon_core.package_identification:_identify(src/ros2_iiwa/iiwa_bringup) by extension 'colcon_pkg'
[0.258s] Level 1:colcon.colcon_core.package_identification:_identify(src/ros2_iiwa/iiwa_bringup) by extensions ['colcon_meta']
[0.258s] Level 1:colcon.colcon_core.package_identification:_identify(src/ros2_iiwa/iiwa_bringup) by extension 'colcon_meta'
[0.258s] Level 1:colcon.colcon_core.package_identification:_identify(src/ros2_iiwa/iiwa_bringup) by extensions ['ros']
[0.258s] Level 1:colcon.colcon_core.package_identification:_identify(src/ros2_iiwa/iiwa_bringup) by extension 'ros'
[0.259s] DEBUG:colcon.colcon_core.package_identification:Package 'src/ros2_iiwa/iiwa_bringup' with type 'ros.ament_cmake' and name 'iiwa_bringup'
[0.259s] Level 1:colcon.colcon_core.package_identification:_identify(src/ros2_iiwa/iiwa_controllers) by extensions ['ignore', 'ignore_ament_install']
[0.259s] Level 1:colcon.colcon_core.package_identification:_identify(src/ros2_iiwa/iiwa_controllers) by extension 'ignore'
[0.259s] Level 1:colcon.colcon_core.package_identification:_identify(src/ros2_iiwa/iiwa_controllers) by extension 'ignore_ament_install'
[0.259s] Level 1:colcon.colcon_core.package_identification:_identify(src/ros2_iiwa/iiwa_controllers) by extensions ['colcon_pkg']
[0.259s] Level 1:colcon.colcon_core.package_identification:_identify(src/ros2_iiwa/iiwa_controllers) by extension 'colcon_pkg'
[0.259s] Level 1:colcon.colcon_core.package_identification:_identify(src/ros2_iiwa/iiwa_controllers) by extensions ['colcon_meta']
[0.259s] Level 1:colcon.colcon_core.package_identification:_identify(src/ros2_iiwa/iiwa_controllers) by extension 'colcon_meta'
[0.259s] Level 1:colcon.colcon_core.package_identification:_identify(src/ros2_iiwa/iiwa_controllers) by extensions ['ros']
[0.259s] Level 1:colcon.colcon_core.package_identification:_identify(src/ros2_iiwa/iiwa_controllers) by extension 'ros'
[0.259s] Level 1:colcon.colcon_core.package_identification:_identify(src/ros2_iiwa/iiwa_controllers) by extensions ['cmake', 'python']
[0.259s] Level 1:colcon.colcon_core.package_identification:_identify(src/ros2_iiwa/iiwa_controllers) by extension 'cmake'
[0.259s] Level 1:colcon.colcon_core.package_identification:_identify(src/ros2_iiwa/iiwa_controllers) by extension 'python'
[0.259s] Level 1:colcon.colcon_core.package_identification:_identify(src/ros2_iiwa/iiwa_controllers) by extensions ['python_setup_py']
[0.260s] Level 1:colcon.colcon_core.package_identification:_identify(src/ros2_iiwa/iiwa_controllers) by extension 'python_setup_py'
[0.260s] Level 1:colcon.colcon_core.package_identification:_identify(src/ros2_iiwa/iiwa_controllers/admittance_controller) by extensions ['ignore', 'ignore_ament_install']
[0.260s] Level 1:colcon.colcon_core.package_identification:_identify(src/ros2_iiwa/iiwa_controllers/admittance_controller) by extension 'ignore'
[0.260s] Level 1:colcon.colcon_core.package_identification:_identify(src/ros2_iiwa/iiwa_controllers/admittance_controller) by extension 'ignore_ament_install'
[0.260s] Level 1:colcon.colcon_core.package_identification:_identify(src/ros2_iiwa/iiwa_controllers/admittance_controller) by extensions ['colcon_pkg']
[0.260s] Level 1:colcon.colcon_core.package_identification:_identify(src/ros2_iiwa/iiwa_controllers/admittance_controller) by extension 'colcon_pkg'
[0.260s] Level 1:colcon.colcon_core.package_identification:_identify(src/ros2_iiwa/iiwa_controllers/admittance_controller) by extensions ['colcon_meta']
[0.260s] Level 1:colcon.colcon_core.package_identification:_identify(src/ros2_iiwa/iiwa_controllers/admittance_controller) by extension 'colcon_meta'
[0.260s] Level 1:colcon.colcon_core.package_identification:_identify(src/ros2_iiwa/iiwa_controllers/admittance_controller) by extensions ['ros']
[0.260s] Level 1:colcon.colcon_core.package_identification:_identify(src/ros2_iiwa/iiwa_controllers/admittance_controller) by extension 'ros'
[0.260s] Level 1:colcon.colcon_core.package_identification:_identify(src/ros2_iiwa/iiwa_controllers/admittance_controller) ignored
[0.260s] Level 1:colcon.colcon_core.package_identification:_identify(src/ros2_iiwa/iiwa_controllers/external_torque_sensor_broadcaster) by extensions ['ignore', 'ignore_ament_install']
[0.260s] Level 1:colcon.colcon_core.package_identification:_identify(src/ros2_iiwa/iiwa_controllers/external_torque_sensor_broadcaster) by extension 'ignore'
[0.260s] Level 1:colcon.colcon_core.package_identification:_identify(src/ros2_iiwa/iiwa_controllers/external_torque_sensor_broadcaster) by extension 'ignore_ament_install'
[0.260s] Level 1:colcon.colcon_core.package_identification:_identify(src/ros2_iiwa/iiwa_controllers/external_torque_sensor_broadcaster) by extensions ['colcon_pkg']
[0.260s] Level 1:colcon.colcon_core.package_identification:_identify(src/ros2_iiwa/iiwa_controllers/external_torque_sensor_broadcaster) by extension 'colcon_pkg'
[0.260s] Level 1:colcon.colcon_core.package_identification:_identify(src/ros2_iiwa/iiwa_controllers/external_torque_sensor_broadcaster) by extensions ['colcon_meta']
[0.260s] Level 1:colcon.colcon_core.package_identification:_identify(src/ros2_iiwa/iiwa_controllers/external_torque_sensor_broadcaster) by extension 'colcon_meta'
[0.260s] Level 1:colcon.colcon_core.package_identification:_identify(src/ros2_iiwa/iiwa_controllers/external_torque_sensor_broadcaster) by extensions ['ros']
[0.261s] Level 1:colcon.colcon_core.package_identification:_identify(src/ros2_iiwa/iiwa_controllers/external_torque_sensor_broadcaster) by extension 'ros'
[0.262s] DEBUG:colcon.colcon_core.package_identification:Package 'src/ros2_iiwa/iiwa_controllers/external_torque_sensor_broadcaster' with type 'ros.ament_cmake' and name 'external_torque_sensor_broadcaster'
[0.262s] Level 1:colcon.colcon_core.package_identification:_identify(src/ros2_iiwa/iiwa_controllers/impedance_controller) by extensions ['ignore', 'ignore_ament_install']
[0.262s] Level 1:colcon.colcon_core.package_identification:_identify(src/ros2_iiwa/iiwa_controllers/impedance_controller) by extension 'ignore'
[0.262s] Level 1:colcon.colcon_core.package_identification:_identify(src/ros2_iiwa/iiwa_controllers/impedance_controller) by extension 'ignore_ament_install'
[0.262s] Level 1:colcon.colcon_core.package_identification:_identify(src/ros2_iiwa/iiwa_controllers/impedance_controller) by extensions ['colcon_pkg']
[0.262s] Level 1:colcon.colcon_core.package_identification:_identify(src/ros2_iiwa/iiwa_controllers/impedance_controller) by extension 'colcon_pkg'
[0.262s] Level 1:colcon.colcon_core.package_identification:_identify(src/ros2_iiwa/iiwa_controllers/impedance_controller) by extensions ['colcon_meta']
[0.262s] Level 1:colcon.colcon_core.package_identification:_identify(src/ros2_iiwa/iiwa_controllers/impedance_controller) by extension 'colcon_meta'
[0.262s] Level 1:colcon.colcon_core.package_identification:_identify(src/ros2_iiwa/iiwa_controllers/impedance_controller) by extensions ['ros']
[0.262s] Level 1:colcon.colcon_core.package_identification:_identify(src/ros2_iiwa/iiwa_controllers/impedance_controller) by extension 'ros'
[0.263s] DEBUG:colcon.colcon_core.package_identification:Package 'src/ros2_iiwa/iiwa_controllers/impedance_controller' with type 'ros.ament_cmake' and name 'impedance_controller'
[0.263s] Level 1:colcon.colcon_core.package_identification:_identify(src/ros2_iiwa/iiwa_description) by extensions ['ignore', 'ignore_ament_install']
[0.263s] Level 1:colcon.colcon_core.package_identification:_identify(src/ros2_iiwa/iiwa_description) by extension 'ignore'
[0.263s] Level 1:colcon.colcon_core.package_identification:_identify(src/ros2_iiwa/iiwa_description) by extension 'ignore_ament_install'
[0.264s] Level 1:colcon.colcon_core.package_identification:_identify(src/ros2_iiwa/iiwa_description) by extensions ['colcon_pkg']
[0.264s] Level 1:colcon.colcon_core.package_identification:_identify(src/ros2_iiwa/iiwa_description) by extension 'colcon_pkg'
[0.264s] Level 1:colcon.colcon_core.package_identification:_identify(src/ros2_iiwa/iiwa_description) by extensions ['colcon_meta']
[0.264s] Level 1:colcon.colcon_core.package_identification:_identify(src/ros2_iiwa/iiwa_description) by extension 'colcon_meta'
[0.264s] Level 1:colcon.colcon_core.package_identification:_identify(src/ros2_iiwa/iiwa_description) by extensions ['ros']
[0.264s] Level 1:colcon.colcon_core.package_identification:_identify(src/ros2_iiwa/iiwa_description) by extension 'ros'
[0.264s] DEBUG:colcon.colcon_core.package_identification:Package 'src/ros2_iiwa/iiwa_description' with type 'ros.ament_cmake' and name 'iiwa_description'
[0.264s] Level 1:colcon.colcon_core.package_identification:_identify(src/ros2_iiwa/iiwa_hardware) by extensions ['ignore', 'ignore_ament_install']
[0.265s] Level 1:colcon.colcon_core.package_identification:_identify(src/ros2_iiwa/iiwa_hardware) by extension 'ignore'
[0.265s] Level 1:colcon.colcon_core.package_identification:_identify(src/ros2_iiwa/iiwa_hardware) by extension 'ignore_ament_install'
[0.265s] Level 1:colcon.colcon_core.package_identification:_identify(src/ros2_iiwa/iiwa_hardware) by extensions ['colcon_pkg']
[0.265s] Level 1:colcon.colcon_core.package_identification:_identify(src/ros2_iiwa/iiwa_hardware) by extension 'colcon_pkg'
[0.265s] Level 1:colcon.colcon_core.package_identification:_identify(src/ros2_iiwa/iiwa_hardware) by extensions ['colcon_meta']
[0.265s] Level 1:colcon.colcon_core.package_identification:_identify(src/ros2_iiwa/iiwa_hardware) by extension 'colcon_meta'
[0.265s] Level 1:colcon.colcon_core.package_identification:_identify(src/ros2_iiwa/iiwa_hardware) by extensions ['ros']
[0.265s] Level 1:colcon.colcon_core.package_identification:_identify(src/ros2_iiwa/iiwa_hardware) by extension 'ros'
[0.265s] Level 1:colcon.colcon_core.package_identification:_identify(src/ros2_iiwa/iiwa_hardware) ignored
[0.265s] Level 1:colcon.colcon_core.package_identification:_identify(src/ros2_iiwa/iiwa_moveit2) by extensions ['ignore', 'ignore_ament_install']
[0.265s] Level 1:colcon.colcon_core.package_identification:_identify(src/ros2_iiwa/iiwa_moveit2) by extension 'ignore'
[0.265s] Level 1:colcon.colcon_core.package_identification:_identify(src/ros2_iiwa/iiwa_moveit2) by extension 'ignore_ament_install'
[0.265s] Level 1:colcon.colcon_core.package_identification:_identify(src/ros2_iiwa/iiwa_moveit2) by extensions ['colcon_pkg']
[0.265s] Level 1:colcon.colcon_core.package_identification:_identify(src/ros2_iiwa/iiwa_moveit2) by extension 'colcon_pkg'
[0.265s] Level 1:colcon.colcon_core.package_identification:_identify(src/ros2_iiwa/iiwa_moveit2) by extensions ['colcon_meta']
[0.265s] Level 1:colcon.colcon_core.package_identification:_identify(src/ros2_iiwa/iiwa_moveit2) by extension 'colcon_meta'
[0.266s] Level 1:colcon.colcon_core.package_identification:_identify(src/ros2_iiwa/iiwa_moveit2) by extensions ['ros']
[0.266s] Level 1:colcon.colcon_core.package_identification:_identify(src/ros2_iiwa/iiwa_moveit2) by extension 'ros'
[0.266s] Level 1:colcon.colcon_core.package_identification:_identify(src/ros2_iiwa/iiwa_moveit2) ignored
[0.266s] Level 1:colcon.colcon_core.package_identification:_identify(src/ros2_iiwa/iiwa_sunrise) by extensions ['ignore', 'ignore_ament_install']
[0.266s] Level 1:colcon.colcon_core.package_identification:_identify(src/ros2_iiwa/iiwa_sunrise) by extension 'ignore'
[0.266s] Level 1:colcon.colcon_core.package_identification:_identify(src/ros2_iiwa/iiwa_sunrise) by extension 'ignore_ament_install'
[0.266s] Level 1:colcon.colcon_core.package_identification:_identify(src/ros2_iiwa/iiwa_sunrise) by extensions ['colcon_pkg']
[0.266s] Level 1:colcon.colcon_core.package_identification:_identify(src/ros2_iiwa/iiwa_sunrise) by extension 'colcon_pkg'
[0.266s] Level 1:colcon.colcon_core.package_identification:_identify(src/ros2_iiwa/iiwa_sunrise) by extensions ['colcon_meta']
[0.266s] Level 1:colcon.colcon_core.package_identification:_identify(src/ros2_iiwa/iiwa_sunrise) by extension 'colcon_meta'
[0.266s] Level 1:colcon.colcon_core.package_identification:_identify(src/ros2_iiwa/iiwa_sunrise) by extensions ['ros']
[0.266s] Level 1:colcon.colcon_core.package_identification:_identify(src/ros2_iiwa/iiwa_sunrise) by extension 'ros'
[0.266s] Level 1:colcon.colcon_core.package_identification:_identify(src/ros2_iiwa/iiwa_sunrise) ignored
[0.266s] Level 1:colcon.colcon_core.package_identification:_identify(src/ros2_kdl_package) by extensions ['ignore', 'ignore_ament_install']
[0.266s] Level 1:colcon.colcon_core.package_identification:_identify(src/ros2_kdl_package) by extension 'ignore'
[0.266s] Level 1:colcon.colcon_core.package_identification:_identify(src/ros2_kdl_package) by extension 'ignore_ament_install'
[0.266s] Level 1:colcon.colcon_core.package_identification:_identify(src/ros2_kdl_package) by extensions ['colcon_pkg']
[0.266s] Level 1:colcon.colcon_core.package_identification:_identify(src/ros2_kdl_package) by extension 'colcon_pkg'
[0.267s] Level 1:colcon.colcon_core.package_identification:_identify(src/ros2_kdl_package) by extensions ['colcon_meta']
[0.267s] Level 1:colcon.colcon_core.package_identification:_identify(src/ros2_kdl_package) by extension 'colcon_meta'
[0.267s] Level 1:colcon.colcon_core.package_identification:_identify(src/ros2_kdl_package) by extensions ['ros']
[0.267s] Level 1:colcon.colcon_core.package_identification:_identify(src/ros2_kdl_package) by extension 'ros'
[0.267s] DEBUG:colcon.colcon_core.package_identification:Package 'src/ros2_kdl_package' with type 'ros.ament_cmake' and name 'ros2_kdl_package'
[0.268s] Level 1:colcon.colcon_core.package_discovery:discover_packages(recursive) using defaults
[0.268s] Level 1:colcon.colcon_core.package_discovery:discover_packages(ignore) discover
[0.268s] Level 1:colcon.colcon_core.package_discovery:discover_packages(ignore) using defaults
[0.268s] Level 1:colcon.colcon_core.package_discovery:discover_packages(path) discover
[0.268s] Level 1:colcon.colcon_core.package_discovery:discover_packages(path) using defaults
[0.293s] Level 1:colcon.colcon_core.package_discovery:discover_packages(prefix_path) check parameters
[0.293s] Level 1:colcon.colcon_core.package_discovery:discover_packages(prefix_path) discover
[0.295s] DEBUG:colcon.colcon_installed_package_information.package_discovery:Found 8 installed packages in /home/telemaque/Robotics_Lab/ros2_ws/install
[0.295s] Level 1:colcon.colcon_core.package_discovery:discover_packages(prefix_path) using defaults
[0.297s] Level 5:colcon.colcon_core.verb:set package 'armando_control' build argument 'cmake_args' from command line to 'None'
[0.297s] Level 5:colcon.colcon_core.verb:set package 'armando_control' build argument 'cmake_target' from command line to 'None'
[0.297s] Level 5:colcon.colcon_core.verb:set package 'armando_control' build argument 'cmake_target_skip_unavailable' from command line to 'False'
[0.297s] Level 5:colcon.colcon_core.verb:set package 'armando_control' build argument 'cmake_clean_cache' from command line to 'False'
[0.297s] Level 5:colcon.colcon_core.verb:set package 'armando_control' build argument 'cmake_clean_first' from command line to 'False'
[0.297s] Level 5:colcon.colcon_core.verb:set package 'armando_control' build argument 'cmake_force_configure' from command line to 'False'
[0.297s] Level 5:colcon.colcon_core.verb:set package 'armando_control' build argument 'ament_cmake_args' from command line to 'None'
[0.297s] Level 5:colcon.colcon_core.verb:set package 'armando_control' build argument 'catkin_cmake_args' from command line to 'None'
[0.297s] Level 5:colcon.colcon_core.verb:set package 'armando_control' build argument 'catkin_skip_building_tests' from command line to 'False'
[0.297s] DEBUG:colcon.colcon_core.verb:Building package 'armando_control' with the following arguments: {'ament_cmake_args': None, 'build_base': '/home/telemaque/Robotics_Lab/ros2_ws/build/armando_control', 'catkin_cmake_args': None, 'catkin_skip_building_tests': False, 'cmake_args': None, 'cmake_clean_cache': False, 'cmake_clean_first': False, 'cmake_force_configure': False, 'cmake_target': None, 'cmake_target_skip_unavailable': False, 'install_base': '/home/telemaque/Robotics_Lab/ros2_ws/install/armando_control', 'merge_install': False, 'path': '/home/telemaque/Robotics_Lab/ros2_ws/src/armando_control', 'symlink_install': True, 'test_result_base': None}
[0.297s] Level 5:colcon.colcon_core.verb:set package 'armando_description' build argument 'cmake_args' from command line to 'None'
[0.297s] Level 5:colcon.colcon_core.verb:set package 'armando_description' build argument 'cmake_target' from command line to 'None'
[0.297s] Level 5:colcon.colcon_core.verb:set package 'armando_description' build argument 'cmake_target_skip_unavailable' from command line to 'False'
[0.297s] Level 5:colcon.colcon_core.verb:set package 'armando_description' build argument 'cmake_clean_cache' from command line to 'False'
[0.297s] Level 5:colcon.colcon_core.verb:set package 'armando_description' build argument 'cmake_clean_first' from command line to 'False'
[0.297s] Level 5:colcon.colcon_core.verb:set package 'armando_description' build argument 'cmake_force_configure' from command line to 'False'
[0.297s] Level 5:colcon.colcon_core.verb:set package 'armando_description' build argument 'ament_cmake_args' from command line to 'None'
[0.297s] Level 5:colcon.colcon_core.verb:set package 'armando_description' build argument 'catkin_cmake_args' from command line to 'None'
[0.297s] Level 5:colcon.colcon_core.verb:set package 'armando_description' build argument 'catkin_skip_building_tests' from command line to 'False'
[0.297s] DEBUG:colcon.colcon_core.verb:Building package 'armando_description' with the following arguments: {'ament_cmake_args': None, 'build_base': '/home/telemaque/Robotics_Lab/ros2_ws/build/armando_description', 'catkin_cmake_args': None, 'catkin_skip_building_tests': False, 'cmake_args': None, 'cmake_clean_cache': False, 'cmake_clean_first': False, 'cmake_force_configure': False, 'cmake_target': None, 'cmake_target_skip_unavailable': False, 'install_base': '/home/telemaque/Robotics_Lab/ros2_ws/install/armando_description', 'merge_install': False, 'path': '/home/telemaque/Robotics_Lab/ros2_ws/src/armando_description-main', 'symlink_install': True, 'test_result_base': None}
[0.298s] Level 5:colcon.colcon_core.verb:set package 'armando_gazebo' build argument 'cmake_args' from command line to 'None'
[0.298s] Level 5:colcon.colcon_core.verb:set package 'armando_gazebo' build argument 'cmake_target' from command line to 'None'
[0.298s] Level 5:colcon.colcon_core.verb:set package 'armando_gazebo' build argument 'cmake_target_skip_unavailable' from command line to 'False'
[0.298s] Level 5:colcon.colcon_core.verb:set package 'armando_gazebo' build argument 'cmake_clean_cache' from command line to 'False'
[0.298s] Level 5:colcon.colcon_core.verb:set package 'armando_gazebo' build argument 'cmake_clean_first' from command line to 'False'
[0.298s] Level 5:colcon.colcon_core.verb:set package 'armando_gazebo' build argument 'cmake_force_configure' from command line to 'False'
[0.298s] Level 5:colcon.colcon_core.verb:set package 'armando_gazebo' build argument 'ament_cmake_args' from command line to 'None'
[0.298s] Level 5:colcon.colcon_core.verb:set package 'armando_gazebo' build argument 'catkin_cmake_args' from command line to 'None'
[0.298s] Level 5:colcon.colcon_core.verb:set package 'armando_gazebo' build argument 'catkin_skip_building_tests' from command line to 'False'
[0.298s] DEBUG:colcon.colcon_core.verb:Building package 'armando_gazebo' with the following arguments: {'ament_cmake_args': None, 'build_base': '/home/telemaque/Robotics_Lab/ros2_ws/build/armando_gazebo', 'catkin_cmake_args': None, 'catkin_skip_building_tests': False, 'cmake_args': None, 'cmake_clean_cache': False, 'cmake_clean_first': False, 'cmake_force_configure': False, 'cmake_target': None, 'cmake_target_skip_unavailable': False, 'install_base': '/home/telemaque/Robotics_Lab/ros2_ws/install/armando_gazebo', 'merge_install': False, 'path': '/home/telemaque/Robotics_Lab/ros2_ws/src/armando_gazebo', 'symlink_install': True, 'test_result_base': None}
[0.298s] Level 5:colcon.colcon_core.verb:set package 'external_torque_sensor_broadcaster' build argument 'cmake_args' from command line to 'None'
[0.298s] Level 5:colcon.colcon_core.verb:set package 'external_torque_sensor_broadcaster' build argument 'cmake_target' from command line to 'None'
[0.298s] Level 5:colcon.colcon_core.verb:set package 'external_torque_sensor_broadcaster' build argument 'cmake_target_skip_unavailable' from command line to 'False'
[0.298s] Level 5:colcon.colcon_core.verb:set package 'external_torque_sensor_broadcaster' build argument 'cmake_clean_cache' from command line to 'False'
[0.298s] Level 5:colcon.colcon_core.verb:set package 'external_torque_sensor_broadcaster' build argument 'cmake_clean_first' from command line to 'False'
[0.298s] Level 5:colcon.colcon_core.verb:set package 'external_torque_sensor_broadcaster' build argument 'cmake_force_configure' from command line to 'False'
[0.299s] Level 5:colcon.colcon_core.verb:set package 'external_torque_sensor_broadcaster' build argument 'ament_cmake_args' from command line to 'None'
[0.299s] Level 5:colcon.colcon_core.verb:set package 'external_torque_sensor_broadcaster' build argument 'catkin_cmake_args' from command line to 'None'
[0.299s] Level 5:colcon.colcon_core.verb:set package 'external_torque_sensor_broadcaster' build argument 'catkin_skip_building_tests' from command line to 'False'
[0.299s] DEBUG:colcon.colcon_core.verb:Building package 'external_torque_sensor_broadcaster' with the following arguments: {'ament_cmake_args': None, 'build_base': '/home/telemaque/Robotics_Lab/ros2_ws/build/external_torque_sensor_broadcaster', 'catkin_cmake_args': None, 'catkin_skip_building_tests': False, 'cmake_args': None, 'cmake_clean_cache': False, 'cmake_clean_first': False, 'cmake_force_configure': False, 'cmake_target': None, 'cmake_target_skip_unavailable': False, 'install_base': '/home/telemaque/Robotics_Lab/ros2_ws/install/external_torque_sensor_broadcaster', 'merge_install': False, 'path': '/home/telemaque/Robotics_Lab/ros2_ws/src/ros2_iiwa/iiwa_controllers/external_torque_sensor_broadcaster', 'symlink_install': True, 'test_result_base': None}
[0.299s] Level 5:colcon.colcon_core.verb:set package 'iiwa_description' build argument 'cmake_args' from command line to 'None'
[0.299s] Level 5:colcon.colcon_core.verb:set package 'iiwa_description' build argument 'cmake_target' from command line to 'None'
[0.299s] Level 5:colcon.colcon_core.verb:set package 'iiwa_description' build argument 'cmake_target_skip_unavailable' from command line to 'False'
[0.299s] Level 5:colcon.colcon_core.verb:set package 'iiwa_description' build argument 'cmake_clean_cache' from command line to 'False'
[0.299s] Level 5:colcon.colcon_core.verb:set package 'iiwa_description' build argument 'cmake_clean_first' from command line to 'False'
[0.299s] Level 5:colcon.colcon_core.verb:set package 'iiwa_description' build argument 'cmake_force_configure' from command line to 'False'
[0.299s] Level 5:colcon.colcon_core.verb:set package 'iiwa_description' build argument 'ament_cmake_args' from command line to 'None'
[0.299s] Level 5:colcon.colcon_core.verb:set package 'iiwa_description' build argument 'catkin_cmake_args' from command line to 'None'
[0.299s] Level 5:colcon.colcon_core.verb:set package 'iiwa_description' build argument 'catkin_skip_building_tests' from command line to 'False'
[0.299s] DEBUG:colcon.colcon_core.verb:Building package 'iiwa_description' with the following arguments: {'ament_cmake_args': None, 'build_base': '/home/telemaque/Robotics_Lab/ros2_ws/build/iiwa_description', 'catkin_cmake_args': None, 'catkin_skip_building_tests': False, 'cmake_args': None, 'cmake_clean_cache': False, 'cmake_clean_first': False, 'cmake_force_configure': False, 'cmake_target': None, 'cmake_target_skip_unavailable': False, 'install_base': '/home/telemaque/Robotics_Lab/ros2_ws/install/iiwa_description', 'merge_install': False, 'path': '/home/telemaque/Robotics_Lab/ros2_ws/src/ros2_iiwa/iiwa_description', 'symlink_install': True, 'test_result_base': None}
[0.299s] Level 5:colcon.colcon_core.verb:set package 'impedance_controller' build argument 'cmake_args' from command line to 'None'
[0.299s] Level 5:colcon.colcon_core.verb:set package 'impedance_controller' build argument 'cmake_target' from command line to 'None'
[0.299s] Level 5:colcon.colcon_core.verb:set package 'impedance_controller' build argument 'cmake_target_skip_unavailable' from command line to 'False'
[0.300s] Level 5:colcon.colcon_core.verb:set package 'impedance_controller' build argument 'cmake_clean_cache' from command line to 'False'
[0.300s] Level 5:colcon.colcon_core.verb:set package 'impedance_controller' build argument 'cmake_clean_first' from command line to 'False'
[0.300s] Level 5:colcon.colcon_core.verb:set package 'impedance_controller' build argument 'cmake_force_configure' from command line to 'False'
[0.300s] Level 5:colcon.colcon_core.verb:set package 'impedance_controller' build argument 'ament_cmake_args' from command line to 'None'
[0.300s] Level 5:colcon.colcon_core.verb:set package 'impedance_controller' build argument 'catkin_cmake_args' from command line to 'None'
[0.300s] Level 5:colcon.colcon_core.verb:set package 'impedance_controller' build argument 'catkin_skip_building_tests' from command line to 'False'
[0.300s] DEBUG:colcon.colcon_core.verb:Building package 'impedance_controller' with the following arguments: {'ament_cmake_args': None, 'build_base': '/home/telemaque/Robotics_Lab/ros2_ws/build/impedance_controller', 'catkin_cmake_args': None, 'catkin_skip_building_tests': False, 'cmake_args': None, 'cmake_clean_cache': False, 'cmake_clean_first': False, 'cmake_force_configure': False, 'cmake_target': None, 'cmake_target_skip_unavailable': False, 'install_base': '/home/telemaque/Robotics_Lab/ros2_ws/install/impedance_controller', 'merge_install': False, 'path': '/home/telemaque/Robotics_Lab/ros2_ws/src/ros2_iiwa/iiwa_controllers/impedance_controller', 'symlink_install': True, 'test_result_base': None}
[0.300s] Level 5:colcon.colcon_core.verb:set package 'ros2_kdl_package' build argument 'cmake_args' from command line to 'None'
[0.300s] Level 5:colcon.colcon_core.verb:set package 'ros2_kdl_package' build argument 'cmake_target' from command line to 'None'
[0.300s] Level 5:colcon.colcon_core.verb:set package 'ros2_kdl_package' build argument 'cmake_target_skip_unavailable' from command line to 'False'
[0.300s] Level 5:colcon.colcon_core.verb:set package 'ros2_kdl_package' build argument 'cmake_clean_cache' from command line to 'False'
[0.300s] Level 5:colcon.colcon_core.verb:set package 'ros2_kdl_package' build argument 'cmake_clean_first' from command line to 'False'
[0.300s] Level 5:colcon.colcon_core.verb:set package 'ros2_kdl_package' build argument 'cmake_force_configure' from command line to 'False'
[0.300s] Level 5:colcon.colcon_core.verb:set package 'ros2_kdl_package' build argument 'ament_cmake_args' from command line to 'None'
[0.300s] Level 5:colcon.colcon_core.verb:set package 'ros2_kdl_package' build argument 'catkin_cmake_args' from command line to 'None'
[0.300s] Level 5:colcon.colcon_core.verb:set package 'ros2_kdl_package' build argument 'catkin_skip_building_tests' from command line to 'False'
[0.300s] DEBUG:colcon.colcon_core.verb:Building package 'ros2_kdl_package' with the following arguments: {'ament_cmake_args': None, 'build_base': '/home/telemaque/Robotics_Lab/ros2_ws/build/ros2_kdl_package', 'catkin_cmake_args': None, 'catkin_skip_building_tests': False, 'cmake_args': None, 'cmake_clean_cache': False, 'cmake_clean_first': False, 'cmake_force_configure': False, 'cmake_target': None, 'cmake_target_skip_unavailable': False, 'install_base': '/home/telemaque/Robotics_Lab/ros2_ws/install/ros2_kdl_package', 'merge_install': False, 'path': '/home/telemaque/Robotics_Lab/ros2_ws/src/ros2_kdl_package', 'symlink_install': True, 'test_result_base': None}
[0.300s] Level 5:colcon.colcon_core.verb:set package 'iiwa_bringup' build argument 'cmake_args' from command line to 'None'
[0.301s] Level 5:colcon.colcon_core.verb:set package 'iiwa_bringup' build argument 'cmake_target' from command line to 'None'
[0.301s] Level 5:colcon.colcon_core.verb:set package 'iiwa_bringup' build argument 'cmake_target_skip_unavailable' from command line to 'False'
[0.301s] Level 5:colcon.colcon_core.verb:set package 'iiwa_bringup' build argument 'cmake_clean_cache' from command line to 'False'
[0.301s] Level 5:colcon.colcon_core.verb:set package 'iiwa_bringup' build argument 'cmake_clean_first' from command line to 'False'
[0.301s] Level 5:colcon.colcon_core.verb:set package 'iiwa_bringup' build argument 'cmake_force_configure' from command line to 'False'
[0.301s] Level 5:colcon.colcon_core.verb:set package 'iiwa_bringup' build argument 'ament_cmake_args' from command line to 'None'
[0.301s] Level 5:colcon.colcon_core.verb:set package 'iiwa_bringup' build argument 'catkin_cmake_args' from command line to 'None'
[0.301s] Level 5:colcon.colcon_core.verb:set package 'iiwa_bringup' build argument 'catkin_skip_building_tests' from command line to 'False'
[0.301s] DEBUG:colcon.colcon_core.verb:Building package 'iiwa_bringup' with the following arguments: {'ament_cmake_args': None, 'build_base': '/home/telemaque/Robotics_Lab/ros2_ws/build/iiwa_bringup', 'catkin_cmake_args': None, 'catkin_skip_building_tests': False, 'cmake_args': None, 'cmake_clean_cache': False, 'cmake_clean_first': False, 'cmake_force_configure': False, 'cmake_target': None, 'cmake_target_skip_unavailable': False, 'install_base': '/home/telemaque/Robotics_Lab/ros2_ws/install/iiwa_bringup', 'merge_install': False, 'path': '/home/telemaque/Robotics_Lab/ros2_ws/src/ros2_iiwa/iiwa_bringup', 'symlink_install': True, 'test_result_base': None}
[0.301s] INFO:colcon.colcon_core.executor:Executing jobs using 'parallel' executor
[0.303s] DEBUG:colcon.colcon_parallel_executor.executor.parallel:run_until_complete
[0.303s] INFO:colcon.colcon_ros.task.ament_cmake.build:Building ROS package in '/home/telemaque/Robotics_Lab/ros2_ws/src/ros2_iiwa/iiwa_description' with build type 'ament_cmake'
[0.303s] INFO:colcon.colcon_cmake.task.cmake.build:Building CMake package in '/home/telemaque/Robotics_Lab/ros2_ws/src/ros2_iiwa/iiwa_description'
[0.306s] INFO:colcon.colcon_core.plugin_system:Skipping extension 'colcon_core.shell.bat': Not used on non-Windows systems
[0.307s] INFO:colcon.colcon_core.shell:Skip shell extension 'powershell' for command environment: Not usable outside of PowerShell
[0.307s] DEBUG:colcon.colcon_core.shell:Skip shell extension 'dsv' for command environment
[0.310s] INFO:colcon.colcon_ros.task.ament_cmake.build:Building ROS package in '/home/telemaque/Robotics_Lab/ros2_ws/src/armando_control' with build type 'ament_cmake'
[0.310s] INFO:colcon.colcon_cmake.task.cmake.build:Building CMake package in '/home/telemaque/Robotics_Lab/ros2_ws/src/armando_control'
[0.311s] INFO:colcon.colcon_core.shell:Skip shell extension 'powershell' for command environment: Not usable outside of PowerShell
[0.311s] DEBUG:colcon.colcon_core.shell:Skip shell extension 'dsv' for command environment
[0.314s] INFO:colcon.colcon_ros.task.ament_cmake.build:Building ROS package in '/home/telemaque/Robotics_Lab/ros2_ws/src/armando_description-main' with build type 'ament_cmake'
[0.314s] INFO:colcon.colcon_cmake.task.cmake.build:Building CMake package in '/home/telemaque/Robotics_Lab/ros2_ws/src/armando_description-main'
[0.315s] INFO:colcon.colcon_core.shell:Skip shell extension 'powershell' for command environment: Not usable outside of PowerShell
[0.315s] DEBUG:colcon.colcon_core.shell:Skip shell extension 'dsv' for command environment
[0.318s] INFO:colcon.colcon_ros.task.ament_cmake.build:Building ROS package in '/home/telemaque/Robotics_Lab/ros2_ws/src/armando_gazebo' with build type 'ament_cmake'
[0.319s] INFO:colcon.colcon_cmake.task.cmake.build:Building CMake package in '/home/telemaque/Robotics_Lab/ros2_ws/src/armando_gazebo'
[0.319s] INFO:colcon.colcon_core.shell:Skip shell extension 'powershell' for command environment: Not usable outside of PowerShell
[0.319s] DEBUG:colcon.colcon_core.shell:Skip shell extension 'dsv' for command environment
[0.323s] INFO:colcon.colcon_ros.task.ament_cmake.build:Building ROS package in '/home/telemaque/Robotics_Lab/ros2_ws/src/ros2_iiwa/iiwa_controllers/external_torque_sensor_broadcaster' with build type 'ament_cmake'
[0.323s] INFO:colcon.colcon_cmake.task.cmake.build:Building CMake package in '/home/telemaque/Robotics_Lab/ros2_ws/src/ros2_iiwa/iiwa_controllers/external_torque_sensor_broadcaster'
[0.324s] INFO:colcon.colcon_core.shell:Skip shell extension 'powershell' for command environment: Not usable outside of PowerShell
[0.324s] DEBUG:colcon.colcon_core.shell:Skip shell extension 'dsv' for command environment
[0.328s] INFO:colcon.colcon_ros.task.ament_cmake.build:Building ROS package in '/home/telemaque/Robotics_Lab/ros2_ws/src/ros2_iiwa/iiwa_controllers/impedance_controller' with build type 'ament_cmake'
[0.328s] INFO:colcon.colcon_cmake.task.cmake.build:Building CMake package in '/home/telemaque/Robotics_Lab/ros2_ws/src/ros2_iiwa/iiwa_controllers/impedance_controller'
[0.329s] INFO:colcon.colcon_core.shell:Skip shell extension 'powershell' for command environment: Not usable outside of PowerShell
[0.329s] DEBUG:colcon.colcon_core.shell:Skip shell extension 'dsv' for command environment
[0.332s] INFO:colcon.colcon_ros.task.ament_cmake.build:Building ROS package in '/home/telemaque/Robotics_Lab/ros2_ws/src/ros2_kdl_package' with build type 'ament_cmake'
[0.332s] INFO:colcon.colcon_cmake.task.cmake.build:Building CMake package in '/home/telemaque/Robotics_Lab/ros2_ws/src/ros2_kdl_package'
[0.332s] INFO:colcon.colcon_core.shell:Skip shell extension 'powershell' for command environment: Not usable outside of PowerShell
[0.333s] DEBUG:colcon.colcon_core.shell:Skip shell extension 'dsv' for command environment
[0.349s] DEBUG:colcon.colcon_core.event_handler.log_command:Invoking command in '/home/telemaque/Robotics_Lab/ros2_ws/build/iiwa_description': /usr/bin/cmake --build /home/telemaque/Robotics_Lab/ros2_ws/build/iiwa_description -- -j12 -l12
[0.353s] DEBUG:colcon.colcon_core.event_handler.log_command:Invoking command in '/home/telemaque/Robotics_Lab/ros2_ws/build/armando_control': /usr/bin/cmake --build /home/telemaque/Robotics_Lab/ros2_ws/build/armando_control -- -j12 -l12
[0.358s] DEBUG:colcon.colcon_core.event_handler.log_command:Invoking command in '/home/telemaque/Robotics_Lab/ros2_ws/build/armando_description': /usr/bin/cmake --build /home/telemaque/Robotics_Lab/ros2_ws/build/armando_description -- -j12 -l12
[0.365s] DEBUG:colcon.colcon_core.event_handler.log_command:Invoking command in '/home/telemaque/Robotics_Lab/ros2_ws/build/armando_gazebo': /usr/bin/cmake --build /home/telemaque/Robotics_Lab/ros2_ws/build/armando_gazebo -- -j12 -l12
[0.371s] DEBUG:colcon.colcon_core.event_handler.log_command:Invoking command in '/home/telemaque/Robotics_Lab/ros2_ws/build/external_torque_sensor_broadcaster': /usr/bin/cmake --build /home/telemaque/Robotics_Lab/ros2_ws/build/external_torque_sensor_broadcaster -- -j12 -l12
[0.384s] DEBUG:colcon.colcon_core.event_handler.log_command:Invoking command in '/home/telemaque/Robotics_Lab/ros2_ws/build/impedance_controller': /usr/bin/cmake --build /home/telemaque/Robotics_Lab/ros2_ws/build/impedance_controller -- -j12 -l12
[0.398s] DEBUG:colcon.colcon_core.event_handler.log_command:Invoking command in '/home/telemaque/Robotics_Lab/ros2_ws/build/ros2_kdl_package': /usr/bin/cmake /home/telemaque/Robotics_Lab/ros2_ws/src/ros2_kdl_package -DAMENT_CMAKE_SYMLINK_INSTALL=1 -DCMAKE_INSTALL_PREFIX=/home/telemaque/Robotics_Lab/ros2_ws/install/ros2_kdl_package
[0.436s] DEBUG:colcon.colcon_core.event_handler.log_command:Invoked command in '/home/telemaque/Robotics_Lab/ros2_ws/build/iiwa_description' returned '0': /usr/bin/cmake --build /home/telemaque/Robotics_Lab/ros2_ws/build/iiwa_description -- -j12 -l12
[0.459s] DEBUG:colcon.colcon_core.event_handler.log_command:Invoking command in '/home/telemaque/Robotics_Lab/ros2_ws/build/iiwa_description': /usr/bin/cmake --install /home/telemaque/Robotics_Lab/ros2_ws/build/iiwa_description
[0.465s] DEBUG:colcon.colcon_core.event_handler.log_command:Invoked command in '/home/telemaque/Robotics_Lab/ros2_ws/build/armando_description' returned '0': /usr/bin/cmake --build /home/telemaque/Robotics_Lab/ros2_ws/build/armando_description -- -j12 -l12
[0.469s] DEBUG:colcon.colcon_core.event_handler.log_command:Invoking command in '/home/telemaque/Robotics_Lab/ros2_ws/build/armando_description': /usr/bin/cmake --install /home/telemaque/Robotics_Lab/ros2_ws/build/armando_description
[0.471s] DEBUG:colcon.colcon_core.event_handler.log_command:Invoked command in '/home/telemaque/Robotics_Lab/ros2_ws/build/armando_gazebo' returned '0': /usr/bin/cmake --build /home/telemaque/Robotics_Lab/ros2_ws/build/armando_gazebo -- -j12 -l12
[0.477s] DEBUG:colcon.colcon_core.event_handler.log_command:Invoking command in '/home/telemaque/Robotics_Lab/ros2_ws/build/armando_gazebo': /usr/bin/cmake --install /home/telemaque/Robotics_Lab/ros2_ws/build/armando_gazebo
[0.543s] Level 1:colcon.colcon_core.environment:create_environment_scripts_only(armando_gazebo)
[0.551s] DEBUG:colcon.colcon_core.event_handler.log_command:Invoked command in '/home/telemaque/Robotics_Lab/ros2_ws/build/armando_gazebo' returned '0': /usr/bin/cmake --install /home/telemaque/Robotics_Lab/ros2_ws/build/armando_gazebo
[0.560s] Level 1:colcon.colcon_core.environment:checking '/home/telemaque/Robotics_Lab/ros2_ws/install/armando_gazebo' for CMake module files
[0.562s] Level 1:colcon.colcon_core.environment:checking '/home/telemaque/Robotics_Lab/ros2_ws/install/armando_gazebo' for CMake config files
[0.563s] Level 1:colcon.colcon_core.shell:create_environment_hook('armando_gazebo', 'cmake_prefix_path')
[0.563s] INFO:colcon.colcon_core.shell:Creating environment hook '/home/telemaque/Robotics_Lab/ros2_ws/install/armando_gazebo/share/armando_gazebo/hook/cmake_prefix_path.ps1'
[0.565s] INFO:colcon.colcon_core.shell:Creating environment descriptor '/home/telemaque/Robotics_Lab/ros2_ws/install/armando_gazebo/share/armando_gazebo/hook/cmake_prefix_path.dsv'
[0.566s] INFO:colcon.colcon_core.shell:Creating environment hook '/home/telemaque/Robotics_Lab/ros2_ws/install/armando_gazebo/share/armando_gazebo/hook/cmake_prefix_path.sh'
[0.568s] Level 1:colcon.colcon_core.environment:checking '/home/telemaque/Robotics_Lab/ros2_ws/install/armando_gazebo/bin'
[0.569s] Level 1:colcon.colcon_core.environment:checking '/home/telemaque/Robotics_Lab/ros2_ws/install/armando_gazebo/lib/pkgconfig/armando_gazebo.pc'
[0.573s] Level 1:colcon.colcon_core.environment:checking '/home/telemaque/Robotics_Lab/ros2_ws/install/armando_gazebo/lib/python3.10/site-packages'
[0.574s] Level 1:colcon.colcon_core.environment:checking '/home/telemaque/Robotics_Lab/ros2_ws/install/armando_gazebo/bin'
[0.574s] INFO:colcon.colcon_core.shell:Creating package script '/home/telemaque/Robotics_Lab/ros2_ws/install/armando_gazebo/share/armando_gazebo/package.ps1'
[0.576s] INFO:colcon.colcon_core.shell:Creating package descriptor '/home/telemaque/Robotics_Lab/ros2_ws/install/armando_gazebo/share/armando_gazebo/package.dsv'
[0.579s] INFO:colcon.colcon_core.shell:Creating package script '/home/telemaque/Robotics_Lab/ros2_ws/install/armando_gazebo/share/armando_gazebo/package.sh'
[0.581s] INFO:colcon.colcon_core.shell:Creating package script '/home/telemaque/Robotics_Lab/ros2_ws/install/armando_gazebo/share/armando_gazebo/package.bash'
[0.586s] INFO:colcon.colcon_core.shell:Creating package script '/home/telemaque/Robotics_Lab/ros2_ws/install/armando_gazebo/share/armando_gazebo/package.zsh'
[0.588s] Level 1:colcon.colcon_core.environment:create_file_with_runtime_dependencies(/home/telemaque/Robotics_Lab/ros2_ws/install/armando_gazebo/share/colcon-core/packages/armando_gazebo)
[0.590s] Level 1:colcon.colcon_core.environment:create_environment_scripts_only(armando_gazebo)
[0.590s] Level 1:colcon.colcon_core.environment:checking '/home/telemaque/Robotics_Lab/ros2_ws/install/armando_gazebo' for CMake module files
[0.592s] Level 1:colcon.colcon_core.environment:checking '/home/telemaque/Robotics_Lab/ros2_ws/install/armando_gazebo' for CMake config files
[0.592s] Level 1:colcon.colcon_core.shell:create_environment_hook('armando_gazebo', 'cmake_prefix_path')
[0.593s] INFO:colcon.colcon_core.shell:Creating environment hook '/home/telemaque/Robotics_Lab/ros2_ws/install/armando_gazebo/share/armando_gazebo/hook/cmake_prefix_path.ps1'
[0.594s] INFO:colcon.colcon_core.shell:Creating environment descriptor '/home/telemaque/Robotics_Lab/ros2_ws/install/armando_gazebo/share/armando_gazebo/hook/cmake_prefix_path.dsv'
[0.595s] INFO:colcon.colcon_core.shell:Creating environment hook '/home/telemaque/Robotics_Lab/ros2_ws/install/armando_gazebo/share/armando_gazebo/hook/cmake_prefix_path.sh'
[0.597s] Level 1:colcon.colcon_core.environment:checking '/home/telemaque/Robotics_Lab/ros2_ws/install/armando_gazebo/bin'
[0.597s] Level 1:colcon.colcon_core.environment:checking '/home/telemaque/Robotics_Lab/ros2_ws/install/armando_gazebo/lib/pkgconfig/armando_gazebo.pc'
[0.598s] Level 1:colcon.colcon_core.environment:checking '/home/telemaque/Robotics_Lab/ros2_ws/install/armando_gazebo/lib/python3.10/site-packages'
[0.599s] Level 1:colcon.colcon_core.environment:checking '/home/telemaque/Robotics_Lab/ros2_ws/install/armando_gazebo/bin'
[0.599s] INFO:colcon.colcon_core.shell:Creating package script '/home/telemaque/Robotics_Lab/ros2_ws/install/armando_gazebo/share/armando_gazebo/package.ps1'
[0.601s] INFO:colcon.colcon_core.shell:Creating package descriptor '/home/telemaque/Robotics_Lab/ros2_ws/install/armando_gazebo/share/armando_gazebo/package.dsv'
[0.602s] INFO:colcon.colcon_core.shell:Creating package script '/home/telemaque/Robotics_Lab/ros2_ws/install/armando_gazebo/share/armando_gazebo/package.sh'
[0.604s] INFO:colcon.colcon_core.shell:Creating package script '/home/telemaque/Robotics_Lab/ros2_ws/install/armando_gazebo/share/armando_gazebo/package.bash'
[0.605s] INFO:colcon.colcon_core.shell:Creating package script '/home/telemaque/Robotics_Lab/ros2_ws/install/armando_gazebo/share/armando_gazebo/package.zsh'
[0.607s] Level 1:colcon.colcon_core.environment:create_file_with_runtime_dependencies(/home/telemaque/Robotics_Lab/ros2_ws/install/armando_gazebo/share/colcon-core/packages/armando_gazebo)
[0.610s] Level 1:colcon.colcon_core.environment:create_environment_scripts_only(iiwa_description)
[0.611s] Level 1:colcon.colcon_core.environment:checking '/home/telemaque/Robotics_Lab/ros2_ws/install/iiwa_description' for CMake module files
[0.615s] DEBUG:colcon.colcon_core.event_handler.log_command:Invoked command in '/home/telemaque/Robotics_Lab/ros2_ws/build/iiwa_description' returned '0': /usr/bin/cmake --install /home/telemaque/Robotics_Lab/ros2_ws/build/iiwa_description
[0.616s] Level 1:colcon.colcon_core.environment:checking '/home/telemaque/Robotics_Lab/ros2_ws/install/iiwa_description' for CMake config files
[0.619s] Level 1:colcon.colcon_core.shell:create_environment_hook('iiwa_description', 'cmake_prefix_path')
[0.620s] INFO:colcon.colcon_core.shell:Creating environment hook '/home/telemaque/Robotics_Lab/ros2_ws/install/iiwa_description/share/iiwa_description/hook/cmake_prefix_path.ps1'
[0.623s] INFO:colcon.colcon_core.shell:Creating environment descriptor '/home/telemaque/Robotics_Lab/ros2_ws/install/iiwa_description/share/iiwa_description/hook/cmake_prefix_path.dsv'
[0.624s] INFO:colcon.colcon_core.shell:Creating environment hook '/home/telemaque/Robotics_Lab/ros2_ws/install/iiwa_description/share/iiwa_description/hook/cmake_prefix_path.sh'
[0.627s] Level 1:colcon.colcon_core.environment:checking '/home/telemaque/Robotics_Lab/ros2_ws/install/iiwa_description/bin'
[0.627s] Level 1:colcon.colcon_core.environment:checking '/home/telemaque/Robotics_Lab/ros2_ws/install/iiwa_description/lib/pkgconfig/iiwa_description.pc'
[0.628s] Level 1:colcon.colcon_core.environment:checking '/home/telemaque/Robotics_Lab/ros2_ws/install/iiwa_description/lib/python3.10/site-packages'
[0.630s] Level 1:colcon.colcon_core.environment:checking '/home/telemaque/Robotics_Lab/ros2_ws/install/iiwa_description/bin'
[0.631s] INFO:colcon.colcon_core.shell:Creating package script '/home/telemaque/Robotics_Lab/ros2_ws/install/iiwa_description/share/iiwa_description/package.ps1'
[0.633s] INFO:colcon.colcon_core.shell:Creating package descriptor '/home/telemaque/Robotics_Lab/ros2_ws/install/iiwa_description/share/iiwa_description/package.dsv'
[0.636s] INFO:colcon.colcon_core.shell:Creating package script '/home/telemaque/Robotics_Lab/ros2_ws/install/iiwa_description/share/iiwa_description/package.sh'
[0.637s] INFO:colcon.colcon_core.shell:Creating package script '/home/telemaque/Robotics_Lab/ros2_ws/install/iiwa_description/share/iiwa_description/package.bash'
[0.639s] INFO:colcon.colcon_core.shell:Creating package script '/home/telemaque/Robotics_Lab/ros2_ws/install/iiwa_description/share/iiwa_description/package.zsh'
[0.641s] Level 1:colcon.colcon_core.environment:create_file_with_runtime_dependencies(/home/telemaque/Robotics_Lab/ros2_ws/install/iiwa_description/share/colcon-core/packages/iiwa_description)
[0.643s] Level 1:colcon.colcon_core.environment:create_environment_scripts_only(iiwa_description)
[0.644s] Level 1:colcon.colcon_core.environment:checking '/home/telemaque/Robotics_Lab/ros2_ws/install/iiwa_description' for CMake module files
[0.646s] Level 1:colcon.colcon_core.environment:checking '/home/telemaque/Robotics_Lab/ros2_ws/install/iiwa_description' for CMake config files
[0.649s] Level 1:colcon.colcon_core.shell:create_environment_hook('iiwa_description', 'cmake_prefix_path')
[0.650s] INFO:colcon.colcon_core.shell:Creating environment hook '/home/telemaque/Robotics_Lab/ros2_ws/install/iiwa_description/share/iiwa_description/hook/cmake_prefix_path.ps1'
[0.652s] INFO:colcon.colcon_core.shell:Creating environment descriptor '/home/telemaque/Robotics_Lab/ros2_ws/install/iiwa_description/share/iiwa_description/hook/cmake_prefix_path.dsv'
[0.653s] INFO:colcon.colcon_core.shell:Creating environment hook '/home/telemaque/Robotics_Lab/ros2_ws/install/iiwa_description/share/iiwa_description/hook/cmake_prefix_path.sh'
[0.655s] Level 1:colcon.colcon_core.environment:checking '/home/telemaque/Robotics_Lab/ros2_ws/install/iiwa_description/bin'
[0.655s] Level 1:colcon.colcon_core.environment:checking '/home/telemaque/Robotics_Lab/ros2_ws/install/iiwa_description/lib/pkgconfig/iiwa_description.pc'
[0.656s] Level 1:colcon.colcon_core.environment:checking '/home/telemaque/Robotics_Lab/ros2_ws/install/iiwa_description/lib/python3.10/site-packages'
[0.657s] Level 1:colcon.colcon_core.environment:checking '/home/telemaque/Robotics_Lab/ros2_ws/install/iiwa_description/bin'
[0.658s] INFO:colcon.colcon_core.shell:Creating package script '/home/telemaque/Robotics_Lab/ros2_ws/install/iiwa_description/share/iiwa_description/package.ps1'
[0.661s] INFO:colcon.colcon_core.shell:Creating package descriptor '/home/telemaque/Robotics_Lab/ros2_ws/install/iiwa_description/share/iiwa_description/package.dsv'
[0.662s] INFO:colcon.colcon_core.shell:Creating package script '/home/telemaque/Robotics_Lab/ros2_ws/install/iiwa_description/share/iiwa_description/package.sh'
[0.664s] INFO:colcon.colcon_core.shell:Creating package script '/home/telemaque/Robotics_Lab/ros2_ws/install/iiwa_description/share/iiwa_description/package.bash'
[0.665s] INFO:colcon.colcon_core.shell:Creating package script '/home/telemaque/Robotics_Lab/ros2_ws/install/iiwa_description/share/iiwa_description/package.zsh'
[0.666s] Level 1:colcon.colcon_core.environment:create_file_with_runtime_dependencies(/home/telemaque/Robotics_Lab/ros2_ws/install/iiwa_description/share/colcon-core/packages/iiwa_description)
[0.668s] INFO:colcon.colcon_ros.task.ament_cmake.build:Building ROS package in '/home/telemaque/Robotics_Lab/ros2_ws/src/ros2_iiwa/iiwa_bringup' with build type 'ament_cmake'
[0.669s] INFO:colcon.colcon_cmake.task.cmake.build:Building CMake package in '/home/telemaque/Robotics_Lab/ros2_ws/src/ros2_iiwa/iiwa_bringup'
[0.670s] INFO:colcon.colcon_core.shell:Skip shell extension 'powershell' for command environment: Not usable outside of PowerShell
[0.670s] DEBUG:colcon.colcon_core.shell:Skip shell extension 'dsv' for command environment
[0.677s] Level 1:colcon.colcon_core.environment:create_environment_scripts_only(armando_description)
[0.677s] Level 1:colcon.colcon_core.environment:checking '/home/telemaque/Robotics_Lab/ros2_ws/install/armando_description' for CMake module files
[0.679s] DEBUG:colcon.colcon_core.event_handler.log_command:Invoked command in '/home/telemaque/Robotics_Lab/ros2_ws/build/armando_description' returned '0': /usr/bin/cmake --install /home/telemaque/Robotics_Lab/ros2_ws/build/armando_description
[0.679s] Level 1:colcon.colcon_core.environment:checking '/home/telemaque/Robotics_Lab/ros2_ws/install/armando_description' for CMake config files
[0.680s] Level 1:colcon.colcon_core.shell:create_environment_hook('armando_description', 'cmake_prefix_path')
[0.681s] INFO:colcon.colcon_core.shell:Creating environment hook '/home/telemaque/Robotics_Lab/ros2_ws/install/armando_description/share/armando_description/hook/cmake_prefix_path.ps1'
[0.682s] INFO:colcon.colcon_core.shell:Creating environment descriptor '/home/telemaque/Robotics_Lab/ros2_ws/install/armando_description/share/armando_description/hook/cmake_prefix_path.dsv'
[0.683s] INFO:colcon.colcon_core.shell:Creating environment hook '/home/telemaque/Robotics_Lab/ros2_ws/install/armando_description/share/armando_description/hook/cmake_prefix_path.sh'
[0.684s] Level 1:colcon.colcon_core.environment:checking '/home/telemaque/Robotics_Lab/ros2_ws/install/armando_description/bin'
[0.685s] Level 1:colcon.colcon_core.environment:checking '/home/telemaque/Robotics_Lab/ros2_ws/install/armando_description/lib/pkgconfig/armando_description.pc'
[0.686s] Level 1:colcon.colcon_core.environment:checking '/home/telemaque/Robotics_Lab/ros2_ws/install/armando_description/lib/python3.10/site-packages'
[0.686s] Level 1:colcon.colcon_core.environment:checking '/home/telemaque/Robotics_Lab/ros2_ws/install/armando_description/bin'
[0.687s] INFO:colcon.colcon_core.shell:Creating package script '/home/telemaque/Robotics_Lab/ros2_ws/install/armando_description/share/armando_description/package.ps1'
[0.689s] INFO:colcon.colcon_core.shell:Creating package descriptor '/home/telemaque/Robotics_Lab/ros2_ws/install/armando_description/share/armando_description/package.dsv'
[0.690s] INFO:colcon.colcon_core.shell:Creating package script '/home/telemaque/Robotics_Lab/ros2_ws/install/armando_description/share/armando_description/package.sh'
[0.692s] INFO:colcon.colcon_core.shell:Creating package script '/home/telemaque/Robotics_Lab/ros2_ws/install/armando_description/share/armando_description/package.bash'
[0.693s] INFO:colcon.colcon_core.shell:Creating package script '/home/telemaque/Robotics_Lab/ros2_ws/install/armando_description/share/armando_description/package.zsh'
[0.695s] Level 1:colcon.colcon_core.environment:create_file_with_runtime_dependencies(/home/telemaque/Robotics_Lab/ros2_ws/install/armando_description/share/colcon-core/packages/armando_description)
[0.697s] Level 1:colcon.colcon_core.environment:create_environment_scripts_only(armando_description)
[0.697s] Level 1:colcon.colcon_core.environment:checking '/home/telemaque/Robotics_Lab/ros2_ws/install/armando_description' for CMake module files
[0.698s] Level 1:colcon.colcon_core.environment:checking '/home/telemaque/Robotics_Lab/ros2_ws/install/armando_description' for CMake config files
[0.699s] Level 1:colcon.colcon_core.shell:create_environment_hook('armando_description', 'cmake_prefix_path')
[0.700s] INFO:colcon.colcon_core.shell:Creating environment hook '/home/telemaque/Robotics_Lab/ros2_ws/install/armando_description/share/armando_description/hook/cmake_prefix_path.ps1'
[0.701s] INFO:colcon.colcon_core.shell:Creating environment descriptor '/home/telemaque/Robotics_Lab/ros2_ws/install/armando_description/share/armando_description/hook/cmake_prefix_path.dsv'
[0.701s] INFO:colcon.colcon_core.shell:Creating environment hook '/home/telemaque/Robotics_Lab/ros2_ws/install/armando_description/share/armando_description/hook/cmake_prefix_path.sh'
[0.702s] Level 1:colcon.colcon_core.environment:checking '/home/telemaque/Robotics_Lab/ros2_ws/install/armando_description/bin'
[0.703s] Level 1:colcon.colcon_core.environment:checking '/home/telemaque/Robotics_Lab/ros2_ws/install/armando_description/lib/pkgconfig/armando_description.pc'
[0.704s] Level 1:colcon.colcon_core.environment:checking '/home/telemaque/Robotics_Lab/ros2_ws/install/armando_description/lib/python3.10/site-packages'
[0.704s] Level 1:colcon.colcon_core.environment:checking '/home/telemaque/Robotics_Lab/ros2_ws/install/armando_description/bin'
[0.705s] INFO:colcon.colcon_core.shell:Creating package script '/home/telemaque/Robotics_Lab/ros2_ws/install/armando_description/share/armando_description/package.ps1'
[0.706s] INFO:colcon.colcon_core.shell:Creating package descriptor '/home/telemaque/Robotics_Lab/ros2_ws/install/armando_description/share/armando_description/package.dsv'
[0.707s] INFO:colcon.colcon_core.shell:Creating package script '/home/telemaque/Robotics_Lab/ros2_ws/install/armando_description/share/armando_description/package.sh'
[0.708s] INFO:colcon.colcon_core.shell:Creating package script '/home/telemaque/Robotics_Lab/ros2_ws/install/armando_description/share/armando_description/package.bash'
[0.709s] INFO:colcon.colcon_core.shell:Creating package script '/home/telemaque/Robotics_Lab/ros2_ws/install/armando_description/share/armando_description/package.zsh'
[0.710s] Level 1:colcon.colcon_core.environment:create_file_with_runtime_dependencies(/home/telemaque/Robotics_Lab/ros2_ws/install/armando_description/share/colcon-core/packages/armando_description)
[0.714s] DEBUG:colcon.colcon_core.event_handler.log_command:Invoked command in '/home/telemaque/Robotics_Lab/ros2_ws/build/external_torque_sensor_broadcaster' returned '0': /usr/bin/cmake --build /home/telemaque/Robotics_Lab/ros2_ws/build/external_torque_sensor_broadcaster -- -j12 -l12
[0.716s] DEBUG:colcon.colcon_core.event_handler.log_command:Invoking command in '/home/telemaque/Robotics_Lab/ros2_ws/build/external_torque_sensor_broadcaster': /usr/bin/cmake --install /home/telemaque/Robotics_Lab/ros2_ws/build/external_torque_sensor_broadcaster
[0.719s] DEBUG:colcon.colcon_core.event_handler.log_command:Invoked command in '/home/telemaque/Robotics_Lab/ros2_ws/build/armando_control' returned '0': /usr/bin/cmake --build /home/telemaque/Robotics_Lab/ros2_ws/build/armando_control -- -j12 -l12
[0.723s] DEBUG:colcon.colcon_core.event_handler.log_command:Invoking command in '/home/telemaque/Robotics_Lab/ros2_ws/build/armando_control': /usr/bin/cmake --install /home/telemaque/Robotics_Lab/ros2_ws/build/armando_control
[0.724s] DEBUG:colcon.colcon_core.event_handler.log_command:Invoked command in '/home/telemaque/Robotics_Lab/ros2_ws/build/impedance_controller' returned '0': /usr/bin/cmake --build /home/telemaque/Robotics_Lab/ros2_ws/build/impedance_controller -- -j12 -l12
[0.729s] DEBUG:colcon.colcon_core.event_handler.log_command:Invoking command in '/home/telemaque/Robotics_Lab/ros2_ws/build/impedance_controller': /usr/bin/cmake --install /home/telemaque/Robotics_Lab/ros2_ws/build/impedance_controller
[0.801s] Level 1:colcon.colcon_core.environment:create_environment_scripts_only(external_torque_sensor_broadcaster)
[0.802s] Level 1:colcon.colcon_core.environment:checking '/home/telemaque/Robotics_Lab/ros2_ws/install/external_torque_sensor_broadcaster' for CMake module files
[0.805s] DEBUG:colcon.colcon_core.event_handler.log_command:Invoking command in '/home/telemaque/Robotics_Lab/ros2_ws/build/iiwa_bringup': CMAKE_PREFIX_PATH=/home/telemaque/Robotics_Lab/ros2_ws/install/iiwa_description:/home/telemaque/Robotics_Lab/ros2_ws/install/ros2_kdl_package:/home/telemaque/Robotics_Lab/ros2_ws/install/impedance_controller:/home/telemaque/Robotics_Lab/ros2_ws/install/iiwa_bringup:/home/telemaque/Robotics_Lab/ros2_ws/install/external_torque_sensor_broadcaster:/home/telemaque/Robotics_Lab/ros2_ws/install/armando_gazebo:/home/telemaque/Robotics_Lab/ros2_ws/install/armando_description:/home/telemaque/Robotics_Lab/ros2_ws/install/armando_control GAZEBO_MODEL_PATH=/home/telemaque/Robotics_Lab/ros2_ws/install/iiwa_description/share/iiwa_description/meshes GAZEBO_RESOURCE_PATH=/home/telemaque/Robotics_Lab/ros2_ws/install/iiwa_description/share/iiwa_description/meshes GZ_SIM_RESOURCE_PATH=/home/telemaque/Robotics_Lab/ros2_ws/install/iiwa_description/share/iiwa_description/meshes IGN_GAZEBO_RESOURCE_PATH=/home/telemaque/Robotics_Lab/ros2_ws/install/iiwa_description/share/iiwa_description/meshes /usr/bin/cmake --build /home/telemaque/Robotics_Lab/ros2_ws/build/iiwa_bringup -- -j12 -l12
[0.808s] Level 1:colcon.colcon_core.environment:checking '/home/telemaque/Robotics_Lab/ros2_ws/install/external_torque_sensor_broadcaster' for CMake config files
[0.812s] Level 1:colcon.colcon_core.shell:create_environment_hook('external_torque_sensor_broadcaster', 'cmake_prefix_path')
[0.813s] INFO:colcon.colcon_core.shell:Creating environment hook '/home/telemaque/Robotics_Lab/ros2_ws/install/external_torque_sensor_broadcaster/share/external_torque_sensor_broadcaster/hook/cmake_prefix_path.ps1'
[0.816s] DEBUG:colcon.colcon_core.event_handler.log_command:Invoked command in '/home/telemaque/Robotics_Lab/ros2_ws/build/external_torque_sensor_broadcaster' returned '0': /usr/bin/cmake --install /home/telemaque/Robotics_Lab/ros2_ws/build/external_torque_sensor_broadcaster
[0.817s] INFO:colcon.colcon_core.shell:Creating environment descriptor '/home/telemaque/Robotics_Lab/ros2_ws/install/external_torque_sensor_broadcaster/share/external_torque_sensor_broadcaster/hook/cmake_prefix_path.dsv'
[0.820s] INFO:colcon.colcon_core.shell:Creating environment hook '/home/telemaque/Robotics_Lab/ros2_ws/install/external_torque_sensor_broadcaster/share/external_torque_sensor_broadcaster/hook/cmake_prefix_path.sh'
[0.823s] Level 1:colcon.colcon_core.environment:checking '/home/telemaque/Robotics_Lab/ros2_ws/install/external_torque_sensor_broadcaster/lib'
[0.824s] Level 1:colcon.colcon_core.shell:create_environment_hook('external_torque_sensor_broadcaster', 'ld_library_path_lib')
[0.825s] INFO:colcon.colcon_core.shell:Creating environment hook '/home/telemaque/Robotics_Lab/ros2_ws/install/external_torque_sensor_broadcaster/share/external_torque_sensor_broadcaster/hook/ld_library_path_lib.ps1'
[0.827s] INFO:colcon.colcon_core.shell:Creating environment descriptor '/home/telemaque/Robotics_Lab/ros2_ws/install/external_torque_sensor_broadcaster/share/external_torque_sensor_broadcaster/hook/ld_library_path_lib.dsv'
[0.828s] INFO:colcon.colcon_core.shell:Creating environment hook '/home/telemaque/Robotics_Lab/ros2_ws/install/external_torque_sensor_broadcaster/share/external_torque_sensor_broadcaster/hook/ld_library_path_lib.sh'
[0.830s] Level 1:colcon.colcon_core.environment:checking '/home/telemaque/Robotics_Lab/ros2_ws/install/external_torque_sensor_broadcaster/bin'
[0.830s] Level 1:colcon.colcon_core.environment:checking '/home/telemaque/Robotics_Lab/ros2_ws/install/external_torque_sensor_broadcaster/lib/pkgconfig/external_torque_sensor_broadcaster.pc'
[0.831s] Level 1:colcon.colcon_core.environment:checking '/home/telemaque/Robotics_Lab/ros2_ws/install/external_torque_sensor_broadcaster/lib/python3.10/site-packages'
[0.832s] Level 1:colcon.colcon_core.environment:checking '/home/telemaque/Robotics_Lab/ros2_ws/install/external_torque_sensor_broadcaster/bin'
[0.833s] INFO:colcon.colcon_core.shell:Creating package script '/home/telemaque/Robotics_Lab/ros2_ws/install/external_torque_sensor_broadcaster/share/external_torque_sensor_broadcaster/package.ps1'
[0.835s] INFO:colcon.colcon_core.shell:Creating package descriptor '/home/telemaque/Robotics_Lab/ros2_ws/install/external_torque_sensor_broadcaster/share/external_torque_sensor_broadcaster/package.dsv'
[0.836s] INFO:colcon.colcon_core.shell:Creating package script '/home/telemaque/Robotics_Lab/ros2_ws/install/external_torque_sensor_broadcaster/share/external_torque_sensor_broadcaster/package.sh'
[0.837s] INFO:colcon.colcon_core.shell:Creating package script '/home/telemaque/Robotics_Lab/ros2_ws/install/external_torque_sensor_broadcaster/share/external_torque_sensor_broadcaster/package.bash'
[0.838s] INFO:colcon.colcon_core.shell:Creating package script '/home/telemaque/Robotics_Lab/ros2_ws/install/external_torque_sensor_broadcaster/share/external_torque_sensor_broadcaster/package.zsh'
[0.840s] Level 1:colcon.colcon_core.environment:create_file_with_runtime_dependencies(/home/telemaque/Robotics_Lab/ros2_ws/install/external_torque_sensor_broadcaster/share/colcon-core/packages/external_torque_sensor_broadcaster)
[0.842s] Level 1:colcon.colcon_core.environment:create_environment_scripts_only(external_torque_sensor_broadcaster)
[0.843s] Level 1:colcon.colcon_core.environment:checking '/home/telemaque/Robotics_Lab/ros2_ws/install/external_torque_sensor_broadcaster' for CMake module files
[0.845s] Level 1:colcon.colcon_core.environment:checking '/home/telemaque/Robotics_Lab/ros2_ws/install/external_torque_sensor_broadcaster' for CMake config files
[0.846s] Level 1:colcon.colcon_core.shell:create_environment_hook('external_torque_sensor_broadcaster', 'cmake_prefix_path')
[0.847s] INFO:colcon.colcon_core.shell:Creating environment hook '/home/telemaque/Robotics_Lab/ros2_ws/install/external_torque_sensor_broadcaster/share/external_torque_sensor_broadcaster/hook/cmake_prefix_path.ps1'
[0.848s] INFO:colcon.colcon_core.shell:Creating environment descriptor '/home/telemaque/Robotics_Lab/ros2_ws/install/external_torque_sensor_broadcaster/share/external_torque_sensor_broadcaster/hook/cmake_prefix_path.dsv'
[0.850s] INFO:colcon.colcon_core.shell:Creating environment hook '/home/telemaque/Robotics_Lab/ros2_ws/install/external_torque_sensor_broadcaster/share/external_torque_sensor_broadcaster/hook/cmake_prefix_path.sh'
[0.853s] Level 1:colcon.colcon_core.environment:checking '/home/telemaque/Robotics_Lab/ros2_ws/install/external_torque_sensor_broadcaster/lib'
[0.853s] Level 1:colcon.colcon_core.shell:create_environment_hook('external_torque_sensor_broadcaster', 'ld_library_path_lib')
[0.854s] INFO:colcon.colcon_core.shell:Creating environment hook '/home/telemaque/Robotics_Lab/ros2_ws/install/external_torque_sensor_broadcaster/share/external_torque_sensor_broadcaster/hook/ld_library_path_lib.ps1'
[0.855s] INFO:colcon.colcon_core.shell:Creating environment descriptor '/home/telemaque/Robotics_Lab/ros2_ws/install/external_torque_sensor_broadcaster/share/external_torque_sensor_broadcaster/hook/ld_library_path_lib.dsv'
[0.857s] INFO:colcon.colcon_core.shell:Creating environment hook '/home/telemaque/Robotics_Lab/ros2_ws/install/external_torque_sensor_broadcaster/share/external_torque_sensor_broadcaster/hook/ld_library_path_lib.sh'
[0.859s] Level 1:colcon.colcon_core.environment:checking '/home/telemaque/Robotics_Lab/ros2_ws/install/external_torque_sensor_broadcaster/bin'
[0.859s] Level 1:colcon.colcon_core.environment:checking '/home/telemaque/Robotics_Lab/ros2_ws/install/external_torque_sensor_broadcaster/lib/pkgconfig/external_torque_sensor_broadcaster.pc'
[0.860s] Level 1:colcon.colcon_core.environment:checking '/home/telemaque/Robotics_Lab/ros2_ws/install/external_torque_sensor_broadcaster/lib/python3.10/site-packages'
[0.861s] Level 1:colcon.colcon_core.environment:checking '/home/telemaque/Robotics_Lab/ros2_ws/install/external_torque_sensor_broadcaster/bin'
[0.863s] INFO:colcon.colcon_core.shell:Creating package script '/home/telemaque/Robotics_Lab/ros2_ws/install/external_torque_sensor_broadcaster/share/external_torque_sensor_broadcaster/package.ps1'
[0.865s] INFO:colcon.colcon_core.shell:Creating package descriptor '/home/telemaque/Robotics_Lab/ros2_ws/install/external_torque_sensor_broadcaster/share/external_torque_sensor_broadcaster/package.dsv'
[0.866s] INFO:colcon.colcon_core.shell:Creating package script '/home/telemaque/Robotics_Lab/ros2_ws/install/external_torque_sensor_broadcaster/share/external_torque_sensor_broadcaster/package.sh'
[0.867s] INFO:colcon.colcon_core.shell:Creating package script '/home/telemaque/Robotics_Lab/ros2_ws/install/external_torque_sensor_broadcaster/share/external_torque_sensor_broadcaster/package.bash'
[0.869s] INFO:colcon.colcon_core.shell:Creating package script '/home/telemaque/Robotics_Lab/ros2_ws/install/external_torque_sensor_broadcaster/share/external_torque_sensor_broadcaster/package.zsh'
[0.870s] Level 1:colcon.colcon_core.environment:create_file_with_runtime_dependencies(/home/telemaque/Robotics_Lab/ros2_ws/install/external_torque_sensor_broadcaster/share/colcon-core/packages/external_torque_sensor_broadcaster)
[0.873s] Level 1:colcon.colcon_core.environment:create_environment_scripts_only(armando_control)
[0.874s] Level 1:colcon.colcon_core.environment:checking '/home/telemaque/Robotics_Lab/ros2_ws/install/armando_control' for CMake module files
[0.877s] DEBUG:colcon.colcon_core.event_handler.log_command:Invoked command in '/home/telemaque/Robotics_Lab/ros2_ws/build/armando_control' returned '0': /usr/bin/cmake --install /home/telemaque/Robotics_Lab/ros2_ws/build/armando_control
[0.878s] Level 1:colcon.colcon_core.environment:checking '/home/telemaque/Robotics_Lab/ros2_ws/install/armando_control' for CMake config files
[0.879s] Level 1:colcon.colcon_core.shell:create_environment_hook('armando_control', 'cmake_prefix_path')
[0.880s] INFO:colcon.colcon_core.shell:Creating environment hook '/home/telemaque/Robotics_Lab/ros2_ws/install/armando_control/share/armando_control/hook/cmake_prefix_path.ps1'
[0.882s] INFO:colcon.colcon_core.shell:Creating environment descriptor '/home/telemaque/Robotics_Lab/ros2_ws/install/armando_control/share/armando_control/hook/cmake_prefix_path.dsv'
[0.885s] INFO:colcon.colcon_core.shell:Creating environment hook '/home/telemaque/Robotics_Lab/ros2_ws/install/armando_control/share/armando_control/hook/cmake_prefix_path.sh'
[0.888s] Level 1:colcon.colcon_core.environment:checking '/home/telemaque/Robotics_Lab/ros2_ws/install/armando_control/lib'
[0.889s] Level 1:colcon.colcon_core.environment:checking '/home/telemaque/Robotics_Lab/ros2_ws/install/armando_control/bin'
[0.889s] Level 1:colcon.colcon_core.environment:checking '/home/telemaque/Robotics_Lab/ros2_ws/install/armando_control/lib/pkgconfig/armando_control.pc'
[0.889s] Level 1:colcon.colcon_core.environment:checking '/home/telemaque/Robotics_Lab/ros2_ws/install/armando_control/lib/python3.10/site-packages'
[0.890s] Level 1:colcon.colcon_core.environment:checking '/home/telemaque/Robotics_Lab/ros2_ws/install/armando_control/bin'
[0.891s] INFO:colcon.colcon_core.shell:Creating package script '/home/telemaque/Robotics_Lab/ros2_ws/install/armando_control/share/armando_control/package.ps1'
[0.894s] INFO:colcon.colcon_core.shell:Creating package descriptor '/home/telemaque/Robotics_Lab/ros2_ws/install/armando_control/share/armando_control/package.dsv'
[0.896s] INFO:colcon.colcon_core.shell:Creating package script '/home/telemaque/Robotics_Lab/ros2_ws/install/armando_control/share/armando_control/package.sh'
[0.899s] INFO:colcon.colcon_core.shell:Creating package script '/home/telemaque/Robotics_Lab/ros2_ws/install/armando_control/share/armando_control/package.bash'
[0.900s] INFO:colcon.colcon_core.shell:Creating package script '/home/telemaque/Robotics_Lab/ros2_ws/install/armando_control/share/armando_control/package.zsh'
[0.900s] Level 1:colcon.colcon_core.environment:create_file_with_runtime_dependencies(/home/telemaque/Robotics_Lab/ros2_ws/install/armando_control/share/colcon-core/packages/armando_control)
[0.902s] Level 1:colcon.colcon_core.environment:create_environment_scripts_only(armando_control)
[0.902s] Level 1:colcon.colcon_core.environment:checking '/home/telemaque/Robotics_Lab/ros2_ws/install/armando_control' for CMake module files
[0.903s] Level 1:colcon.colcon_core.environment:checking '/home/telemaque/Robotics_Lab/ros2_ws/install/armando_control' for CMake config files
[0.903s] Level 1:colcon.colcon_core.shell:create_environment_hook('armando_control', 'cmake_prefix_path')
[0.904s] INFO:colcon.colcon_core.shell:Creating environment hook '/home/telemaque/Robotics_Lab/ros2_ws/install/armando_control/share/armando_control/hook/cmake_prefix_path.ps1'
[0.905s] INFO:colcon.colcon_core.shell:Creating environment descriptor '/home/telemaque/Robotics_Lab/ros2_ws/install/armando_control/share/armando_control/hook/cmake_prefix_path.dsv'
[0.906s] INFO:colcon.colcon_core.shell:Creating environment hook '/home/telemaque/Robotics_Lab/ros2_ws/install/armando_control/share/armando_control/hook/cmake_prefix_path.sh'
[0.908s] Level 1:colcon.colcon_core.environment:checking '/home/telemaque/Robotics_Lab/ros2_ws/install/armando_control/lib'
[0.908s] Level 1:colcon.colcon_core.environment:checking '/home/telemaque/Robotics_Lab/ros2_ws/install/armando_control/bin'
[0.908s] Level 1:colcon.colcon_core.environment:checking '/home/telemaque/Robotics_Lab/ros2_ws/install/armando_control/lib/pkgconfig/armando_control.pc'
[0.909s] Level 1:colcon.colcon_core.environment:checking '/home/telemaque/Robotics_Lab/ros2_ws/install/armando_control/lib/python3.10/site-packages'
[0.910s] Level 1:colcon.colcon_core.environment:checking '/home/telemaque/Robotics_Lab/ros2_ws/install/armando_control/bin'
[0.911s] INFO:colcon.colcon_core.shell:Creating package script '/home/telemaque/Robotics_Lab/ros2_ws/install/armando_control/share/armando_control/package.ps1'
[0.912s] INFO:colcon.colcon_core.shell:Creating package descriptor '/home/telemaque/Robotics_Lab/ros2_ws/install/armando_control/share/armando_control/package.dsv'
[0.913s] INFO:colcon.colcon_core.shell:Creating package script '/home/telemaque/Robotics_Lab/ros2_ws/install/armando_control/share/armando_control/package.sh'
[0.914s] INFO:colcon.colcon_core.shell:Creating package script '/home/telemaque/Robotics_Lab/ros2_ws/install/armando_control/share/armando_control/package.bash'
[0.915s] INFO:colcon.colcon_core.shell:Creating package script '/home/telemaque/Robotics_Lab/ros2_ws/install/armando_control/share/armando_control/package.zsh'
[0.916s] Level 1:colcon.colcon_core.environment:create_file_with_runtime_dependencies(/home/telemaque/Robotics_Lab/ros2_ws/install/armando_control/share/colcon-core/packages/armando_control)
[0.919s] Level 1:colcon.colcon_core.environment:create_environment_scripts_only(impedance_controller)
[0.919s] Level 1:colcon.colcon_core.environment:checking '/home/telemaque/Robotics_Lab/ros2_ws/install/impedance_controller' for CMake module files
[0.922s] DEBUG:colcon.colcon_core.event_handler.log_command:Invoked command in '/home/telemaque/Robotics_Lab/ros2_ws/build/impedance_controller' returned '0': /usr/bin/cmake --install /home/telemaque/Robotics_Lab/ros2_ws/build/impedance_controller
[0.923s] Level 1:colcon.colcon_core.environment:checking '/home/telemaque/Robotics_Lab/ros2_ws/install/impedance_controller' for CMake config files
[0.923s] Level 1:colcon.colcon_core.shell:create_environment_hook('impedance_controller', 'cmake_prefix_path')
[0.924s] INFO:colcon.colcon_core.shell:Creating environment hook '/home/telemaque/Robotics_Lab/ros2_ws/install/impedance_controller/share/impedance_controller/hook/cmake_prefix_path.ps1'
[0.925s] INFO:colcon.colcon_core.shell:Creating environment descriptor '/home/telemaque/Robotics_Lab/ros2_ws/install/impedance_controller/share/impedance_controller/hook/cmake_prefix_path.dsv'
[0.926s] INFO:colcon.colcon_core.shell:Creating environment hook '/home/telemaque/Robotics_Lab/ros2_ws/install/impedance_controller/share/impedance_controller/hook/cmake_prefix_path.sh'
[0.927s] Level 1:colcon.colcon_core.environment:checking '/home/telemaque/Robotics_Lab/ros2_ws/install/impedance_controller/lib'
[0.928s] Level 1:colcon.colcon_core.shell:create_environment_hook('impedance_controller', 'ld_library_path_lib')
[0.928s] INFO:colcon.colcon_core.shell:Creating environment hook '/home/telemaque/Robotics_Lab/ros2_ws/install/impedance_controller/share/impedance_controller/hook/ld_library_path_lib.ps1'
[0.929s] INFO:colcon.colcon_core.shell:Creating environment descriptor '/home/telemaque/Robotics_Lab/ros2_ws/install/impedance_controller/share/impedance_controller/hook/ld_library_path_lib.dsv'
[0.930s] INFO:colcon.colcon_core.shell:Creating environment hook '/home/telemaque/Robotics_Lab/ros2_ws/install/impedance_controller/share/impedance_controller/hook/ld_library_path_lib.sh'
[0.930s] Level 1:colcon.colcon_core.environment:checking '/home/telemaque/Robotics_Lab/ros2_ws/install/impedance_controller/bin'
[0.931s] Level 1:colcon.colcon_core.environment:checking '/home/telemaque/Robotics_Lab/ros2_ws/install/impedance_controller/lib/pkgconfig/impedance_controller.pc'
[0.931s] Level 1:colcon.colcon_core.environment:checking '/home/telemaque/Robotics_Lab/ros2_ws/install/impedance_controller/lib/python3.10/site-packages'
[0.932s] Level 1:colcon.colcon_core.environment:checking '/home/telemaque/Robotics_Lab/ros2_ws/install/impedance_controller/bin'
[0.932s] INFO:colcon.colcon_core.shell:Creating package script '/home/telemaque/Robotics_Lab/ros2_ws/install/impedance_controller/share/impedance_controller/package.ps1'
[0.933s] INFO:colcon.colcon_core.shell:Creating package descriptor '/home/telemaque/Robotics_Lab/ros2_ws/install/impedance_controller/share/impedance_controller/package.dsv'
[0.934s] INFO:colcon.colcon_core.shell:Creating package script '/home/telemaque/Robotics_Lab/ros2_ws/install/impedance_controller/share/impedance_controller/package.sh'
[0.935s] INFO:colcon.colcon_core.shell:Creating package script '/home/telemaque/Robotics_Lab/ros2_ws/install/impedance_controller/share/impedance_controller/package.bash'
[0.936s] INFO:colcon.colcon_core.shell:Creating package script '/home/telemaque/Robotics_Lab/ros2_ws/install/impedance_controller/share/impedance_controller/package.zsh'
[0.936s] Level 1:colcon.colcon_core.environment:create_file_with_runtime_dependencies(/home/telemaque/Robotics_Lab/ros2_ws/install/impedance_controller/share/colcon-core/packages/impedance_controller)
[0.938s] Level 1:colcon.colcon_core.environment:create_environment_scripts_only(impedance_controller)
[0.938s] Level 1:colcon.colcon_core.environment:checking '/home/telemaque/Robotics_Lab/ros2_ws/install/impedance_controller' for CMake module files
[0.940s] Level 1:colcon.colcon_core.environment:checking '/home/telemaque/Robotics_Lab/ros2_ws/install/impedance_controller' for CMake config files
[0.940s] Level 1:colcon.colcon_core.shell:create_environment_hook('impedance_controller', 'cmake_prefix_path')
[0.941s] INFO:colcon.colcon_core.shell:Creating environment hook '/home/telemaque/Robotics_Lab/ros2_ws/install/impedance_controller/share/impedance_controller/hook/cmake_prefix_path.ps1'
[0.941s] INFO:colcon.colcon_core.shell:Creating environment descriptor '/home/telemaque/Robotics_Lab/ros2_ws/install/impedance_controller/share/impedance_controller/hook/cmake_prefix_path.dsv'
[0.942s] INFO:colcon.colcon_core.shell:Creating environment hook '/home/telemaque/Robotics_Lab/ros2_ws/install/impedance_controller/share/impedance_controller/hook/cmake_prefix_path.sh'
[0.943s] Level 1:colcon.colcon_core.environment:checking '/home/telemaque/Robotics_Lab/ros2_ws/install/impedance_controller/lib'
[0.943s] Level 1:colcon.colcon_core.shell:create_environment_hook('impedance_controller', 'ld_library_path_lib')
[0.943s] INFO:colcon.colcon_core.shell:Creating environment hook '/home/telemaque/Robotics_Lab/ros2_ws/install/impedance_controller/share/impedance_controller/hook/ld_library_path_lib.ps1'
[0.944s] INFO:colcon.colcon_core.shell:Creating environment descriptor '/home/telemaque/Robotics_Lab/ros2_ws/install/impedance_controller/share/impedance_controller/hook/ld_library_path_lib.dsv'
[0.945s] INFO:colcon.colcon_core.shell:Creating environment hook '/home/telemaque/Robotics_Lab/ros2_ws/install/impedance_controller/share/impedance_controller/hook/ld_library_path_lib.sh'
[0.946s] Level 1:colcon.colcon_core.environment:checking '/home/telemaque/Robotics_Lab/ros2_ws/install/impedance_controller/bin'
[0.946s] Level 1:colcon.colcon_core.environment:checking '/home/telemaque/Robotics_Lab/ros2_ws/install/impedance_controller/lib/pkgconfig/impedance_controller.pc'
[0.946s] Level 1:colcon.colcon_core.environment:checking '/home/telemaque/Robotics_Lab/ros2_ws/install/impedance_controller/lib/python3.10/site-packages'
[0.947s] Level 1:colcon.colcon_core.environment:checking '/home/telemaque/Robotics_Lab/ros2_ws/install/impedance_controller/bin'
[0.947s] INFO:colcon.colcon_core.shell:Creating package script '/home/telemaque/Robotics_Lab/ros2_ws/install/impedance_controller/share/impedance_controller/package.ps1'
[0.948s] INFO:colcon.colcon_core.shell:Creating package descriptor '/home/telemaque/Robotics_Lab/ros2_ws/install/impedance_controller/share/impedance_controller/package.dsv'
[0.949s] INFO:colcon.colcon_core.shell:Creating package script '/home/telemaque/Robotics_Lab/ros2_ws/install/impedance_controller/share/impedance_controller/package.sh'
[0.949s] INFO:colcon.colcon_core.shell:Creating package script '/home/telemaque/Robotics_Lab/ros2_ws/install/impedance_controller/share/impedance_controller/package.bash'
[0.950s] INFO:colcon.colcon_core.shell:Creating package script '/home/telemaque/Robotics_Lab/ros2_ws/install/impedance_controller/share/impedance_controller/package.zsh'
[0.950s] Level 1:colcon.colcon_core.environment:create_file_with_runtime_dependencies(/home/telemaque/Robotics_Lab/ros2_ws/install/impedance_controller/share/colcon-core/packages/impedance_controller)
[0.955s] DEBUG:colcon.colcon_core.event_handler.log_command:Invoked command in '/home/telemaque/Robotics_Lab/ros2_ws/build/iiwa_bringup' returned '0': CMAKE_PREFIX_PATH=/home/telemaque/Robotics_Lab/ros2_ws/install/iiwa_description:/home/telemaque/Robotics_Lab/ros2_ws/install/ros2_kdl_package:/home/telemaque/Robotics_Lab/ros2_ws/install/impedance_controller:/home/telemaque/Robotics_Lab/ros2_ws/install/iiwa_bringup:/home/telemaque/Robotics_Lab/ros2_ws/install/external_torque_sensor_broadcaster:/home/telemaque/Robotics_Lab/ros2_ws/install/armando_gazebo:/home/telemaque/Robotics_Lab/ros2_ws/install/armando_description:/home/telemaque/Robotics_Lab/ros2_ws/install/armando_control GAZEBO_MODEL_PATH=/home/telemaque/Robotics_Lab/ros2_ws/install/iiwa_description/share/iiwa_description/meshes GAZEBO_RESOURCE_PATH=/home/telemaque/Robotics_Lab/ros2_ws/install/iiwa_description/share/iiwa_description/meshes GZ_SIM_RESOURCE_PATH=/home/telemaque/Robotics_Lab/ros2_ws/install/iiwa_description/share/iiwa_description/meshes IGN_GAZEBO_RESOURCE_PATH=/home/telemaque/Robotics_Lab/ros2_ws/install/iiwa_description/share/iiwa_description/meshes /usr/bin/cmake --build /home/telemaque/Robotics_Lab/ros2_ws/build/iiwa_bringup -- -j12 -l12
[0.956s] DEBUG:colcon.colcon_core.event_handler.log_command:Invoking command in '/home/telemaque/Robotics_Lab/ros2_ws/build/iiwa_bringup': CMAKE_PREFIX_PATH=/home/telemaque/Robotics_Lab/ros2_ws/install/iiwa_description:/home/telemaque/Robotics_Lab/ros2_ws/install/ros2_kdl_package:/home/telemaque/Robotics_Lab/ros2_ws/install/impedance_controller:/home/telemaque/Robotics_Lab/ros2_ws/install/iiwa_bringup:/home/telemaque/Robotics_Lab/ros2_ws/install/external_torque_sensor_broadcaster:/home/telemaque/Robotics_Lab/ros2_ws/install/armando_gazebo:/home/telemaque/Robotics_Lab/ros2_ws/install/armando_description:/home/telemaque/Robotics_Lab/ros2_ws/install/armando_control GAZEBO_MODEL_PATH=/home/telemaque/Robotics_Lab/ros2_ws/install/iiwa_description/share/iiwa_description/meshes GAZEBO_RESOURCE_PATH=/home/telemaque/Robotics_Lab/ros2_ws/install/iiwa_description/share/iiwa_description/meshes GZ_SIM_RESOURCE_PATH=/home/telemaque/Robotics_Lab/ros2_ws/install/iiwa_description/share/iiwa_description/meshes IGN_GAZEBO_RESOURCE_PATH=/home/telemaque/Robotics_Lab/ros2_ws/install/iiwa_description/share/iiwa_description/meshes /usr/bin/cmake --install /home/telemaque/Robotics_Lab/ros2_ws/build/iiwa_bringup
[0.957s] DEBUG:colcon.colcon_core.event_handler.log_command:Invoked command in '/home/telemaque/Robotics_Lab/ros2_ws/build/ros2_kdl_package' returned '1': /usr/bin/cmake /home/telemaque/Robotics_Lab/ros2_ws/src/ros2_kdl_package -DAMENT_CMAKE_SYMLINK_INSTALL=1 -DCMAKE_INSTALL_PREFIX=/home/telemaque/Robotics_Lab/ros2_ws/install/ros2_kdl_package
[0.957s] Level 1:colcon.colcon_core.environment:create_environment_scripts_only(ros2_kdl_package)
[0.958s] Level 1:colcon.colcon_core.environment:checking '/home/telemaque/Robotics_Lab/ros2_ws/install/ros2_kdl_package' for CMake module files
[0.959s] Level 1:colcon.colcon_core.environment:checking '/home/telemaque/Robotics_Lab/ros2_ws/install/ros2_kdl_package' for CMake config files
[0.959s] Level 1:colcon.colcon_core.shell:create_environment_hook('ros2_kdl_package', 'cmake_prefix_path')
[0.959s] INFO:colcon.colcon_core.shell:Creating environment hook '/home/telemaque/Robotics_Lab/ros2_ws/install/ros2_kdl_package/share/ros2_kdl_package/hook/cmake_prefix_path.ps1'
[0.960s] INFO:colcon.colcon_core.shell:Creating environment descriptor '/home/telemaque/Robotics_Lab/ros2_ws/install/ros2_kdl_package/share/ros2_kdl_package/hook/cmake_prefix_path.dsv'
[0.961s] INFO:colcon.colcon_core.shell:Creating environment hook '/home/telemaque/Robotics_Lab/ros2_ws/install/ros2_kdl_package/share/ros2_kdl_package/hook/cmake_prefix_path.sh'
[0.962s] Level 1:colcon.colcon_core.environment:checking '/home/telemaque/Robotics_Lab/ros2_ws/install/ros2_kdl_package/lib'
[0.962s] Level 1:colcon.colcon_core.environment:checking '/home/telemaque/Robotics_Lab/ros2_ws/install/ros2_kdl_package/bin'
[0.962s] Level 1:colcon.colcon_core.environment:checking '/home/telemaque/Robotics_Lab/ros2_ws/install/ros2_kdl_package/lib/pkgconfig/ros2_kdl_package.pc'
[0.962s] Level 1:colcon.colcon_core.environment:checking '/home/telemaque/Robotics_Lab/ros2_ws/install/ros2_kdl_package/lib/python3.10/site-packages'
[0.963s] Level 1:colcon.colcon_core.environment:checking '/home/telemaque/Robotics_Lab/ros2_ws/install/ros2_kdl_package/bin'
[0.963s] INFO:colcon.colcon_core.shell:Creating package script '/home/telemaque/Robotics_Lab/ros2_ws/install/ros2_kdl_package/share/ros2_kdl_package/package.ps1'
[0.964s] INFO:colcon.colcon_core.shell:Creating package descriptor '/home/telemaque/Robotics_Lab/ros2_ws/install/ros2_kdl_package/share/ros2_kdl_package/package.dsv'
[0.965s] INFO:colcon.colcon_core.shell:Creating package script '/home/telemaque/Robotics_Lab/ros2_ws/install/ros2_kdl_package/share/ros2_kdl_package/package.sh'
[0.966s] INFO:colcon.colcon_core.shell:Creating package script '/home/telemaque/Robotics_Lab/ros2_ws/install/ros2_kdl_package/share/ros2_kdl_package/package.bash'
[0.966s] INFO:colcon.colcon_core.shell:Creating package script '/home/telemaque/Robotics_Lab/ros2_ws/install/ros2_kdl_package/share/ros2_kdl_package/package.zsh'
[0.967s] Level 1:colcon.colcon_core.environment:create_file_with_runtime_dependencies(/home/telemaque/Robotics_Lab/ros2_ws/install/ros2_kdl_package/share/colcon-core/packages/ros2_kdl_package)
[1.005s] DEBUG:colcon.colcon_parallel_executor.executor.parallel:closing loop
[1.005s] DEBUG:colcon.colcon_parallel_executor.executor.parallel:loop closed
[1.006s] DEBUG:colcon.colcon_parallel_executor.executor.parallel:run_until_complete finished with '1'
[1.006s] DEBUG:colcon.colcon_core.event_reactor:joining thread
[1.019s] INFO:colcon.colcon_core.plugin_system:Skipping extension 'colcon_notification.desktop_notification.terminal_notifier': Not used on non-Darwin systems
[1.019s] INFO:colcon.colcon_core.plugin_system:Skipping extension 'colcon_notification.desktop_notification.win32': Not used on non-Windows systems
[1.019s] INFO:colcon.colcon_notification.desktop_notification:Sending desktop notification using 'notify2'
[1.039s] DEBUG:colcon.colcon_core.event_reactor:joined thread
[1.040s] INFO:colcon.colcon_core.shell:Creating prefix script '/home/telemaque/Robotics_Lab/ros2_ws/install/local_setup.ps1'
[1.042s] INFO:colcon.colcon_core.shell:Creating prefix util module '/home/telemaque/Robotics_Lab/ros2_ws/install/_local_setup_util_ps1.py'
[1.044s] INFO:colcon.colcon_core.shell:Creating prefix chain script '/home/telemaque/Robotics_Lab/ros2_ws/install/setup.ps1'
[1.045s] INFO:colcon.colcon_core.shell:Creating prefix script '/home/telemaque/Robotics_Lab/ros2_ws/install/local_setup.sh'
[1.046s] INFO:colcon.colcon_core.shell:Creating prefix util module '/home/telemaque/Robotics_Lab/ros2_ws/install/_local_setup_util_sh.py'
[1.047s] INFO:colcon.colcon_core.shell:Creating prefix chain script '/home/telemaque/Robotics_Lab/ros2_ws/install/setup.sh'
[1.048s] INFO:colcon.colcon_core.shell:Creating prefix script '/home/telemaque/Robotics_Lab/ros2_ws/install/local_setup.bash'
[1.049s] INFO:colcon.colcon_core.shell:Creating prefix chain script '/home/telemaque/Robotics_Lab/ros2_ws/install/setup.bash'
[1.051s] INFO:colcon.colcon_core.shell:Creating prefix script '/home/telemaque/Robotics_Lab/ros2_ws/install/local_setup.zsh'
[1.051s] INFO:colcon.colcon_core.shell:Creating prefix chain script '/home/telemaque/Robotics_Lab/ros2_ws/install/setup.zsh'
