[0.045s] Invoking command in '/home/telemaque/Robotics_Lab/ros2_ws/build/armando_gazebo': CMAKE_PREFIX_PATH=${CMAKE_PREFIX_PATH}:/opt/ros/humble /usr/bin/cmake --build /home/telemaque/Robotics_Lab/ros2_ws/build/armando_gazebo -- -j12 -l12
[0.161s] Invoked command in '/home/telemaque/Robotics_Lab/ros2_ws/build/armando_gazebo' returned '0': CMAKE_PREFIX_PATH=${CMAKE_PREFIX_PATH}:/opt/ros/humble /usr/bin/cmake --build /home/telemaque/Robotics_Lab/ros2_ws/build/armando_gazebo -- -j12 -l12
[0.167s] Invoking command in '/home/telemaque/Robotics_Lab/ros2_ws/build/armando_gazebo': CMAKE_PREFIX_PATH=${CMAKE_PREFIX_PATH}:/opt/ros/humble /usr/bin/cmake --install /home/telemaque/Robotics_Lab/ros2_ws/build/armando_gazebo
[0.207s] -- Install configuration: ""
[0.207s] -- Execute custom install script
[0.212s] -- Up-to-date symlink: /home/telemaque/Robotics_Lab/ros2_ws/install/armando_gazebo/share/ament_index/resource_index/package_run_dependencies/armando_gazebo
[0.212s] -- Up-to-date symlink: /home/telemaque/Robotics_Lab/ros2_ws/install/armando_gazebo/share/ament_index/resource_index/parent_prefix_path/armando_gazebo
[0.216s] -- Up-to-date symlink: /home/telemaque/Robotics_Lab/ros2_ws/install/armando_gazebo/share/armando_gazebo/environment/ament_prefix_path.sh
[0.217s] -- Up-to-date symlink: /home/telemaque/Robotics_Lab/ros2_ws/install/armando_gazebo/share/armando_gazebo/environment/ament_prefix_path.dsv
[0.218s] -- Up-to-date symlink: /home/telemaque/Robotics_Lab/ros2_ws/install/armando_gazebo/share/armando_gazebo/environment/path.sh
[0.220s] -- Up-to-date symlink: /home/telemaque/Robotics_Lab/ros2_ws/install/armando_gazebo/share/armando_gazebo/environment/path.dsv
[0.222s] -- Up-to-date symlink: /home/telemaque/Robotics_Lab/ros2_ws/install/armando_gazebo/share/armando_gazebo/local_setup.bash
[0.225s] -- Up-to-date symlink: /home/telemaque/Robotics_Lab/ros2_ws/install/armando_gazebo/share/armando_gazebo/local_setup.sh
[0.228s] -- Up-to-date symlink: /home/telemaque/Robotics_Lab/ros2_ws/install/armando_gazebo/share/armando_gazebo/local_setup.zsh
[0.228s] -- Up-to-date symlink: /home/telemaque/Robotics_Lab/ros2_ws/install/armando_gazebo/share/armando_gazebo/local_setup.dsv
[0.229s] -- Symlinking: /home/telemaque/Robotics_Lab/ros2_ws/install/armando_gazebo/share/armando_gazebo/package.dsv
[0.237s] -- Up-to-date symlink: /home/telemaque/Robotics_Lab/ros2_ws/install/armando_gazebo/share/ament_index/resource_index/packages/armando_gazebo
[0.238s] -- Up-to-date symlink: /home/telemaque/Robotics_Lab/ros2_ws/install/armando_gazebo/share/armando_gazebo/cmake/armando_gazeboConfig.cmake
[0.239s] -- Up-to-date symlink: /home/telemaque/Robotics_Lab/ros2_ws/install/armando_gazebo/share/armando_gazebo/cmake/armando_gazeboConfig-version.cmake
[0.239s] -- Up-to-date symlink: /home/telemaque/Robotics_Lab/ros2_ws/install/armando_gazebo/share/armando_gazebo/package.xml
[0.356s] Invoked command in '/home/telemaque/Robotics_Lab/ros2_ws/build/armando_gazebo' returned '0': CMAKE_PREFIX_PATH=${CMAKE_PREFIX_PATH}:/opt/ros/humble /usr/bin/cmake --install /home/telemaque/Robotics_Lab/ros2_ws/build/armando_gazebo
