[0.109s] Invoking command in '/home/telemaque/Robotics_Lab/ros2_ws/build/iiwa_bringup': CMAKE_PREFIX_PATH=/home/telemaque/Robotics_Lab/ros2_ws/install/iiwa_description:/home/telemaque/Robotics_Lab/ros2_ws/install/impedance_controller:/home/telemaque/Robotics_Lab/ros2_ws/install/iiwa_bringup:/home/telemaque/Robotics_Lab/ros2_ws/install/external_torque_sensor_broadcaster:/home/telemaque/Robotics_Lab/ros2_ws/install/armando_gazebo:/home/telemaque/Robotics_Lab/ros2_ws/install/armando_description:/opt/ros/humble /usr/bin/cmake --build /home/telemaque/Robotics_Lab/ros2_ws/build/iiwa_bringup -- -j12 -l12
[0.220s] Invoked command in '/home/telemaque/Robotics_Lab/ros2_ws/build/iiwa_bringup' returned '0': CMAKE_PREFIX_PATH=/home/telemaque/Robotics_Lab/ros2_ws/install/iiwa_description:/home/telemaque/Robotics_Lab/ros2_ws/install/impedance_controller:/home/telemaque/Robotics_Lab/ros2_ws/install/iiwa_bringup:/home/telemaque/Robotics_Lab/ros2_ws/install/external_torque_sensor_broadcaster:/home/telemaque/Robotics_Lab/ros2_ws/install/armando_gazebo:/home/telemaque/Robotics_Lab/ros2_ws/install/armando_description:/opt/ros/humble /usr/bin/cmake --build /home/telemaque/Robotics_Lab/ros2_ws/build/iiwa_bringup -- -j12 -l12
[0.228s] Invoking command in '/home/telemaque/Robotics_Lab/ros2_ws/build/iiwa_bringup': CMAKE_PREFIX_PATH=/home/telemaque/Robotics_Lab/ros2_ws/install/iiwa_description:/home/telemaque/Robotics_Lab/ros2_ws/install/impedance_controller:/home/telemaque/Robotics_Lab/ros2_ws/install/iiwa_bringup:/home/telemaque/Robotics_Lab/ros2_ws/install/external_torque_sensor_broadcaster:/home/telemaque/Robotics_Lab/ros2_ws/install/armando_gazebo:/home/telemaque/Robotics_Lab/ros2_ws/install/armando_description:/opt/ros/humble /usr/bin/cmake --install /home/telemaque/Robotics_Lab/ros2_ws/build/iiwa_bringup
[0.247s] -- Install configuration: ""
[0.248s] -- Execute custom install script
[0.249s] -- Up-to-date symlink: /home/telemaque/Robotics_Lab/ros2_ws/install/iiwa_bringup/share/iiwa_bringup/launch/iiwa.launch.py
[0.249s] -- Up-to-date symlink: /home/telemaque/Robotics_Lab/ros2_ws/install/iiwa_bringup/share/iiwa_bringup/launch/iiwa_planning.launch.py
[0.250s] -- Up-to-date symlink: /home/telemaque/Robotics_Lab/ros2_ws/install/iiwa_bringup/share/iiwa_bringup/launch/iiwa_pose_tracking.launch.py
[0.250s] -- Up-to-date symlink: /home/telemaque/Robotics_Lab/ros2_ws/install/iiwa_bringup/share/iiwa_bringup/launch/iiwa_servoing.launch.py
[0.250s] -- Up-to-date symlink: /home/telemaque/Robotics_Lab/ros2_ws/install/iiwa_bringup/share/iiwa_bringup/launch/iiwa_test_joint_trajectory_controller.launch.py
[0.251s] -- Up-to-date symlink: /home/telemaque/Robotics_Lab/ros2_ws/install/iiwa_bringup/share/iiwa_bringup/launch/joy_servo_teleop.launch.py
[0.251s] -- Up-to-date symlink: /home/telemaque/Robotics_Lab/ros2_ws/install/iiwa_bringup/share/iiwa_bringup/config/test_trajectory_config.yaml
[0.252s] -- Up-to-date symlink: /home/telemaque/Robotics_Lab/ros2_ws/install/iiwa_bringup/share/ament_index/resource_index/package_run_dependencies/iiwa_bringup
[0.252s] -- Up-to-date symlink: /home/telemaque/Robotics_Lab/ros2_ws/install/iiwa_bringup/share/ament_index/resource_index/parent_prefix_path/iiwa_bringup
[0.253s] -- Up-to-date symlink: /home/telemaque/Robotics_Lab/ros2_ws/install/iiwa_bringup/share/iiwa_bringup/environment/ament_prefix_path.sh
[0.253s] -- Up-to-date symlink: /home/telemaque/Robotics_Lab/ros2_ws/install/iiwa_bringup/share/iiwa_bringup/environment/ament_prefix_path.dsv
[0.254s] -- Up-to-date symlink: /home/telemaque/Robotics_Lab/ros2_ws/install/iiwa_bringup/share/iiwa_bringup/environment/path.sh
[0.254s] -- Up-to-date symlink: /home/telemaque/Robotics_Lab/ros2_ws/install/iiwa_bringup/share/iiwa_bringup/environment/path.dsv
[0.255s] -- Up-to-date symlink: /home/telemaque/Robotics_Lab/ros2_ws/install/iiwa_bringup/share/iiwa_bringup/local_setup.bash
[0.255s] -- Up-to-date symlink: /home/telemaque/Robotics_Lab/ros2_ws/install/iiwa_bringup/share/iiwa_bringup/local_setup.sh
[0.255s] -- Up-to-date symlink: /home/telemaque/Robotics_Lab/ros2_ws/install/iiwa_bringup/share/iiwa_bringup/local_setup.zsh
[0.256s] -- Up-to-date symlink: /home/telemaque/Robotics_Lab/ros2_ws/install/iiwa_bringup/share/iiwa_bringup/local_setup.dsv
[0.256s] -- Symlinking: /home/telemaque/Robotics_Lab/ros2_ws/install/iiwa_bringup/share/iiwa_bringup/package.dsv
[0.280s] -- Up-to-date symlink: /home/telemaque/Robotics_Lab/ros2_ws/install/iiwa_bringup/share/ament_index/resource_index/packages/iiwa_bringup
[0.281s] -- Up-to-date symlink: /home/telemaque/Robotics_Lab/ros2_ws/install/iiwa_bringup/share/iiwa_bringup/cmake/iiwa_bringupConfig.cmake
[0.281s] -- Up-to-date symlink: /home/telemaque/Robotics_Lab/ros2_ws/install/iiwa_bringup/share/iiwa_bringup/cmake/iiwa_bringupConfig-version.cmake
[0.282s] -- Up-to-date symlink: /home/telemaque/Robotics_Lab/ros2_ws/install/iiwa_bringup/share/iiwa_bringup/package.xml
[0.288s] Invoked command in '/home/telemaque/Robotics_Lab/ros2_ws/build/iiwa_bringup' returned '0': CMAKE_PREFIX_PATH=/home/telemaque/Robotics_Lab/ros2_ws/install/iiwa_description:/home/telemaque/Robotics_Lab/ros2_ws/install/impedance_controller:/home/telemaque/Robotics_Lab/ros2_ws/install/iiwa_bringup:/home/telemaque/Robotics_Lab/ros2_ws/install/external_torque_sensor_broadcaster:/home/telemaque/Robotics_Lab/ros2_ws/install/armando_gazebo:/home/telemaque/Robotics_Lab/ros2_ws/install/armando_description:/opt/ros/humble /usr/bin/cmake --install /home/telemaque/Robotics_Lab/ros2_ws/build/iiwa_bringup
