[0.047s] Invoking command in '/home/telemaque/Robotics_Lab/ros2_ws/build/external_torque_sensor_broadcaster': /usr/bin/cmake --build /home/telemaque/Robotics_Lab/ros2_ws/build/external_torque_sensor_broadcaster -- -j12 -l12
[0.194s] [100%] Built target external_torque_sensor_broadcaster
[0.390s] Invoked command in '/home/telemaque/Robotics_Lab/ros2_ws/build/external_torque_sensor_broadcaster' returned '0': /usr/bin/cmake --build /home/telemaque/Robotics_Lab/ros2_ws/build/external_torque_sensor_broadcaster -- -j12 -l12
[0.393s] Invoking command in '/home/telemaque/Robotics_Lab/ros2_ws/build/external_torque_sensor_broadcaster': /usr/bin/cmake --install /home/telemaque/Robotics_Lab/ros2_ws/build/external_torque_sensor_broadcaster
[0.457s] -- Install configuration: ""
[0.464s] -- Execute custom install script
[0.465s] -- Up-to-date symlink: /home/telemaque/Robotics_Lab/ros2_ws/install/external_torque_sensor_broadcaster/share/external_torque_sensor_broadcaster//external_torque_sensor_broadcaster.xml
[0.465s] -- Up-to-date symlink: /home/telemaque/Robotics_Lab/ros2_ws/install/external_torque_sensor_broadcaster/lib/libexternal_torque_sensor_broadcaster.so
[0.466s] -- Up-to-date symlink: /home/telemaque/Robotics_Lab/ros2_ws/install/external_torque_sensor_broadcaster/include/external_torque_sensor_broadcaster/external_torque_sensor.hpp
[0.467s] -- Up-to-date symlink: /home/telemaque/Robotics_Lab/ros2_ws/install/external_torque_sensor_broadcaster/include/external_torque_sensor_broadcaster/external_torque_sensor_broadcaster.hpp
[0.467s] -- Up-to-date symlink: /home/telemaque/Robotics_Lab/ros2_ws/install/external_torque_sensor_broadcaster/include/external_torque_sensor_broadcaster/visibility_control.h
[0.468s] -- Up-to-date symlink: /home/telemaque/Robotics_Lab/ros2_ws/install/external_torque_sensor_broadcaster/share/external_torque_sensor_broadcaster/environment/library_path.sh
[0.468s] -- Up-to-date symlink: /home/telemaque/Robotics_Lab/ros2_ws/install/external_torque_sensor_broadcaster/share/external_torque_sensor_broadcaster/environment/library_path.dsv
[0.469s] -- Up-to-date symlink: /home/telemaque/Robotics_Lab/ros2_ws/install/external_torque_sensor_broadcaster/share/ament_index/resource_index/package_run_dependencies/external_torque_sensor_broadcaster
[0.469s] -- Up-to-date symlink: /home/telemaque/Robotics_Lab/ros2_ws/install/external_torque_sensor_broadcaster/share/ament_index/resource_index/parent_prefix_path/external_torque_sensor_broadcaster
[0.469s] -- Up-to-date symlink: /home/telemaque/Robotics_Lab/ros2_ws/install/external_torque_sensor_broadcaster/share/external_torque_sensor_broadcaster/environment/ament_prefix_path.sh
[0.470s] -- Up-to-date symlink: /home/telemaque/Robotics_Lab/ros2_ws/install/external_torque_sensor_broadcaster/share/external_torque_sensor_broadcaster/environment/ament_prefix_path.dsv
[0.470s] -- Up-to-date symlink: /home/telemaque/Robotics_Lab/ros2_ws/install/external_torque_sensor_broadcaster/share/external_torque_sensor_broadcaster/environment/path.sh
[0.471s] -- Up-to-date symlink: /home/telemaque/Robotics_Lab/ros2_ws/install/external_torque_sensor_broadcaster/share/external_torque_sensor_broadcaster/environment/path.dsv
[0.471s] -- Up-to-date symlink: /home/telemaque/Robotics_Lab/ros2_ws/install/external_torque_sensor_broadcaster/share/external_torque_sensor_broadcaster/local_setup.bash
[0.471s] -- Up-to-date symlink: /home/telemaque/Robotics_Lab/ros2_ws/install/external_torque_sensor_broadcaster/share/external_torque_sensor_broadcaster/local_setup.sh
[0.472s] -- Up-to-date symlink: /home/telemaque/Robotics_Lab/ros2_ws/install/external_torque_sensor_broadcaster/share/external_torque_sensor_broadcaster/local_setup.zsh
[0.472s] -- Up-to-date symlink: /home/telemaque/Robotics_Lab/ros2_ws/install/external_torque_sensor_broadcaster/share/external_torque_sensor_broadcaster/local_setup.dsv
[0.473s] -- Symlinking: /home/telemaque/Robotics_Lab/ros2_ws/install/external_torque_sensor_broadcaster/share/external_torque_sensor_broadcaster/package.dsv
[0.483s] -- Up-to-date symlink: /home/telemaque/Robotics_Lab/ros2_ws/install/external_torque_sensor_broadcaster/share/ament_index/resource_index/packages/external_torque_sensor_broadcaster
[0.484s] -- Up-to-date symlink: /home/telemaque/Robotics_Lab/ros2_ws/install/external_torque_sensor_broadcaster/share/ament_index/resource_index/controller_interface__pluginlib__plugin/external_torque_sensor_broadcaster
[0.485s] -- Up-to-date symlink: /home/telemaque/Robotics_Lab/ros2_ws/install/external_torque_sensor_broadcaster/share/external_torque_sensor_broadcaster/cmake/ament_cmake_export_include_directories-extras.cmake
[0.486s] -- Up-to-date symlink: /home/telemaque/Robotics_Lab/ros2_ws/install/external_torque_sensor_broadcaster/share/external_torque_sensor_broadcaster/cmake/ament_cmake_export_libraries-extras.cmake
[0.487s] -- Up-to-date symlink: /home/telemaque/Robotics_Lab/ros2_ws/install/external_torque_sensor_broadcaster/share/external_torque_sensor_broadcaster/cmake/ament_cmake_export_dependencies-extras.cmake
[0.488s] -- Up-to-date symlink: /home/telemaque/Robotics_Lab/ros2_ws/install/external_torque_sensor_broadcaster/share/external_torque_sensor_broadcaster/cmake/external_torque_sensor_broadcasterConfig.cmake
[0.490s] -- Up-to-date symlink: /home/telemaque/Robotics_Lab/ros2_ws/install/external_torque_sensor_broadcaster/share/external_torque_sensor_broadcaster/cmake/external_torque_sensor_broadcasterConfig-version.cmake
[0.491s] -- Up-to-date symlink: /home/telemaque/Robotics_Lab/ros2_ws/install/external_torque_sensor_broadcaster/share/external_torque_sensor_broadcaster/package.xml
[0.493s] Invoked command in '/home/telemaque/Robotics_Lab/ros2_ws/build/external_torque_sensor_broadcaster' returned '0': /usr/bin/cmake --install /home/telemaque/Robotics_Lab/ros2_ws/build/external_torque_sensor_broadcaster
