[35m[1mConsolidate compiler generated dependencies of target ros2_kdl_node[0m
[ 28%] Built target ros2_kdl_node_example
[100%] Built target ros2_kdl_node
-- Install configuration: ""
-- Execute custom install script
-- Up-to-date symlink: /home/telemaque/Robotics_Lab/ros2_ws/install/ros2_kdl_package/lib/ros2_kdl_package/ros2_kdl_node
-- Up-to-date symlink: /home/telemaque/Robotics_Lab/ros2_ws/install/ros2_kdl_package/share/ros2_kdl_package//launch/kdl_control.launch.py
-- Up-to-date symlink: /home/telemaque/Robotics_Lab/ros2_ws/install/ros2_kdl_package/lib/ros2_kdl_package/ros2_kdl_node_example
-- Up-to-date symlink: /home/telemaque/Robotics_Lab/ros2_ws/install/ros2_kdl_package/share/ament_index/resource_index/package_run_dependencies/ros2_kdl_package
-- Up-to-date symlink: /home/telemaque/Robotics_Lab/ros2_ws/install/ros2_kdl_package/share/ament_index/resource_index/parent_prefix_path/ros2_kdl_package
-- Up-to-date symlink: /home/telemaque/Robotics_Lab/ros2_ws/install/ros2_kdl_package/share/ros2_kdl_package/environment/ament_prefix_path.sh
-- Up-to-date symlink: /home/telemaque/Robotics_Lab/ros2_ws/install/ros2_kdl_package/share/ros2_kdl_package/environment/ament_prefix_path.dsv
-- Up-to-date symlink: /home/telemaque/Robotics_Lab/ros2_ws/install/ros2_kdl_package/share/ros2_kdl_package/environment/path.sh
-- Up-to-date symlink: /home/telemaque/Robotics_Lab/ros2_ws/install/ros2_kdl_package/share/ros2_kdl_package/environment/path.dsv
-- Up-to-date symlink: /home/telemaque/Robotics_Lab/ros2_ws/install/ros2_kdl_package/share/ros2_kdl_package/local_setup.bash
-- Up-to-date symlink: /home/telemaque/Robotics_Lab/ros2_ws/install/ros2_kdl_package/share/ros2_kdl_package/local_setup.sh
-- Up-to-date symlink: /home/telemaque/Robotics_Lab/ros2_ws/install/ros2_kdl_package/share/ros2_kdl_package/local_setup.zsh
-- Up-to-date symlink: /home/telemaque/Robotics_Lab/ros2_ws/install/ros2_kdl_package/share/ros2_kdl_package/local_setup.dsv
-- Symlinking: /home/telemaque/Robotics_Lab/ros2_ws/install/ros2_kdl_package/share/ros2_kdl_package/package.dsv
-- Up-to-date symlink: /home/telemaque/Robotics_Lab/ros2_ws/install/ros2_kdl_package/share/ament_index/resource_index/packages/ros2_kdl_package
-- Up-to-date symlink: /home/telemaque/Robotics_Lab/ros2_ws/install/ros2_kdl_package/share/ros2_kdl_package/cmake/ros2_kdl_packageConfig.cmake
-- Up-to-date symlink: /home/telemaque/Robotics_Lab/ros2_ws/install/ros2_kdl_package/share/ros2_kdl_package/cmake/ros2_kdl_packageConfig-version.cmake
-- Up-to-date symlink: /home/telemaque/Robotics_Lab/ros2_ws/install/ros2_kdl_package/share/ros2_kdl_package/package.xml
