[0.014s] Invoking command in '/home/telemaque/Robotics_Lab/ros2_ws/build/ros2_kdl_package': /usr/bin/cmake --build /home/telemaque/Robotics_Lab/ros2_ws/build/ros2_kdl_package -- -j12 -l12
[0.087s] [35m[1mConsolidate compiler generated dependencies of target ros2_kdl_node[0m
[0.108s] [ 28%] Built target ros2_kdl_node_example
[0.129s] [100%] Built target ros2_kdl_node
[0.149s] Invoked command in '/home/telemaque/Robotics_Lab/ros2_ws/build/ros2_kdl_package' returned '0': /usr/bin/cmake --build /home/telemaque/Robotics_Lab/ros2_ws/build/ros2_kdl_package -- -j12 -l12
[0.165s] Invoking command in '/home/telemaque/Robotics_Lab/ros2_ws/build/ros2_kdl_package': /usr/bin/cmake --install /home/telemaque/Robotics_Lab/ros2_ws/build/ros2_kdl_package
[0.179s] -- Install configuration: ""
[0.180s] -- Execute custom install script
[0.181s] -- Up-to-date symlink: /home/telemaque/Robotics_Lab/ros2_ws/install/ros2_kdl_package/lib/ros2_kdl_package/ros2_kdl_node
[0.181s] -- Up-to-date symlink: /home/telemaque/Robotics_Lab/ros2_ws/install/ros2_kdl_package/share/ros2_kdl_package//launch/kdl_control.launch.py
[0.182s] -- Up-to-date symlink: /home/telemaque/Robotics_Lab/ros2_ws/install/ros2_kdl_package/lib/ros2_kdl_package/ros2_kdl_node_example
[0.182s] -- Up-to-date symlink: /home/telemaque/Robotics_Lab/ros2_ws/install/ros2_kdl_package/share/ament_index/resource_index/package_run_dependencies/ros2_kdl_package
[0.182s] -- Up-to-date symlink: /home/telemaque/Robotics_Lab/ros2_ws/install/ros2_kdl_package/share/ament_index/resource_index/parent_prefix_path/ros2_kdl_package
[0.183s] -- Up-to-date symlink: /home/telemaque/Robotics_Lab/ros2_ws/install/ros2_kdl_package/share/ros2_kdl_package/environment/ament_prefix_path.sh
[0.183s] -- Up-to-date symlink: /home/telemaque/Robotics_Lab/ros2_ws/install/ros2_kdl_package/share/ros2_kdl_package/environment/ament_prefix_path.dsv
[0.184s] -- Up-to-date symlink: /home/telemaque/Robotics_Lab/ros2_ws/install/ros2_kdl_package/share/ros2_kdl_package/environment/path.sh
[0.184s] -- Up-to-date symlink: /home/telemaque/Robotics_Lab/ros2_ws/install/ros2_kdl_package/share/ros2_kdl_package/environment/path.dsv
[0.184s] -- Up-to-date symlink: /home/telemaque/Robotics_Lab/ros2_ws/install/ros2_kdl_package/share/ros2_kdl_package/local_setup.bash
[0.184s] -- Up-to-date symlink: /home/telemaque/Robotics_Lab/ros2_ws/install/ros2_kdl_package/share/ros2_kdl_package/local_setup.sh
[0.184s] -- Up-to-date symlink: /home/telemaque/Robotics_Lab/ros2_ws/install/ros2_kdl_package/share/ros2_kdl_package/local_setup.zsh
[0.185s] -- Up-to-date symlink: /home/telemaque/Robotics_Lab/ros2_ws/install/ros2_kdl_package/share/ros2_kdl_package/local_setup.dsv
[0.185s] -- Symlinking: /home/telemaque/Robotics_Lab/ros2_ws/install/ros2_kdl_package/share/ros2_kdl_package/package.dsv
[0.200s] -- Up-to-date symlink: /home/telemaque/Robotics_Lab/ros2_ws/install/ros2_kdl_package/share/ament_index/resource_index/packages/ros2_kdl_package
[0.200s] -- Up-to-date symlink: /home/telemaque/Robotics_Lab/ros2_ws/install/ros2_kdl_package/share/ros2_kdl_package/cmake/ros2_kdl_packageConfig.cmake
[0.200s] -- Up-to-date symlink: /home/telemaque/Robotics_Lab/ros2_ws/install/ros2_kdl_package/share/ros2_kdl_package/cmake/ros2_kdl_packageConfig-version.cmake
[0.200s] -- Up-to-date symlink: /home/telemaque/Robotics_Lab/ros2_ws/install/ros2_kdl_package/share/ros2_kdl_package/package.xml
[0.203s] Invoked command in '/home/telemaque/Robotics_Lab/ros2_ws/build/ros2_kdl_package' returned '0': /usr/bin/cmake --install /home/telemaque/Robotics_Lab/ros2_ws/build/ros2_kdl_package
