-- Install configuration: ""
-- Execute custom install script
-- Up-to-date symlink: /home/telemaque/Robotics_Lab/ros2_ws/install/armando_description/share/armando_description//launch/armando_display.launch.py
-- Up-to-date symlink: /home/telemaque/Robotics_Lab/ros2_ws/install/armando_description/share/armando_description//urdf/armando.urdf.xacro
-- Up-to-date symlink: /home/telemaque/Robotics_Lab/ros2_ws/install/armando_description/share/armando_description//urdf/armando_hardware_interface.xacro
-- Up-to-date symlink: /home/telemaque/Robotics_Lab/ros2_ws/install/armando_description/share/armando_description//meshes/base_legs_arbotix_m.stl
-- Up-to-date symlink: /home/telemaque/Robotics_Lab/ros2_ws/install/armando_description/share/armando_description//meshes/base_link.stl
-- Up-to-date symlink: /home/telemaque/Robotics_Lab/ros2_ws/install/armando_description/share/armando_description//meshes/base_turn.stl
-- Up-to-date symlink: /home/telemaque/Robotics_Lab/ros2_ws/install/armando_description/share/armando_description//meshes/base_turn_table.stl
-- Up-to-date symlink: /home/telemaque/Robotics_Lab/ros2_ws/install/armando_description/share/armando_description//meshes/base_turn_table_bot.stl
-- Up-to-date symlink: /home/telemaque/Robotics_Lab/ros2_ws/install/armando_description/share/armando_description//meshes/base_turn_table_rot.stl
-- Up-to-date symlink: /home/telemaque/Robotics_Lab/ros2_ws/install/armando_description/share/armando_description//meshes/base_turn_table_spacer.stl
-- Up-to-date symlink: /home/telemaque/Robotics_Lab/ros2_ws/install/armando_description/share/armando_description//meshes/dyn.stl
-- Up-to-date symlink: /home/telemaque/Robotics_Lab/ros2_ws/install/armando_description/share/armando_description//meshes/f4_n_f3.stl
-- Up-to-date symlink: /home/telemaque/Robotics_Lab/ros2_ws/install/armando_description/share/armando_description//meshes/inertia.py
-- Up-to-date symlink: /home/telemaque/Robotics_Lab/ros2_ws/install/armando_description/share/armando_description//meshes/servo_hinge_flange.stl
-- Up-to-date symlink: /home/telemaque/Robotics_Lab/ros2_ws/install/armando_description/share/armando_description//meshes/the_crawer.stl
-- Up-to-date symlink: /home/telemaque/Robotics_Lab/ros2_ws/install/armando_description/share/armando_description//meshes/the_crawer_base.stl
-- Up-to-date symlink: /home/telemaque/Robotics_Lab/ros2_ws/install/armando_description/share/armando_description//meshes/the_crawer_lever.stl
-- Up-to-date symlink: /home/telemaque/Robotics_Lab/ros2_ws/install/armando_description/share/armando_description//meshes/wrist.stl
-- Up-to-date symlink: /home/telemaque/Robotics_Lab/ros2_ws/install/armando_description/share/armando_description//meshes/wrist_rotate.stl
-- Up-to-date symlink: /home/telemaque/Robotics_Lab/ros2_ws/install/armando_description/share/armando_description//config/armando.rviz
-- Up-to-date symlink: /home/telemaque/Robotics_Lab/ros2_ws/install/armando_description/share/ament_index/resource_index/package_run_dependencies/armando_description
-- Up-to-date symlink: /home/telemaque/Robotics_Lab/ros2_ws/install/armando_description/share/ament_index/resource_index/parent_prefix_path/armando_description
-- Up-to-date symlink: /home/telemaque/Robotics_Lab/ros2_ws/install/armando_description/share/armando_description/environment/ament_prefix_path.sh
-- Up-to-date symlink: /home/telemaque/Robotics_Lab/ros2_ws/install/armando_description/share/armando_description/environment/ament_prefix_path.dsv
-- Up-to-date symlink: /home/telemaque/Robotics_Lab/ros2_ws/install/armando_description/share/armando_description/environment/path.sh
-- Up-to-date symlink: /home/telemaque/Robotics_Lab/ros2_ws/install/armando_description/share/armando_description/environment/path.dsv
-- Up-to-date symlink: /home/telemaque/Robotics_Lab/ros2_ws/install/armando_description/share/armando_description/local_setup.bash
-- Up-to-date symlink: /home/telemaque/Robotics_Lab/ros2_ws/install/armando_description/share/armando_description/local_setup.sh
-- Up-to-date symlink: /home/telemaque/Robotics_Lab/ros2_ws/install/armando_description/share/armando_description/local_setup.zsh
-- Up-to-date symlink: /home/telemaque/Robotics_Lab/ros2_ws/install/armando_description/share/armando_description/local_setup.dsv
-- Symlinking: /home/telemaque/Robotics_Lab/ros2_ws/install/armando_description/share/armando_description/package.dsv
-- Up-to-date symlink: /home/telemaque/Robotics_Lab/ros2_ws/install/armando_description/share/ament_index/resource_index/packages/armando_description
-- Up-to-date symlink: /home/telemaque/Robotics_Lab/ros2_ws/install/armando_description/share/armando_description/cmake/armando_descriptionConfig.cmake
-- Up-to-date symlink: /home/telemaque/Robotics_Lab/ros2_ws/install/armando_description/share/armando_description/cmake/armando_descriptionConfig-version.cmake
-- Up-to-date symlink: /home/telemaque/Robotics_Lab/ros2_ws/install/armando_description/share/armando_description/package.xml
