[0.065s] Invoking command in '/home/telemaque/Robotics_Lab/ros2_ws/build/ros2_kdl_package': /usr/bin/cmake /home/telemaque/Robotics_Lab/ros2_ws/src/ros2_kdl_package -DAMENT_CMAKE_SYMLINK_INSTALL=1 -DCMAKE_INSTALL_PREFIX=/home/telemaque/Robotics_Lab/ros2_ws/install/ros2_kdl_package
[0.099s] -- Found ament_cmake: 1.3.12 (/opt/ros/humble/share/ament_cmake/cmake)
[0.518s] Traceback (most recent call last):
[0.519s]   File "/opt/ros/humble/share/ament_cmake_core/cmake/package_templates/templates_2_cmake.py", line 21, in <module>
[0.520s]     from ament_package.templates import get_environment_hook_template_path
[0.520s] ModuleNotFoundError: No module named 'ament_package'
[0.551s] [31mCMake Error at /opt/ros/humble/share/ament_cmake_core/cmake/ament_cmake_package_templates-extras.cmake:41 (message):
[0.552s]   execute_process(/usr/bin/python3
[0.552s]   /opt/ros/humble/share/ament_cmake_core/cmake/package_templates/templates_2_cmake.py
[0.554s]   /home/telemaque/Robotics_Lab/ros2_ws/build/ros2_kdl_package/ament_cmake_package_templates/templates.cmake)
[0.555s]   returned error code 1
[0.555s] Call Stack (most recent call first):
[0.556s]   /opt/ros/humble/share/ament_cmake_core/cmake/ament_cmake_coreConfig.cmake:41 (include)
[0.560s]   /opt/ros/humble/share/ament_cmake/cmake/ament_cmake_export_dependencies-extras.cmake:15 (find_package)
[0.561s]   /opt/ros/humble/share/ament_cmake/cmake/ament_cmakeConfig.cmake:41 (include)
[0.562s]   CMakeLists.txt:9 (find_package)
[0.564s] 
[0.565s] [0m
[0.565s] -- Configuring incomplete, errors occurred!
[0.566s] See also "/home/telemaque/Robotics_Lab/ros2_ws/build/ros2_kdl_package/CMakeFiles/CMakeOutput.log".
[0.624s] Invoked command in '/home/telemaque/Robotics_Lab/ros2_ws/build/ros2_kdl_package' returned '1': /usr/bin/cmake /home/telemaque/Robotics_Lab/ros2_ws/src/ros2_kdl_package -DAMENT_CMAKE_SYMLINK_INSTALL=1 -DCMAKE_INSTALL_PREFIX=/home/telemaque/Robotics_Lab/ros2_ws/install/ros2_kdl_package
