[0.049s] Invoking command in '/home/telemaque/Robotics_Lab/ros2_ws/build/iiwa_description': CMAKE_PREFIX_PATH=${CMAKE_PREFIX_PATH}:/opt/ros/humble /usr/bin/cmake /home/telemaque/Robotics_Lab/ros2_ws/src/ros2_iiwa/iiwa_description -DAMENT_CMAKE_SYMLINK_INSTALL=1 -DCMAKE_INSTALL_PREFIX=/home/telemaque/Robotics_Lab/ros2_ws/install/iiwa_description
[0.193s] -- The C compiler identification is GNU 11.4.0
[0.336s] -- The CXX compiler identification is GNU 11.4.0
[0.359s] -- Detecting C compiler ABI info
[0.547s] -- Detecting C compiler ABI info - done
[0.573s] -- Check for working C compiler: /usr/bin/cc - skipped
[0.573s] -- Detecting C compile features
[0.574s] -- Detecting C compile features - done
[0.583s] -- Detecting CXX compiler ABI info
[0.820s] -- Detecting CXX compiler ABI info - done
[0.844s] -- Check for working CXX compiler: /usr/bin/c++ - skipped
[0.845s] -- Detecting CXX compile features
[0.846s] -- Detecting CXX compile features - done
[0.852s] -- Found ament_cmake: 1.3.12 (/opt/ros/humble/share/ament_cmake/cmake)
[1.324s] -- Found Python3: /usr/bin/python3 (found version "3.10.12") found components: Interpreter 
[1.532s] -- Override CMake install command with custom implementation using symlinks instead of copying resources
[1.582s] -- Found ament_cmake_gtest: 1.3.12 (/opt/ros/humble/share/ament_cmake_gtest/cmake)
[1.586s] -- Found ament_lint_auto: 0.12.14 (/opt/ros/humble/share/ament_lint_auto/cmake)
[1.779s] -- Added test 'copyright' to check source files copyright and LICENSE
[1.797s] -- Added test 'lint_cmake' to check CMake code style
[1.807s] -- Added test 'xmllint' to check XML markup files
[1.811s] -- Configuring done
[1.815s] -- Generating done
[1.819s] -- Build files have been written to: /home/telemaque/Robotics_Lab/ros2_ws/build/iiwa_description
[1.828s] Invoked command in '/home/telemaque/Robotics_Lab/ros2_ws/build/iiwa_description' returned '0': CMAKE_PREFIX_PATH=${CMAKE_PREFIX_PATH}:/opt/ros/humble /usr/bin/cmake /home/telemaque/Robotics_Lab/ros2_ws/src/ros2_iiwa/iiwa_description -DAMENT_CMAKE_SYMLINK_INSTALL=1 -DCMAKE_INSTALL_PREFIX=/home/telemaque/Robotics_Lab/ros2_ws/install/iiwa_description
[1.832s] Invoking command in '/home/telemaque/Robotics_Lab/ros2_ws/build/iiwa_description': CMAKE_PREFIX_PATH=${CMAKE_PREFIX_PATH}:/opt/ros/humble /usr/bin/cmake --build /home/telemaque/Robotics_Lab/ros2_ws/build/iiwa_description -- -j12 -l12
[1.932s] Invoked command in '/home/telemaque/Robotics_Lab/ros2_ws/build/iiwa_description' returned '0': CMAKE_PREFIX_PATH=${CMAKE_PREFIX_PATH}:/opt/ros/humble /usr/bin/cmake --build /home/telemaque/Robotics_Lab/ros2_ws/build/iiwa_description -- -j12 -l12
[1.939s] Invoking command in '/home/telemaque/Robotics_Lab/ros2_ws/build/iiwa_description': CMAKE_PREFIX_PATH=${CMAKE_PREFIX_PATH}:/opt/ros/humble /usr/bin/cmake --install /home/telemaque/Robotics_Lab/ros2_ws/build/iiwa_description
[1.955s] -- Install configuration: ""
[1.957s] -- Execute custom install script
[1.958s] -- Symlinking: /home/telemaque/Robotics_Lab/ros2_ws/install/iiwa_description/share/iiwa_description/urdf/iiwa.urdf.xacro
[1.983s] -- Symlinking: /home/telemaque/Robotics_Lab/ros2_ws/install/iiwa_description/share/iiwa_description/meshes/flex_fellow_h800/flex_fellow_h800.dae
[2.001s] -- Symlinking: /home/telemaque/Robotics_Lab/ros2_ws/install/iiwa_description/share/iiwa_description/meshes/flex_fellow_h800/flex_fellow_h800.stl
[2.019s] -- Symlinking: /home/telemaque/Robotics_Lab/ros2_ws/install/iiwa_description/share/iiwa_description/meshes/lbr_iiwa_14_r820/collision/base_link.stl
[2.042s] -- Symlinking: /home/telemaque/Robotics_Lab/ros2_ws/install/iiwa_description/share/iiwa_description/meshes/lbr_iiwa_14_r820/collision/link_1.stl
[2.068s] -- Symlinking: /home/telemaque/Robotics_Lab/ros2_ws/install/iiwa_description/share/iiwa_description/meshes/lbr_iiwa_14_r820/collision/link_2.stl
[2.090s] -- Symlinking: /home/telemaque/Robotics_Lab/ros2_ws/install/iiwa_description/share/iiwa_description/meshes/lbr_iiwa_14_r820/collision/link_3.stl
[2.108s] -- Symlinking: /home/telemaque/Robotics_Lab/ros2_ws/install/iiwa_description/share/iiwa_description/meshes/lbr_iiwa_14_r820/collision/link_4.stl
[2.127s] -- Symlinking: /home/telemaque/Robotics_Lab/ros2_ws/install/iiwa_description/share/iiwa_description/meshes/lbr_iiwa_14_r820/collision/link_5.stl
[2.150s] -- Symlinking: /home/telemaque/Robotics_Lab/ros2_ws/install/iiwa_description/share/iiwa_description/meshes/lbr_iiwa_14_r820/collision/link_6.stl
[2.172s] -- Symlinking: /home/telemaque/Robotics_Lab/ros2_ws/install/iiwa_description/share/iiwa_description/meshes/lbr_iiwa_14_r820/collision/link_7.stl
[2.192s] -- Symlinking: /home/telemaque/Robotics_Lab/ros2_ws/install/iiwa_description/share/iiwa_description/meshes/lbr_iiwa_14_r820/collision/link_7_2.stl
[2.215s] -- Symlinking: /home/telemaque/Robotics_Lab/ros2_ws/install/iiwa_description/share/iiwa_description/meshes/lbr_iiwa_14_r820/link_7_2.stl
[2.239s] -- Symlinking: /home/telemaque/Robotics_Lab/ros2_ws/install/iiwa_description/share/iiwa_description/meshes/lbr_iiwa_14_r820/visual/base_link.dae
[2.260s] -- Symlinking: /home/telemaque/Robotics_Lab/ros2_ws/install/iiwa_description/share/iiwa_description/meshes/lbr_iiwa_14_r820/visual/link_1.dae
[2.279s] -- Symlinking: /home/telemaque/Robotics_Lab/ros2_ws/install/iiwa_description/share/iiwa_description/meshes/lbr_iiwa_14_r820/visual/link_2.dae
[2.302s] -- Symlinking: /home/telemaque/Robotics_Lab/ros2_ws/install/iiwa_description/share/iiwa_description/meshes/lbr_iiwa_14_r820/visual/link_3.dae
[2.321s] -- Symlinking: /home/telemaque/Robotics_Lab/ros2_ws/install/iiwa_description/share/iiwa_description/meshes/lbr_iiwa_14_r820/visual/link_4.dae
[2.341s] -- Symlinking: /home/telemaque/Robotics_Lab/ros2_ws/install/iiwa_description/share/iiwa_description/meshes/lbr_iiwa_14_r820/visual/link_5.dae
[2.365s] -- Symlinking: /home/telemaque/Robotics_Lab/ros2_ws/install/iiwa_description/share/iiwa_description/meshes/lbr_iiwa_14_r820/visual/link_6.dae
[2.388s] -- Symlinking: /home/telemaque/Robotics_Lab/ros2_ws/install/iiwa_description/share/iiwa_description/meshes/lbr_iiwa_14_r820/visual/link_7.dae
[2.412s] -- Symlinking: /home/telemaque/Robotics_Lab/ros2_ws/install/iiwa_description/share/iiwa_description/meshes/lbr_iiwa_14_r820/visual/link_7_2.stl
[2.433s] -- Symlinking: /home/telemaque/Robotics_Lab/ros2_ws/install/iiwa_description/share/iiwa_description/gazebo/iiwa.gazebo.xacro
[2.454s] -- Symlinking: /home/telemaque/Robotics_Lab/ros2_ws/install/iiwa_description/share/iiwa_description/gazebo/models/arucotag/aruco-201.png
[2.479s] -- Symlinking: /home/telemaque/Robotics_Lab/ros2_ws/install/iiwa_description/share/iiwa_description/gazebo/models/arucotag/arucotag.png
[2.504s] -- Symlinking: /home/telemaque/Robotics_Lab/ros2_ws/install/iiwa_description/share/iiwa_description/gazebo/models/arucotag/model.config
[2.527s] -- Symlinking: /home/telemaque/Robotics_Lab/ros2_ws/install/iiwa_description/share/iiwa_description/gazebo/models/arucotag/model.sdf
[2.548s] -- Symlinking: /home/telemaque/Robotics_Lab/ros2_ws/install/iiwa_description/share/iiwa_description/gazebo/worlds/empty.world
[2.571s] -- Symlinking: /home/telemaque/Robotics_Lab/ros2_ws/install/iiwa_description/share/iiwa_description/rviz/iiwa.rviz
[2.598s] -- Symlinking: /home/telemaque/Robotics_Lab/ros2_ws/install/iiwa_description/share/iiwa_description/rviz/moveit.rviz
[2.623s] -- Symlinking: /home/telemaque/Robotics_Lab/ros2_ws/install/iiwa_description/share/iiwa_description/rviz/servo_rviz_config.rviz
[2.651s] -- Symlinking: /home/telemaque/Robotics_Lab/ros2_ws/install/iiwa_description/share/iiwa_description/ros2_control/iiwa.r2c_hardware.xacro
[2.678s] -- Symlinking: /home/telemaque/Robotics_Lab/ros2_ws/install/iiwa_description/share/iiwa_description/ros2_control/iiwa.r2c_hw_ds.xacro
[2.698s] -- Symlinking: /home/telemaque/Robotics_Lab/ros2_ws/install/iiwa_description/share/iiwa_description/config/base_frame.yaml
[2.717s] -- Symlinking: /home/telemaque/Robotics_Lab/ros2_ws/install/iiwa_description/share/iiwa_description/config/iiwa.config.xacro
[2.740s] -- Symlinking: /home/telemaque/Robotics_Lab/ros2_ws/install/iiwa_description/share/iiwa_description/config/iiwa_controllers.yaml
[2.764s] -- Symlinking: /home/telemaque/Robotics_Lab/ros2_ws/install/iiwa_description/share/iiwa_description/config/initial_positions.yaml
[2.789s] -- Symlinking: /home/telemaque/Robotics_Lab/ros2_ws/install/iiwa_description/share/iiwa_description/moveit2/iiwa_cartesian_limits.yaml
[2.812s] -- Symlinking: /home/telemaque/Robotics_Lab/ros2_ws/install/iiwa_description/share/iiwa_description/moveit2/iiwa_joint_limits.yaml
[2.835s] -- Symlinking: /home/telemaque/Robotics_Lab/ros2_ws/install/iiwa_description/share/iiwa_description/moveit2/iiwa_moveit2_pose_tracking_config.yaml
[2.858s] -- Symlinking: /home/telemaque/Robotics_Lab/ros2_ws/install/iiwa_description/share/iiwa_description/moveit2/iiwa_moveit2_pose_tracking_settings.yaml
[2.881s] -- Symlinking: /home/telemaque/Robotics_Lab/ros2_ws/install/iiwa_description/share/iiwa_description/moveit2/iiwa_moveit2_servo_config.yaml
[2.904s] -- Symlinking: /home/telemaque/Robotics_Lab/ros2_ws/install/iiwa_description/share/iiwa_description/moveit2/iiwa_moveit_controller_config.yaml
[2.927s] -- Symlinking: /home/telemaque/Robotics_Lab/ros2_ws/install/iiwa_description/share/iiwa_description/moveit2/kinematics.yaml
[2.950s] -- Symlinking: /home/telemaque/Robotics_Lab/ros2_ws/install/iiwa_description/share/iiwa_description/moveit2/ompl_planning.yaml
[2.971s] -- Symlinking: /home/telemaque/Robotics_Lab/ros2_ws/install/iiwa_description/share/iiwa_description/moveit2/planning_pipelines_config.yaml
[2.996s] -- Symlinking: /home/telemaque/Robotics_Lab/ros2_ws/install/iiwa_description/share/iiwa_description/srdf/iiwa.srdf.xacro
[3.020s] -- Symlinking: /home/telemaque/Robotics_Lab/ros2_ws/install/iiwa_description/share/iiwa_description/srdf/iiwa_macro.srdf.xacro
[3.044s] -- Symlinking: /home/telemaque/Robotics_Lab/ros2_ws/install/iiwa_description/share/iiwa_description/environment/iiwa_description.sh
[3.069s] -- Symlinking: /home/telemaque/Robotics_Lab/ros2_ws/install/iiwa_description/share/ament_index/resource_index/package_run_dependencies/iiwa_description
[3.094s] -- Symlinking: /home/telemaque/Robotics_Lab/ros2_ws/install/iiwa_description/share/ament_index/resource_index/parent_prefix_path/iiwa_description
[3.111s] -- Symlinking: /home/telemaque/Robotics_Lab/ros2_ws/install/iiwa_description/share/iiwa_description/environment/ament_prefix_path.sh
[3.131s] -- Symlinking: /home/telemaque/Robotics_Lab/ros2_ws/install/iiwa_description/share/iiwa_description/environment/ament_prefix_path.dsv
[3.149s] -- Symlinking: /home/telemaque/Robotics_Lab/ros2_ws/install/iiwa_description/share/iiwa_description/environment/path.sh
[3.172s] -- Symlinking: /home/telemaque/Robotics_Lab/ros2_ws/install/iiwa_description/share/iiwa_description/environment/path.dsv
[3.194s] -- Symlinking: /home/telemaque/Robotics_Lab/ros2_ws/install/iiwa_description/share/iiwa_description/local_setup.bash
[3.213s] -- Symlinking: /home/telemaque/Robotics_Lab/ros2_ws/install/iiwa_description/share/iiwa_description/local_setup.sh
[3.237s] -- Symlinking: /home/telemaque/Robotics_Lab/ros2_ws/install/iiwa_description/share/iiwa_description/local_setup.zsh
[3.262s] -- Symlinking: /home/telemaque/Robotics_Lab/ros2_ws/install/iiwa_description/share/iiwa_description/local_setup.dsv
[3.286s] -- Symlinking: /home/telemaque/Robotics_Lab/ros2_ws/install/iiwa_description/share/iiwa_description/package.dsv
[3.305s] -- Symlinking: /home/telemaque/Robotics_Lab/ros2_ws/install/iiwa_description/share/ament_index/resource_index/packages/iiwa_description
[3.326s] -- Symlinking: /home/telemaque/Robotics_Lab/ros2_ws/install/iiwa_description/share/iiwa_description/cmake/iiwa_descriptionConfig.cmake
[3.347s] -- Symlinking: /home/telemaque/Robotics_Lab/ros2_ws/install/iiwa_description/share/iiwa_description/cmake/iiwa_descriptionConfig-version.cmake
[3.366s] -- Symlinking: /home/telemaque/Robotics_Lab/ros2_ws/install/iiwa_description/share/iiwa_description/package.xml
[3.394s] Invoked command in '/home/telemaque/Robotics_Lab/ros2_ws/build/iiwa_description' returned '0': CMAKE_PREFIX_PATH=${CMAKE_PREFIX_PATH}:/opt/ros/humble /usr/bin/cmake --install /home/telemaque/Robotics_Lab/ros2_ws/build/iiwa_description
