[0.020s] Invoking command in '/home/telemaque/Robotics_Lab/homework_1/ros2_ws/build/armando_description': CMAKE_PREFIX_PATH=${CMAKE_PREFIX_PATH}:/opt/ros/humble /usr/bin/cmake /home/telemaque/Robotics_Lab/homework_1/ros2_ws/src/armando_description-main -DCMAKE_INSTALL_PREFIX=/home/telemaque/Robotics_Lab/homework_1/ros2_ws/install/armando_description
[0.121s] -- The C compiler identification is GNU 11.4.0
[0.226s] -- The CXX compiler identification is GNU 11.4.0
[0.239s] -- Detecting C compiler ABI info
[0.375s] -- Detecting C compiler ABI info - done
[0.388s] -- Check for working C compiler: /usr/bin/cc - skipped
[0.389s] -- Detecting C compile features
[0.389s] -- Detecting C compile features - done
[0.395s] -- Detecting CXX compiler ABI info
[0.530s] -- Detecting CXX compiler ABI info - done
[0.546s] -- Check for working CXX compiler: /usr/bin/c++ - skipped
[0.547s] -- Detecting CXX compile features
[0.548s] -- Detecting CXX compile features - done
[0.552s] -- Found ament_cmake: 1.3.12 (/opt/ros/humble/share/ament_cmake/cmake)
[0.843s] -- Found Python3: /usr/bin/python3 (found version "3.10.12") found components: Interpreter 
[0.988s] -- Found ament_lint_auto: 0.12.14 (/opt/ros/humble/share/ament_lint_auto/cmake)
[1.115s] -- Added test 'flake8' to check Python code syntax and style conventions
[1.115s] -- Added test 'lint_cmake' to check CMake code style
[1.116s] -- Added test 'pep257' to check Python code against some of the docstring style conventions in PEP 257
[1.118s] -- Added test 'xmllint' to check XML markup files
[1.120s] -- Configuring done
[1.124s] -- Generating done
[1.126s] -- Build files have been written to: /home/telemaque/Robotics_Lab/homework_1/ros2_ws/build/armando_description
[1.134s] Invoked command in '/home/telemaque/Robotics_Lab/homework_1/ros2_ws/build/armando_description' returned '0': CMAKE_PREFIX_PATH=${CMAKE_PREFIX_PATH}:/opt/ros/humble /usr/bin/cmake /home/telemaque/Robotics_Lab/homework_1/ros2_ws/src/armando_description-main -DCMAKE_INSTALL_PREFIX=/home/telemaque/Robotics_Lab/homework_1/ros2_ws/install/armando_description
[1.139s] Invoking command in '/home/telemaque/Robotics_Lab/homework_1/ros2_ws/build/armando_description': CMAKE_PREFIX_PATH=${CMAKE_PREFIX_PATH}:/opt/ros/humble /usr/bin/cmake --build /home/telemaque/Robotics_Lab/homework_1/ros2_ws/build/armando_description -- -j12 -l12
[1.209s] Invoked command in '/home/telemaque/Robotics_Lab/homework_1/ros2_ws/build/armando_description' returned '0': CMAKE_PREFIX_PATH=${CMAKE_PREFIX_PATH}:/opt/ros/humble /usr/bin/cmake --build /home/telemaque/Robotics_Lab/homework_1/ros2_ws/build/armando_description -- -j12 -l12
[1.230s] Invoking command in '/home/telemaque/Robotics_Lab/homework_1/ros2_ws/build/armando_description': CMAKE_PREFIX_PATH=${CMAKE_PREFIX_PATH}:/opt/ros/humble /usr/bin/cmake --install /home/telemaque/Robotics_Lab/homework_1/ros2_ws/build/armando_description
[1.242s] -- Install configuration: ""
[1.242s] -- Installing: /home/telemaque/Robotics_Lab/homework_1/ros2_ws/install/armando_description/share/armando_description//launch
[1.242s] -- Installing: /home/telemaque/Robotics_Lab/homework_1/ros2_ws/install/armando_description/share/armando_description//launch/armando_display.launch.py
[1.243s] -- Installing: /home/telemaque/Robotics_Lab/homework_1/ros2_ws/install/armando_description/share/armando_description//urdf
[1.243s] -- Installing: /home/telemaque/Robotics_Lab/homework_1/ros2_ws/install/armando_description/share/armando_description//urdf/armando_hardware_interface.xacro
[1.243s] -- Installing: /home/telemaque/Robotics_Lab/homework_1/ros2_ws/install/armando_description/share/armando_description//urdf/armando.urdf.xacro
[1.243s] -- Installing: /home/telemaque/Robotics_Lab/homework_1/ros2_ws/install/armando_description/share/armando_description//meshes
[1.243s] -- Installing: /home/telemaque/Robotics_Lab/homework_1/ros2_ws/install/armando_description/share/armando_description//meshes/base_turn_table_bot.stl
[1.246s] -- Installing: /home/telemaque/Robotics_Lab/homework_1/ros2_ws/install/armando_description/share/armando_description//meshes/servo_hinge_flange.stl
[1.247s] -- Installing: /home/telemaque/Robotics_Lab/homework_1/ros2_ws/install/armando_description/share/armando_description//meshes/the_crawer_lever.stl
[1.248s] -- Installing: /home/telemaque/Robotics_Lab/homework_1/ros2_ws/install/armando_description/share/armando_description//meshes/base_turn_table_spacer.stl
[1.249s] -- Installing: /home/telemaque/Robotics_Lab/homework_1/ros2_ws/install/armando_description/share/armando_description//meshes/f4_n_f3.stl
[1.250s] -- Installing: /home/telemaque/Robotics_Lab/homework_1/ros2_ws/install/armando_description/share/armando_description//meshes/wrist.stl
[1.252s] -- Installing: /home/telemaque/Robotics_Lab/homework_1/ros2_ws/install/armando_description/share/armando_description//meshes/base_turn_table.stl
[1.254s] -- Installing: /home/telemaque/Robotics_Lab/homework_1/ros2_ws/install/armando_description/share/armando_description//meshes/base_link.stl
[1.255s] -- Installing: /home/telemaque/Robotics_Lab/homework_1/ros2_ws/install/armando_description/share/armando_description//meshes/the_crawer.stl
[1.255s] -- Installing: /home/telemaque/Robotics_Lab/homework_1/ros2_ws/install/armando_description/share/armando_description//meshes/wrist_rotate.stl
[1.256s] -- Installing: /home/telemaque/Robotics_Lab/homework_1/ros2_ws/install/armando_description/share/armando_description//meshes/dyn.stl
[1.262s] -- Installing: /home/telemaque/Robotics_Lab/homework_1/ros2_ws/install/armando_description/share/armando_description//meshes/base_turn_table_rot.stl
[1.262s] -- Installing: /home/telemaque/Robotics_Lab/homework_1/ros2_ws/install/armando_description/share/armando_description//meshes/base_turn.stl
[1.263s] -- Installing: /home/telemaque/Robotics_Lab/homework_1/ros2_ws/install/armando_description/share/armando_description//meshes/inertia.py
[1.263s] -- Installing: /home/telemaque/Robotics_Lab/homework_1/ros2_ws/install/armando_description/share/armando_description//meshes/base_legs_arbotix_m.stl
[1.268s] -- Installing: /home/telemaque/Robotics_Lab/homework_1/ros2_ws/install/armando_description/share/armando_description//meshes/the_crawer_base.stl
[1.269s] -- Installing: /home/telemaque/Robotics_Lab/homework_1/ros2_ws/install/armando_description/share/armando_description//config
[1.269s] -- Installing: /home/telemaque/Robotics_Lab/homework_1/ros2_ws/install/armando_description/share/armando_description//config/armando.rviz
[1.269s] -- Installing: /home/telemaque/Robotics_Lab/homework_1/ros2_ws/install/armando_description/share/ament_index/resource_index/package_run_dependencies/armando_description
[1.270s] -- Installing: /home/telemaque/Robotics_Lab/homework_1/ros2_ws/install/armando_description/share/ament_index/resource_index/parent_prefix_path/armando_description
[1.270s] -- Installing: /home/telemaque/Robotics_Lab/homework_1/ros2_ws/install/armando_description/share/armando_description/environment/ament_prefix_path.sh
[1.270s] -- Installing: /home/telemaque/Robotics_Lab/homework_1/ros2_ws/install/armando_description/share/armando_description/environment/ament_prefix_path.dsv
[1.270s] -- Installing: /home/telemaque/Robotics_Lab/homework_1/ros2_ws/install/armando_description/share/armando_description/environment/path.sh
[1.271s] -- Installing: /home/telemaque/Robotics_Lab/homework_1/ros2_ws/install/armando_description/share/armando_description/environment/path.dsv
[1.271s] -- Installing: /home/telemaque/Robotics_Lab/homework_1/ros2_ws/install/armando_description/share/armando_description/local_setup.bash
[1.271s] -- Installing: /home/telemaque/Robotics_Lab/homework_1/ros2_ws/install/armando_description/share/armando_description/local_setup.sh
[1.271s] -- Installing: /home/telemaque/Robotics_Lab/homework_1/ros2_ws/install/armando_description/share/armando_description/local_setup.zsh
[1.271s] -- Installing: /home/telemaque/Robotics_Lab/homework_1/ros2_ws/install/armando_description/share/armando_description/local_setup.dsv
[1.272s] -- Installing: /home/telemaque/Robotics_Lab/homework_1/ros2_ws/install/armando_description/share/armando_description/package.dsv
[1.272s] -- Installing: /home/telemaque/Robotics_Lab/homework_1/ros2_ws/install/armando_description/share/ament_index/resource_index/packages/armando_description
[1.272s] -- Installing: /home/telemaque/Robotics_Lab/homework_1/ros2_ws/install/armando_description/share/armando_description/cmake/armando_descriptionConfig.cmake
[1.272s] -- Installing: /home/telemaque/Robotics_Lab/homework_1/ros2_ws/install/armando_description/share/armando_description/cmake/armando_descriptionConfig-version.cmake
[1.272s] -- Installing: /home/telemaque/Robotics_Lab/homework_1/ros2_ws/install/armando_description/share/armando_description/package.xml
[1.275s] Invoked command in '/home/telemaque/Robotics_Lab/homework_1/ros2_ws/build/armando_description' returned '0': CMAKE_PREFIX_PATH=${CMAKE_PREFIX_PATH}:/opt/ros/humble /usr/bin/cmake --install /home/telemaque/Robotics_Lab/homework_1/ros2_ws/build/armando_description
