[0.154s] DEBUG:colcon:Command line arguments: ['/usr/bin/colcon', 'build', '--packages-select', 'ros2_kdl_package']
[0.154s] DEBUG:colcon:Parsed command line arguments: Namespace(log_base=None, log_level=None, verb_name='build', build_base='build', install_base='install', merge_install=False, symlink_install=False, test_result_base=None, continue_on_error=False, executor='parallel', parallel_workers=12, event_handlers=None, ignore_user_meta=False, metas=['./colcon.meta'], base_paths=['.'], packages_ignore=None, packages_ignore_regex=None, paths=None, packages_up_to=None, packages_up_to_regex=None, packages_above=None, packages_above_and_dependencies=None, packages_above_depth=None, packages_select_by_dep=None, packages_skip_by_dep=None, packages_skip_up_to=None, packages_select_build_failed=False, packages_skip_build_finished=False, packages_select_test_failures=False, packages_skip_test_passed=False, packages_select=['ros2_kdl_package'], packages_skip=None, packages_select_regex=None, packages_skip_regex=None, packages_start=None, packages_end=None, allow_overriding=[], cmake_args=None, cmake_target=None, cmake_target_skip_unavailable=False, cmake_clean_cache=False, cmake_clean_first=False, cmake_force_configure=False, ament_cmake_args=None, catkin_cmake_args=None, catkin_skip_building_tests=False, verb_parser=<colcon_defaults.argument_parser.defaults.DefaultArgumentsDecorator object at 0x73eef6227be0>, verb_extension=<colcon_core.verb.build.BuildVerb object at 0x73eef63080d0>, main=<bound method BuildVerb.main of <colcon_core.verb.build.BuildVerb object at 0x73eef63080d0>>)
[0.326s] Level 1:colcon.colcon_core.package_discovery:discover_packages(colcon_meta) check parameters
[0.326s] Level 1:colcon.colcon_core.package_discovery:discover_packages(recursive) check parameters
[0.327s] Level 1:colcon.colcon_core.package_discovery:discover_packages(ignore) check parameters
[0.327s] Level 1:colcon.colcon_core.package_discovery:discover_packages(path) check parameters
[0.327s] Level 1:colcon.colcon_core.package_discovery:discover_packages(colcon_meta) discover
[0.327s] Level 1:colcon.colcon_core.package_discovery:discover_packages(recursive) discover
[0.327s] INFO:colcon.colcon_core.package_discovery:Crawling recursively for packages in '/home/telemaque/Robotics_Lab/ros2_ws'
[0.327s] Level 1:colcon.colcon_core.package_identification:_identify(.) by extensions ['ignore', 'ignore_ament_install']
[0.327s] Level 1:colcon.colcon_core.package_identification:_identify(.) by extension 'ignore'
[0.327s] Level 1:colcon.colcon_core.package_identification:_identify(.) by extension 'ignore_ament_install'
[0.327s] Level 1:colcon.colcon_core.package_identification:_identify(.) by extensions ['colcon_pkg']
[0.327s] Level 1:colcon.colcon_core.package_identification:_identify(.) by extension 'colcon_pkg'
[0.327s] Level 1:colcon.colcon_core.package_identification:_identify(.) by extensions ['colcon_meta']
[0.327s] Level 1:colcon.colcon_core.package_identification:_identify(.) by extension 'colcon_meta'
[0.327s] Level 1:colcon.colcon_core.package_identification:_identify(.) by extensions ['ros']
[0.327s] Level 1:colcon.colcon_core.package_identification:_identify(.) by extension 'ros'
[0.340s] Level 1:colcon.colcon_core.package_identification:_identify(.) by extensions ['cmake', 'python']
[0.340s] Level 1:colcon.colcon_core.package_identification:_identify(.) by extension 'cmake'
[0.340s] Level 1:colcon.colcon_core.package_identification:_identify(.) by extension 'python'
[0.340s] Level 1:colcon.colcon_core.package_identification:_identify(.) by extensions ['python_setup_py']
[0.340s] Level 1:colcon.colcon_core.package_identification:_identify(.) by extension 'python_setup_py'
[0.340s] Level 1:colcon.colcon_core.package_identification:_identify(build) by extensions ['ignore', 'ignore_ament_install']
[0.340s] Level 1:colcon.colcon_core.package_identification:_identify(build) by extension 'ignore'
[0.340s] Level 1:colcon.colcon_core.package_identification:_identify(build) ignored
[0.341s] Level 1:colcon.colcon_core.package_identification:_identify(install) by extensions ['ignore', 'ignore_ament_install']
[0.341s] Level 1:colcon.colcon_core.package_identification:_identify(install) by extension 'ignore'
[0.341s] Level 1:colcon.colcon_core.package_identification:_identify(install) ignored
[0.341s] Level 1:colcon.colcon_core.package_identification:_identify(log) by extensions ['ignore', 'ignore_ament_install']
[0.341s] Level 1:colcon.colcon_core.package_identification:_identify(log) by extension 'ignore'
[0.341s] Level 1:colcon.colcon_core.package_identification:_identify(log) ignored
[0.341s] Level 1:colcon.colcon_core.package_identification:_identify(src) by extensions ['ignore', 'ignore_ament_install']
[0.341s] Level 1:colcon.colcon_core.package_identification:_identify(src) by extension 'ignore'
[0.341s] Level 1:colcon.colcon_core.package_identification:_identify(src) by extension 'ignore_ament_install'
[0.341s] Level 1:colcon.colcon_core.package_identification:_identify(src) by extensions ['colcon_pkg']
[0.341s] Level 1:colcon.colcon_core.package_identification:_identify(src) by extension 'colcon_pkg'
[0.341s] Level 1:colcon.colcon_core.package_identification:_identify(src) by extensions ['colcon_meta']
[0.341s] Level 1:colcon.colcon_core.package_identification:_identify(src) by extension 'colcon_meta'
[0.341s] Level 1:colcon.colcon_core.package_identification:_identify(src) by extensions ['ros']
[0.341s] Level 1:colcon.colcon_core.package_identification:_identify(src) by extension 'ros'
[0.341s] Level 1:colcon.colcon_core.package_identification:_identify(src) by extensions ['cmake', 'python']
[0.342s] Level 1:colcon.colcon_core.package_identification:_identify(src) by extension 'cmake'
[0.342s] Level 1:colcon.colcon_core.package_identification:_identify(src) by extension 'python'
[0.342s] Level 1:colcon.colcon_core.package_identification:_identify(src) by extensions ['python_setup_py']
[0.342s] Level 1:colcon.colcon_core.package_identification:_identify(src) by extension 'python_setup_py'
[0.342s] Level 1:colcon.colcon_core.package_identification:_identify(src/armando_control) by extensions ['ignore', 'ignore_ament_install']
[0.342s] Level 1:colcon.colcon_core.package_identification:_identify(src/armando_control) by extension 'ignore'
[0.342s] Level 1:colcon.colcon_core.package_identification:_identify(src/armando_control) by extension 'ignore_ament_install'
[0.342s] Level 1:colcon.colcon_core.package_identification:_identify(src/armando_control) by extensions ['colcon_pkg']
[0.342s] Level 1:colcon.colcon_core.package_identification:_identify(src/armando_control) by extension 'colcon_pkg'
[0.342s] Level 1:colcon.colcon_core.package_identification:_identify(src/armando_control) by extensions ['colcon_meta']
[0.342s] Level 1:colcon.colcon_core.package_identification:_identify(src/armando_control) by extension 'colcon_meta'
[0.342s] Level 1:colcon.colcon_core.package_identification:_identify(src/armando_control) by extensions ['ros']
[0.342s] Level 1:colcon.colcon_core.package_identification:_identify(src/armando_control) by extension 'ros'
[0.345s] DEBUG:colcon.colcon_core.package_identification:Package 'src/armando_control' with type 'ros.ament_cmake' and name 'armando_control'
[0.345s] Level 1:colcon.colcon_core.package_identification:_identify(src/armando_description-main) by extensions ['ignore', 'ignore_ament_install']
[0.345s] Level 1:colcon.colcon_core.package_identification:_identify(src/armando_description-main) by extension 'ignore'
[0.345s] Level 1:colcon.colcon_core.package_identification:_identify(src/armando_description-main) by extension 'ignore_ament_install'
[0.346s] Level 1:colcon.colcon_core.package_identification:_identify(src/armando_description-main) by extensions ['colcon_pkg']
[0.346s] Level 1:colcon.colcon_core.package_identification:_identify(src/armando_description-main) by extension 'colcon_pkg'
[0.346s] Level 1:colcon.colcon_core.package_identification:_identify(src/armando_description-main) by extensions ['colcon_meta']
[0.346s] Level 1:colcon.colcon_core.package_identification:_identify(src/armando_description-main) by extension 'colcon_meta'
[0.346s] Level 1:colcon.colcon_core.package_identification:_identify(src/armando_description-main) by extensions ['ros']
[0.346s] Level 1:colcon.colcon_core.package_identification:_identify(src/armando_description-main) by extension 'ros'
[0.346s] DEBUG:colcon.colcon_core.package_identification:Package 'src/armando_description-main' with type 'ros.ament_cmake' and name 'armando_description'
[0.346s] Level 1:colcon.colcon_core.package_identification:_identify(src/armando_gazebo) by extensions ['ignore', 'ignore_ament_install']
[0.347s] Level 1:colcon.colcon_core.package_identification:_identify(src/armando_gazebo) by extension 'ignore'
[0.347s] Level 1:colcon.colcon_core.package_identification:_identify(src/armando_gazebo) by extension 'ignore_ament_install'
[0.347s] Level 1:colcon.colcon_core.package_identification:_identify(src/armando_gazebo) by extensions ['colcon_pkg']
[0.347s] Level 1:colcon.colcon_core.package_identification:_identify(src/armando_gazebo) by extension 'colcon_pkg'
[0.347s] Level 1:colcon.colcon_core.package_identification:_identify(src/armando_gazebo) by extensions ['colcon_meta']
[0.347s] Level 1:colcon.colcon_core.package_identification:_identify(src/armando_gazebo) by extension 'colcon_meta'
[0.347s] Level 1:colcon.colcon_core.package_identification:_identify(src/armando_gazebo) by extensions ['ros']
[0.347s] Level 1:colcon.colcon_core.package_identification:_identify(src/armando_gazebo) by extension 'ros'
[0.348s] DEBUG:colcon.colcon_core.package_identification:Package 'src/armando_gazebo' with type 'ros.ament_cmake' and name 'armando_gazebo'
[0.348s] Level 1:colcon.colcon_core.package_identification:_identify(src/ros2_iiwa) by extensions ['ignore', 'ignore_ament_install']
[0.348s] Level 1:colcon.colcon_core.package_identification:_identify(src/ros2_iiwa) by extension 'ignore'
[0.348s] Level 1:colcon.colcon_core.package_identification:_identify(src/ros2_iiwa) by extension 'ignore_ament_install'
[0.348s] Level 1:colcon.colcon_core.package_identification:_identify(src/ros2_iiwa) by extensions ['colcon_pkg']
[0.348s] Level 1:colcon.colcon_core.package_identification:_identify(src/ros2_iiwa) by extension 'colcon_pkg'
[0.348s] Level 1:colcon.colcon_core.package_identification:_identify(src/ros2_iiwa) by extensions ['colcon_meta']
[0.348s] Level 1:colcon.colcon_core.package_identification:_identify(src/ros2_iiwa) by extension 'colcon_meta'
[0.348s] Level 1:colcon.colcon_core.package_identification:_identify(src/ros2_iiwa) by extensions ['ros']
[0.348s] Level 1:colcon.colcon_core.package_identification:_identify(src/ros2_iiwa) by extension 'ros'
[0.348s] Level 1:colcon.colcon_core.package_identification:_identify(src/ros2_iiwa) by extensions ['cmake', 'python']
[0.348s] Level 1:colcon.colcon_core.package_identification:_identify(src/ros2_iiwa) by extension 'cmake'
[0.348s] Level 1:colcon.colcon_core.package_identification:_identify(src/ros2_iiwa) by extension 'python'
[0.348s] Level 1:colcon.colcon_core.package_identification:_identify(src/ros2_iiwa) by extensions ['python_setup_py']
[0.348s] Level 1:colcon.colcon_core.package_identification:_identify(src/ros2_iiwa) by extension 'python_setup_py'
[0.348s] Level 1:colcon.colcon_core.package_identification:_identify(src/ros2_iiwa/iiwa_bringup) by extensions ['ignore', 'ignore_ament_install']
[0.349s] Level 1:colcon.colcon_core.package_identification:_identify(src/ros2_iiwa/iiwa_bringup) by extension 'ignore'
[0.349s] Level 1:colcon.colcon_core.package_identification:_identify(src/ros2_iiwa/iiwa_bringup) by extension 'ignore_ament_install'
[0.349s] Level 1:colcon.colcon_core.package_identification:_identify(src/ros2_iiwa/iiwa_bringup) by extensions ['colcon_pkg']
[0.349s] Level 1:colcon.colcon_core.package_identification:_identify(src/ros2_iiwa/iiwa_bringup) by extension 'colcon_pkg'
[0.349s] Level 1:colcon.colcon_core.package_identification:_identify(src/ros2_iiwa/iiwa_bringup) by extensions ['colcon_meta']
[0.349s] Level 1:colcon.colcon_core.package_identification:_identify(src/ros2_iiwa/iiwa_bringup) by extension 'colcon_meta'
[0.349s] Level 1:colcon.colcon_core.package_identification:_identify(src/ros2_iiwa/iiwa_bringup) by extensions ['ros']
[0.349s] Level 1:colcon.colcon_core.package_identification:_identify(src/ros2_iiwa/iiwa_bringup) by extension 'ros'
[0.350s] DEBUG:colcon.colcon_core.package_identification:Package 'src/ros2_iiwa/iiwa_bringup' with type 'ros.ament_cmake' and name 'iiwa_bringup'
[0.350s] Level 1:colcon.colcon_core.package_identification:_identify(src/ros2_iiwa/iiwa_controllers) by extensions ['ignore', 'ignore_ament_install']
[0.350s] Level 1:colcon.colcon_core.package_identification:_identify(src/ros2_iiwa/iiwa_controllers) by extension 'ignore'
[0.350s] Level 1:colcon.colcon_core.package_identification:_identify(src/ros2_iiwa/iiwa_controllers) by extension 'ignore_ament_install'
[0.350s] Level 1:colcon.colcon_core.package_identification:_identify(src/ros2_iiwa/iiwa_controllers) by extensions ['colcon_pkg']
[0.350s] Level 1:colcon.colcon_core.package_identification:_identify(src/ros2_iiwa/iiwa_controllers) by extension 'colcon_pkg'
[0.350s] Level 1:colcon.colcon_core.package_identification:_identify(src/ros2_iiwa/iiwa_controllers) by extensions ['colcon_meta']
[0.350s] Level 1:colcon.colcon_core.package_identification:_identify(src/ros2_iiwa/iiwa_controllers) by extension 'colcon_meta'
[0.350s] Level 1:colcon.colcon_core.package_identification:_identify(src/ros2_iiwa/iiwa_controllers) by extensions ['ros']
[0.350s] Level 1:colcon.colcon_core.package_identification:_identify(src/ros2_iiwa/iiwa_controllers) by extension 'ros'
[0.350s] Level 1:colcon.colcon_core.package_identification:_identify(src/ros2_iiwa/iiwa_controllers) by extensions ['cmake', 'python']
[0.350s] Level 1:colcon.colcon_core.package_identification:_identify(src/ros2_iiwa/iiwa_controllers) by extension 'cmake'
[0.350s] Level 1:colcon.colcon_core.package_identification:_identify(src/ros2_iiwa/iiwa_controllers) by extension 'python'
[0.350s] Level 1:colcon.colcon_core.package_identification:_identify(src/ros2_iiwa/iiwa_controllers) by extensions ['python_setup_py']
[0.350s] Level 1:colcon.colcon_core.package_identification:_identify(src/ros2_iiwa/iiwa_controllers) by extension 'python_setup_py'
[0.351s] Level 1:colcon.colcon_core.package_identification:_identify(src/ros2_iiwa/iiwa_controllers/admittance_controller) by extensions ['ignore', 'ignore_ament_install']
[0.351s] Level 1:colcon.colcon_core.package_identification:_identify(src/ros2_iiwa/iiwa_controllers/admittance_controller) by extension 'ignore'
[0.351s] Level 1:colcon.colcon_core.package_identification:_identify(src/ros2_iiwa/iiwa_controllers/admittance_controller) by extension 'ignore_ament_install'
[0.351s] Level 1:colcon.colcon_core.package_identification:_identify(src/ros2_iiwa/iiwa_controllers/admittance_controller) by extensions ['colcon_pkg']
[0.351s] Level 1:colcon.colcon_core.package_identification:_identify(src/ros2_iiwa/iiwa_controllers/admittance_controller) by extension 'colcon_pkg'
[0.351s] Level 1:colcon.colcon_core.package_identification:_identify(src/ros2_iiwa/iiwa_controllers/admittance_controller) by extensions ['colcon_meta']
[0.351s] Level 1:colcon.colcon_core.package_identification:_identify(src/ros2_iiwa/iiwa_controllers/admittance_controller) by extension 'colcon_meta'
[0.351s] Level 1:colcon.colcon_core.package_identification:_identify(src/ros2_iiwa/iiwa_controllers/admittance_controller) by extensions ['ros']
[0.351s] Level 1:colcon.colcon_core.package_identification:_identify(src/ros2_iiwa/iiwa_controllers/admittance_controller) by extension 'ros'
[0.351s] Level 1:colcon.colcon_core.package_identification:_identify(src/ros2_iiwa/iiwa_controllers/admittance_controller) ignored
[0.351s] Level 1:colcon.colcon_core.package_identification:_identify(src/ros2_iiwa/iiwa_controllers/external_torque_sensor_broadcaster) by extensions ['ignore', 'ignore_ament_install']
[0.351s] Level 1:colcon.colcon_core.package_identification:_identify(src/ros2_iiwa/iiwa_controllers/external_torque_sensor_broadcaster) by extension 'ignore'
[0.351s] Level 1:colcon.colcon_core.package_identification:_identify(src/ros2_iiwa/iiwa_controllers/external_torque_sensor_broadcaster) by extension 'ignore_ament_install'
[0.351s] Level 1:colcon.colcon_core.package_identification:_identify(src/ros2_iiwa/iiwa_controllers/external_torque_sensor_broadcaster) by extensions ['colcon_pkg']
[0.351s] Level 1:colcon.colcon_core.package_identification:_identify(src/ros2_iiwa/iiwa_controllers/external_torque_sensor_broadcaster) by extension 'colcon_pkg'
[0.351s] Level 1:colcon.colcon_core.package_identification:_identify(src/ros2_iiwa/iiwa_controllers/external_torque_sensor_broadcaster) by extensions ['colcon_meta']
[0.351s] Level 1:colcon.colcon_core.package_identification:_identify(src/ros2_iiwa/iiwa_controllers/external_torque_sensor_broadcaster) by extension 'colcon_meta'
[0.351s] Level 1:colcon.colcon_core.package_identification:_identify(src/ros2_iiwa/iiwa_controllers/external_torque_sensor_broadcaster) by extensions ['ros']
[0.351s] Level 1:colcon.colcon_core.package_identification:_identify(src/ros2_iiwa/iiwa_controllers/external_torque_sensor_broadcaster) by extension 'ros'
[0.353s] DEBUG:colcon.colcon_core.package_identification:Package 'src/ros2_iiwa/iiwa_controllers/external_torque_sensor_broadcaster' with type 'ros.ament_cmake' and name 'external_torque_sensor_broadcaster'
[0.353s] Level 1:colcon.colcon_core.package_identification:_identify(src/ros2_iiwa/iiwa_controllers/impedance_controller) by extensions ['ignore', 'ignore_ament_install']
[0.353s] Level 1:colcon.colcon_core.package_identification:_identify(src/ros2_iiwa/iiwa_controllers/impedance_controller) by extension 'ignore'
[0.353s] Level 1:colcon.colcon_core.package_identification:_identify(src/ros2_iiwa/iiwa_controllers/impedance_controller) by extension 'ignore_ament_install'
[0.353s] Level 1:colcon.colcon_core.package_identification:_identify(src/ros2_iiwa/iiwa_controllers/impedance_controller) by extensions ['colcon_pkg']
[0.353s] Level 1:colcon.colcon_core.package_identification:_identify(src/ros2_iiwa/iiwa_controllers/impedance_controller) by extension 'colcon_pkg'
[0.353s] Level 1:colcon.colcon_core.package_identification:_identify(src/ros2_iiwa/iiwa_controllers/impedance_controller) by extensions ['colcon_meta']
[0.353s] Level 1:colcon.colcon_core.package_identification:_identify(src/ros2_iiwa/iiwa_controllers/impedance_controller) by extension 'colcon_meta'
[0.353s] Level 1:colcon.colcon_core.package_identification:_identify(src/ros2_iiwa/iiwa_controllers/impedance_controller) by extensions ['ros']
[0.353s] Level 1:colcon.colcon_core.package_identification:_identify(src/ros2_iiwa/iiwa_controllers/impedance_controller) by extension 'ros'
[0.354s] DEBUG:colcon.colcon_core.package_identification:Package 'src/ros2_iiwa/iiwa_controllers/impedance_controller' with type 'ros.ament_cmake' and name 'impedance_controller'
[0.354s] Level 1:colcon.colcon_core.package_identification:_identify(src/ros2_iiwa/iiwa_description) by extensions ['ignore', 'ignore_ament_install']
[0.354s] Level 1:colcon.colcon_core.package_identification:_identify(src/ros2_iiwa/iiwa_description) by extension 'ignore'
[0.354s] Level 1:colcon.colcon_core.package_identification:_identify(src/ros2_iiwa/iiwa_description) by extension 'ignore_ament_install'
[0.354s] Level 1:colcon.colcon_core.package_identification:_identify(src/ros2_iiwa/iiwa_description) by extensions ['colcon_pkg']
[0.355s] Level 1:colcon.colcon_core.package_identification:_identify(src/ros2_iiwa/iiwa_description) by extension 'colcon_pkg'
[0.355s] Level 1:colcon.colcon_core.package_identification:_identify(src/ros2_iiwa/iiwa_description) by extensions ['colcon_meta']
[0.355s] Level 1:colcon.colcon_core.package_identification:_identify(src/ros2_iiwa/iiwa_description) by extension 'colcon_meta'
[0.355s] Level 1:colcon.colcon_core.package_identification:_identify(src/ros2_iiwa/iiwa_description) by extensions ['ros']
[0.355s] Level 1:colcon.colcon_core.package_identification:_identify(src/ros2_iiwa/iiwa_description) by extension 'ros'
[0.355s] DEBUG:colcon.colcon_core.package_identification:Package 'src/ros2_iiwa/iiwa_description' with type 'ros.ament_cmake' and name 'iiwa_description'
[0.355s] Level 1:colcon.colcon_core.package_identification:_identify(src/ros2_iiwa/iiwa_hardware) by extensions ['ignore', 'ignore_ament_install']
[0.356s] Level 1:colcon.colcon_core.package_identification:_identify(src/ros2_iiwa/iiwa_hardware) by extension 'ignore'
[0.356s] Level 1:colcon.colcon_core.package_identification:_identify(src/ros2_iiwa/iiwa_hardware) by extension 'ignore_ament_install'
[0.356s] Level 1:colcon.colcon_core.package_identification:_identify(src/ros2_iiwa/iiwa_hardware) by extensions ['colcon_pkg']
[0.356s] Level 1:colcon.colcon_core.package_identification:_identify(src/ros2_iiwa/iiwa_hardware) by extension 'colcon_pkg'
[0.356s] Level 1:colcon.colcon_core.package_identification:_identify(src/ros2_iiwa/iiwa_hardware) by extensions ['colcon_meta']
[0.356s] Level 1:colcon.colcon_core.package_identification:_identify(src/ros2_iiwa/iiwa_hardware) by extension 'colcon_meta'
[0.356s] Level 1:colcon.colcon_core.package_identification:_identify(src/ros2_iiwa/iiwa_hardware) by extensions ['ros']
[0.356s] Level 1:colcon.colcon_core.package_identification:_identify(src/ros2_iiwa/iiwa_hardware) by extension 'ros'
[0.356s] Level 1:colcon.colcon_core.package_identification:_identify(src/ros2_iiwa/iiwa_hardware) ignored
[0.356s] Level 1:colcon.colcon_core.package_identification:_identify(src/ros2_iiwa/iiwa_moveit2) by extensions ['ignore', 'ignore_ament_install']
[0.356s] Level 1:colcon.colcon_core.package_identification:_identify(src/ros2_iiwa/iiwa_moveit2) by extension 'ignore'
[0.356s] Level 1:colcon.colcon_core.package_identification:_identify(src/ros2_iiwa/iiwa_moveit2) by extension 'ignore_ament_install'
[0.356s] Level 1:colcon.colcon_core.package_identification:_identify(src/ros2_iiwa/iiwa_moveit2) by extensions ['colcon_pkg']
[0.356s] Level 1:colcon.colcon_core.package_identification:_identify(src/ros2_iiwa/iiwa_moveit2) by extension 'colcon_pkg'
[0.356s] Level 1:colcon.colcon_core.package_identification:_identify(src/ros2_iiwa/iiwa_moveit2) by extensions ['colcon_meta']
[0.356s] Level 1:colcon.colcon_core.package_identification:_identify(src/ros2_iiwa/iiwa_moveit2) by extension 'colcon_meta'
[0.356s] Level 1:colcon.colcon_core.package_identification:_identify(src/ros2_iiwa/iiwa_moveit2) by extensions ['ros']
[0.356s] Level 1:colcon.colcon_core.package_identification:_identify(src/ros2_iiwa/iiwa_moveit2) by extension 'ros'
[0.356s] Level 1:colcon.colcon_core.package_identification:_identify(src/ros2_iiwa/iiwa_moveit2) ignored
[0.356s] Level 1:colcon.colcon_core.package_identification:_identify(src/ros2_iiwa/iiwa_sunrise) by extensions ['ignore', 'ignore_ament_install']
[0.357s] Level 1:colcon.colcon_core.package_identification:_identify(src/ros2_iiwa/iiwa_sunrise) by extension 'ignore'
[0.357s] Level 1:colcon.colcon_core.package_identification:_identify(src/ros2_iiwa/iiwa_sunrise) by extension 'ignore_ament_install'
[0.357s] Level 1:colcon.colcon_core.package_identification:_identify(src/ros2_iiwa/iiwa_sunrise) by extensions ['colcon_pkg']
[0.357s] Level 1:colcon.colcon_core.package_identification:_identify(src/ros2_iiwa/iiwa_sunrise) by extension 'colcon_pkg'
[0.357s] Level 1:colcon.colcon_core.package_identification:_identify(src/ros2_iiwa/iiwa_sunrise) by extensions ['colcon_meta']
[0.357s] Level 1:colcon.colcon_core.package_identification:_identify(src/ros2_iiwa/iiwa_sunrise) by extension 'colcon_meta'
[0.357s] Level 1:colcon.colcon_core.package_identification:_identify(src/ros2_iiwa/iiwa_sunrise) by extensions ['ros']
[0.357s] Level 1:colcon.colcon_core.package_identification:_identify(src/ros2_iiwa/iiwa_sunrise) by extension 'ros'
[0.357s] Level 1:colcon.colcon_core.package_identification:_identify(src/ros2_iiwa/iiwa_sunrise) ignored
[0.357s] Level 1:colcon.colcon_core.package_identification:_identify(src/ros2_kdl_package) by extensions ['ignore', 'ignore_ament_install']
[0.357s] Level 1:colcon.colcon_core.package_identification:_identify(src/ros2_kdl_package) by extension 'ignore'
[0.357s] Level 1:colcon.colcon_core.package_identification:_identify(src/ros2_kdl_package) by extension 'ignore_ament_install'
[0.357s] Level 1:colcon.colcon_core.package_identification:_identify(src/ros2_kdl_package) by extensions ['colcon_pkg']
[0.357s] Level 1:colcon.colcon_core.package_identification:_identify(src/ros2_kdl_package) by extension 'colcon_pkg'
[0.357s] Level 1:colcon.colcon_core.package_identification:_identify(src/ros2_kdl_package) by extensions ['colcon_meta']
[0.357s] Level 1:colcon.colcon_core.package_identification:_identify(src/ros2_kdl_package) by extension 'colcon_meta'
[0.357s] Level 1:colcon.colcon_core.package_identification:_identify(src/ros2_kdl_package) by extensions ['ros']
[0.357s] Level 1:colcon.colcon_core.package_identification:_identify(src/ros2_kdl_package) by extension 'ros'
[0.358s] DEBUG:colcon.colcon_core.package_identification:Package 'src/ros2_kdl_package' with type 'ros.ament_cmake' and name 'ros2_kdl_package'
[0.358s] Level 1:colcon.colcon_core.package_discovery:discover_packages(recursive) using defaults
[0.358s] Level 1:colcon.colcon_core.package_discovery:discover_packages(ignore) discover
[0.358s] Level 1:colcon.colcon_core.package_discovery:discover_packages(ignore) using defaults
[0.358s] Level 1:colcon.colcon_core.package_discovery:discover_packages(path) discover
[0.358s] Level 1:colcon.colcon_core.package_discovery:discover_packages(path) using defaults
[0.408s] INFO:colcon.colcon_core.package_selection:Skipping not selected package 'armando_control' in 'src/armando_control'
[0.408s] INFO:colcon.colcon_core.package_selection:Skipping not selected package 'armando_description' in 'src/armando_description-main'
[0.408s] INFO:colcon.colcon_core.package_selection:Skipping not selected package 'armando_gazebo' in 'src/armando_gazebo'
[0.408s] INFO:colcon.colcon_core.package_selection:Skipping not selected package 'external_torque_sensor_broadcaster' in 'src/ros2_iiwa/iiwa_controllers/external_torque_sensor_broadcaster'
[0.409s] INFO:colcon.colcon_core.package_selection:Skipping not selected package 'iiwa_description' in 'src/ros2_iiwa/iiwa_description'
[0.409s] INFO:colcon.colcon_core.package_selection:Skipping not selected package 'impedance_controller' in 'src/ros2_iiwa/iiwa_controllers/impedance_controller'
[0.409s] INFO:colcon.colcon_core.package_selection:Skipping not selected package 'iiwa_bringup' in 'src/ros2_iiwa/iiwa_bringup'
[0.409s] Level 1:colcon.colcon_core.package_discovery:discover_packages(prefix_path) check parameters
[0.409s] Level 1:colcon.colcon_core.package_discovery:discover_packages(prefix_path) discover
[0.412s] DEBUG:colcon.colcon_installed_package_information.package_discovery:Found 8 installed packages in /home/telemaque/Robotics_Lab/ros2_ws/install
[0.414s] DEBUG:colcon.colcon_installed_package_information.package_discovery:Found 335 installed packages in /opt/ros/humble
[0.417s] Level 1:colcon.colcon_core.package_discovery:discover_packages(prefix_path) using defaults
[0.473s] Level 5:colcon.colcon_core.verb:set package 'ros2_kdl_package' build argument 'cmake_args' from command line to 'None'
[0.473s] Level 5:colcon.colcon_core.verb:set package 'ros2_kdl_package' build argument 'cmake_target' from command line to 'None'
[0.473s] Level 5:colcon.colcon_core.verb:set package 'ros2_kdl_package' build argument 'cmake_target_skip_unavailable' from command line to 'False'
[0.473s] Level 5:colcon.colcon_core.verb:set package 'ros2_kdl_package' build argument 'cmake_clean_cache' from command line to 'False'
[0.473s] Level 5:colcon.colcon_core.verb:set package 'ros2_kdl_package' build argument 'cmake_clean_first' from command line to 'False'
[0.473s] Level 5:colcon.colcon_core.verb:set package 'ros2_kdl_package' build argument 'cmake_force_configure' from command line to 'False'
[0.473s] Level 5:colcon.colcon_core.verb:set package 'ros2_kdl_package' build argument 'ament_cmake_args' from command line to 'None'
[0.473s] Level 5:colcon.colcon_core.verb:set package 'ros2_kdl_package' build argument 'catkin_cmake_args' from command line to 'None'
[0.473s] Level 5:colcon.colcon_core.verb:set package 'ros2_kdl_package' build argument 'catkin_skip_building_tests' from command line to 'False'
[0.474s] DEBUG:colcon.colcon_core.verb:Building package 'ros2_kdl_package' with the following arguments: {'ament_cmake_args': None, 'build_base': '/home/telemaque/Robotics_Lab/ros2_ws/build/ros2_kdl_package', 'catkin_cmake_args': None, 'catkin_skip_building_tests': False, 'cmake_args': None, 'cmake_clean_cache': False, 'cmake_clean_first': False, 'cmake_force_configure': False, 'cmake_target': None, 'cmake_target_skip_unavailable': False, 'install_base': '/home/telemaque/Robotics_Lab/ros2_ws/install/ros2_kdl_package', 'merge_install': False, 'path': '/home/telemaque/Robotics_Lab/ros2_ws/src/ros2_kdl_package', 'symlink_install': False, 'test_result_base': None}
[0.474s] INFO:colcon.colcon_core.executor:Executing jobs using 'parallel' executor
[0.475s] DEBUG:colcon.colcon_parallel_executor.executor.parallel:run_until_complete
[0.476s] INFO:colcon.colcon_ros.task.ament_cmake.build:Building ROS package in '/home/telemaque/Robotics_Lab/ros2_ws/src/ros2_kdl_package' with build type 'ament_cmake'
[0.476s] INFO:colcon.colcon_cmake.task.cmake.build:Building CMake package in '/home/telemaque/Robotics_Lab/ros2_ws/src/ros2_kdl_package'
[0.479s] INFO:colcon.colcon_core.plugin_system:Skipping extension 'colcon_core.shell.bat': Not used on non-Windows systems
[0.479s] INFO:colcon.colcon_core.shell:Skip shell extension 'powershell' for command environment: Not usable outside of PowerShell
[0.479s] DEBUG:colcon.colcon_core.shell:Skip shell extension 'dsv' for command environment
[0.495s] DEBUG:colcon.colcon_core.event_handler.log_command:Invoking command in '/home/telemaque/Robotics_Lab/ros2_ws/build/ros2_kdl_package': CMAKE_PREFIX_PATH=${CMAKE_PREFIX_PATH}:/opt/ros/humble /usr/bin/cmake --build /home/telemaque/Robotics_Lab/ros2_ws/build/ros2_kdl_package -- -j12 -l12
[21.156s] DEBUG:colcon.colcon_core.event_handler.log_command:Invoked command in '/home/telemaque/Robotics_Lab/ros2_ws/build/ros2_kdl_package' returned '2': CMAKE_PREFIX_PATH=${CMAKE_PREFIX_PATH}:/opt/ros/humble /usr/bin/cmake --build /home/telemaque/Robotics_Lab/ros2_ws/build/ros2_kdl_package -- -j12 -l12
[21.157s] Level 1:colcon.colcon_core.environment:create_environment_scripts_only(ros2_kdl_package)
[21.162s] Level 1:colcon.colcon_core.environment:checking '/home/telemaque/Robotics_Lab/ros2_ws/install/ros2_kdl_package' for CMake module files
[21.163s] Level 1:colcon.colcon_core.environment:checking '/home/telemaque/Robotics_Lab/ros2_ws/install/ros2_kdl_package' for CMake config files
[21.163s] Level 1:colcon.colcon_core.shell:create_environment_hook('ros2_kdl_package', 'cmake_prefix_path')
[21.164s] INFO:colcon.colcon_core.shell:Creating environment hook '/home/telemaque/Robotics_Lab/ros2_ws/install/ros2_kdl_package/share/ros2_kdl_package/hook/cmake_prefix_path.ps1'
[21.165s] INFO:colcon.colcon_core.shell:Creating environment descriptor '/home/telemaque/Robotics_Lab/ros2_ws/install/ros2_kdl_package/share/ros2_kdl_package/hook/cmake_prefix_path.dsv'
[21.165s] INFO:colcon.colcon_core.shell:Creating environment hook '/home/telemaque/Robotics_Lab/ros2_ws/install/ros2_kdl_package/share/ros2_kdl_package/hook/cmake_prefix_path.sh'
[21.167s] Level 1:colcon.colcon_core.environment:checking '/home/telemaque/Robotics_Lab/ros2_ws/install/ros2_kdl_package/lib'
[21.167s] Level 1:colcon.colcon_core.environment:checking '/home/telemaque/Robotics_Lab/ros2_ws/install/ros2_kdl_package/bin'
[21.167s] Level 1:colcon.colcon_core.environment:checking '/home/telemaque/Robotics_Lab/ros2_ws/install/ros2_kdl_package/lib/pkgconfig/ros2_kdl_package.pc'
[21.167s] Level 1:colcon.colcon_core.environment:checking '/home/telemaque/Robotics_Lab/ros2_ws/install/ros2_kdl_package/lib/python3.10/site-packages'
[21.168s] Level 1:colcon.colcon_core.environment:checking '/home/telemaque/Robotics_Lab/ros2_ws/install/ros2_kdl_package/bin'
[21.168s] INFO:colcon.colcon_core.shell:Creating package script '/home/telemaque/Robotics_Lab/ros2_ws/install/ros2_kdl_package/share/ros2_kdl_package/package.ps1'
[21.170s] INFO:colcon.colcon_core.shell:Creating package descriptor '/home/telemaque/Robotics_Lab/ros2_ws/install/ros2_kdl_package/share/ros2_kdl_package/package.dsv'
[21.171s] INFO:colcon.colcon_core.shell:Creating package script '/home/telemaque/Robotics_Lab/ros2_ws/install/ros2_kdl_package/share/ros2_kdl_package/package.sh'
[21.172s] INFO:colcon.colcon_core.shell:Creating package script '/home/telemaque/Robotics_Lab/ros2_ws/install/ros2_kdl_package/share/ros2_kdl_package/package.bash'
[21.173s] INFO:colcon.colcon_core.shell:Creating package script '/home/telemaque/Robotics_Lab/ros2_ws/install/ros2_kdl_package/share/ros2_kdl_package/package.zsh'
[21.174s] Level 1:colcon.colcon_core.environment:create_file_with_runtime_dependencies(/home/telemaque/Robotics_Lab/ros2_ws/install/ros2_kdl_package/share/colcon-core/packages/ros2_kdl_package)
[21.185s] DEBUG:colcon.colcon_parallel_executor.executor.parallel:closing loop
[21.185s] DEBUG:colcon.colcon_parallel_executor.executor.parallel:loop closed
[21.186s] DEBUG:colcon.colcon_parallel_executor.executor.parallel:run_until_complete finished with '2'
[21.186s] DEBUG:colcon.colcon_core.event_reactor:joining thread
[21.195s] INFO:colcon.colcon_core.plugin_system:Skipping extension 'colcon_notification.desktop_notification.terminal_notifier': Not used on non-Darwin systems
[21.195s] INFO:colcon.colcon_core.plugin_system:Skipping extension 'colcon_notification.desktop_notification.win32': Not used on non-Windows systems
[21.196s] INFO:colcon.colcon_notification.desktop_notification:Sending desktop notification using 'notify2'
[21.213s] DEBUG:colcon.colcon_core.event_reactor:joined thread
[21.213s] INFO:colcon.colcon_core.shell:Creating prefix script '/home/telemaque/Robotics_Lab/ros2_ws/install/local_setup.ps1'
[21.215s] INFO:colcon.colcon_core.shell:Creating prefix util module '/home/telemaque/Robotics_Lab/ros2_ws/install/_local_setup_util_ps1.py'
[21.217s] INFO:colcon.colcon_core.shell:Creating prefix chain script '/home/telemaque/Robotics_Lab/ros2_ws/install/setup.ps1'
[21.219s] INFO:colcon.colcon_core.shell:Creating prefix script '/home/telemaque/Robotics_Lab/ros2_ws/install/local_setup.sh'
[21.219s] INFO:colcon.colcon_core.shell:Creating prefix util module '/home/telemaque/Robotics_Lab/ros2_ws/install/_local_setup_util_sh.py'
[21.220s] INFO:colcon.colcon_core.shell:Creating prefix chain script '/home/telemaque/Robotics_Lab/ros2_ws/install/setup.sh'
[21.222s] INFO:colcon.colcon_core.shell:Creating prefix script '/home/telemaque/Robotics_Lab/ros2_ws/install/local_setup.bash'
[21.223s] INFO:colcon.colcon_core.shell:Creating prefix chain script '/home/telemaque/Robotics_Lab/ros2_ws/install/setup.bash'
[21.225s] INFO:colcon.colcon_core.shell:Creating prefix script '/home/telemaque/Robotics_Lab/ros2_ws/install/local_setup.zsh'
[21.226s] INFO:colcon.colcon_core.shell:Creating prefix chain script '/home/telemaque/Robotics_Lab/ros2_ws/install/setup.zsh'
