[0.110s] DEBUG:colcon:Command line arguments: ['/usr/bin/colcon', 'build', '--symlink-install']
[0.110s] DEBUG:colcon:Parsed command line arguments: Namespace(log_base=None, log_level=None, verb_name='build', build_base='build', install_base='install', merge_install=False, symlink_install=True, test_result_base=None, continue_on_error=False, executor='parallel', parallel_workers=12, event_handlers=None, ignore_user_meta=False, metas=['./colcon.meta'], base_paths=['.'], packages_ignore=None, packages_ignore_regex=None, paths=None, packages_up_to=None, packages_up_to_regex=None, packages_above=None, packages_above_and_dependencies=None, packages_above_depth=None, packages_select_by_dep=None, packages_skip_by_dep=None, packages_skip_up_to=None, packages_select_build_failed=False, packages_skip_build_finished=False, packages_select_test_failures=False, packages_skip_test_passed=False, packages_select=None, packages_skip=None, packages_select_regex=None, packages_skip_regex=None, packages_start=None, packages_end=None, allow_overriding=[], cmake_args=None, cmake_target=None, cmake_target_skip_unavailable=False, cmake_clean_cache=False, cmake_clean_first=False, cmake_force_configure=False, ament_cmake_args=None, catkin_cmake_args=None, catkin_skip_building_tests=False, verb_parser=<colcon_defaults.argument_parser.defaults.DefaultArgumentsDecorator object at 0x798bcb13bbb0>, verb_extension=<colcon_core.verb.build.BuildVerb object at 0x798bcb2200a0>, main=<bound method BuildVerb.main of <colcon_core.verb.build.BuildVerb object at 0x798bcb2200a0>>)
[0.275s] Level 1:colcon.colcon_core.package_discovery:discover_packages(colcon_meta) check parameters
[0.275s] Level 1:colcon.colcon_core.package_discovery:discover_packages(recursive) check parameters
[0.275s] Level 1:colcon.colcon_core.package_discovery:discover_packages(ignore) check parameters
[0.275s] Level 1:colcon.colcon_core.package_discovery:discover_packages(path) check parameters
[0.275s] Level 1:colcon.colcon_core.package_discovery:discover_packages(colcon_meta) discover
[0.275s] Level 1:colcon.colcon_core.package_discovery:discover_packages(recursive) discover
[0.275s] INFO:colcon.colcon_core.package_discovery:Crawling recursively for packages in '/home/telemaque/Robotics_Lab/ros2_ws'
[0.276s] Level 1:colcon.colcon_core.package_identification:_identify(.) by extensions ['ignore', 'ignore_ament_install']
[0.276s] Level 1:colcon.colcon_core.package_identification:_identify(.) by extension 'ignore'
[0.276s] Level 1:colcon.colcon_core.package_identification:_identify(.) by extension 'ignore_ament_install'
[0.276s] Level 1:colcon.colcon_core.package_identification:_identify(.) by extensions ['colcon_pkg']
[0.276s] Level 1:colcon.colcon_core.package_identification:_identify(.) by extension 'colcon_pkg'
[0.276s] Level 1:colcon.colcon_core.package_identification:_identify(.) by extensions ['colcon_meta']
[0.276s] Level 1:colcon.colcon_core.package_identification:_identify(.) by extension 'colcon_meta'
[0.276s] Level 1:colcon.colcon_core.package_identification:_identify(.) by extensions ['ros']
[0.276s] Level 1:colcon.colcon_core.package_identification:_identify(.) by extension 'ros'
[0.289s] Level 1:colcon.colcon_core.package_identification:_identify(.) by extensions ['cmake', 'python']
[0.289s] Level 1:colcon.colcon_core.package_identification:_identify(.) by extension 'cmake'
[0.289s] Level 1:colcon.colcon_core.package_identification:_identify(.) by extension 'python'
[0.289s] Level 1:colcon.colcon_core.package_identification:_identify(.) by extensions ['python_setup_py']
[0.289s] Level 1:colcon.colcon_core.package_identification:_identify(.) by extension 'python_setup_py'
[0.289s] Level 1:colcon.colcon_core.package_identification:_identify(build) by extensions ['ignore', 'ignore_ament_install']
[0.289s] Level 1:colcon.colcon_core.package_identification:_identify(build) by extension 'ignore'
[0.289s] Level 1:colcon.colcon_core.package_identification:_identify(build) ignored
[0.289s] Level 1:colcon.colcon_core.package_identification:_identify(install) by extensions ['ignore', 'ignore_ament_install']
[0.289s] Level 1:colcon.colcon_core.package_identification:_identify(install) by extension 'ignore'
[0.289s] Level 1:colcon.colcon_core.package_identification:_identify(install) ignored
[0.290s] Level 1:colcon.colcon_core.package_identification:_identify(log) by extensions ['ignore', 'ignore_ament_install']
[0.290s] Level 1:colcon.colcon_core.package_identification:_identify(log) by extension 'ignore'
[0.290s] Level 1:colcon.colcon_core.package_identification:_identify(log) ignored
[0.290s] Level 1:colcon.colcon_core.package_identification:_identify(src) by extensions ['ignore', 'ignore_ament_install']
[0.290s] Level 1:colcon.colcon_core.package_identification:_identify(src) by extension 'ignore'
[0.290s] Level 1:colcon.colcon_core.package_identification:_identify(src) by extension 'ignore_ament_install'
[0.290s] Level 1:colcon.colcon_core.package_identification:_identify(src) by extensions ['colcon_pkg']
[0.290s] Level 1:colcon.colcon_core.package_identification:_identify(src) by extension 'colcon_pkg'
[0.290s] Level 1:colcon.colcon_core.package_identification:_identify(src) by extensions ['colcon_meta']
[0.290s] Level 1:colcon.colcon_core.package_identification:_identify(src) by extension 'colcon_meta'
[0.290s] Level 1:colcon.colcon_core.package_identification:_identify(src) by extensions ['ros']
[0.290s] Level 1:colcon.colcon_core.package_identification:_identify(src) by extension 'ros'
[0.290s] Level 1:colcon.colcon_core.package_identification:_identify(src) by extensions ['cmake', 'python']
[0.290s] Level 1:colcon.colcon_core.package_identification:_identify(src) by extension 'cmake'
[0.290s] Level 1:colcon.colcon_core.package_identification:_identify(src) by extension 'python'
[0.290s] Level 1:colcon.colcon_core.package_identification:_identify(src) by extensions ['python_setup_py']
[0.290s] Level 1:colcon.colcon_core.package_identification:_identify(src) by extension 'python_setup_py'
[0.290s] Level 1:colcon.colcon_core.package_identification:_identify(src/armando_control) by extensions ['ignore', 'ignore_ament_install']
[0.290s] Level 1:colcon.colcon_core.package_identification:_identify(src/armando_control) by extension 'ignore'
[0.290s] Level 1:colcon.colcon_core.package_identification:_identify(src/armando_control) by extension 'ignore_ament_install'
[0.291s] Level 1:colcon.colcon_core.package_identification:_identify(src/armando_control) by extensions ['colcon_pkg']
[0.291s] Level 1:colcon.colcon_core.package_identification:_identify(src/armando_control) by extension 'colcon_pkg'
[0.291s] Level 1:colcon.colcon_core.package_identification:_identify(src/armando_control) by extensions ['colcon_meta']
[0.291s] Level 1:colcon.colcon_core.package_identification:_identify(src/armando_control) by extension 'colcon_meta'
[0.291s] Level 1:colcon.colcon_core.package_identification:_identify(src/armando_control) by extensions ['ros']
[0.291s] Level 1:colcon.colcon_core.package_identification:_identify(src/armando_control) by extension 'ros'
[0.294s] DEBUG:colcon.colcon_core.package_identification:Package 'src/armando_control' with type 'ros.ament_cmake' and name 'armando_control'
[0.294s] Level 1:colcon.colcon_core.package_identification:_identify(src/armando_description-main) by extensions ['ignore', 'ignore_ament_install']
[0.294s] Level 1:colcon.colcon_core.package_identification:_identify(src/armando_description-main) by extension 'ignore'
[0.294s] Level 1:colcon.colcon_core.package_identification:_identify(src/armando_description-main) by extension 'ignore_ament_install'
[0.294s] Level 1:colcon.colcon_core.package_identification:_identify(src/armando_description-main) by extensions ['colcon_pkg']
[0.294s] Level 1:colcon.colcon_core.package_identification:_identify(src/armando_description-main) by extension 'colcon_pkg'
[0.294s] Level 1:colcon.colcon_core.package_identification:_identify(src/armando_description-main) by extensions ['colcon_meta']
[0.294s] Level 1:colcon.colcon_core.package_identification:_identify(src/armando_description-main) by extension 'colcon_meta'
[0.294s] Level 1:colcon.colcon_core.package_identification:_identify(src/armando_description-main) by extensions ['ros']
[0.294s] Level 1:colcon.colcon_core.package_identification:_identify(src/armando_description-main) by extension 'ros'
[0.295s] DEBUG:colcon.colcon_core.package_identification:Package 'src/armando_description-main' with type 'ros.ament_cmake' and name 'armando_description'
[0.295s] Level 1:colcon.colcon_core.package_identification:_identify(src/armando_gazebo) by extensions ['ignore', 'ignore_ament_install']
[0.295s] Level 1:colcon.colcon_core.package_identification:_identify(src/armando_gazebo) by extension 'ignore'
[0.295s] Level 1:colcon.colcon_core.package_identification:_identify(src/armando_gazebo) by extension 'ignore_ament_install'
[0.295s] Level 1:colcon.colcon_core.package_identification:_identify(src/armando_gazebo) by extensions ['colcon_pkg']
[0.295s] Level 1:colcon.colcon_core.package_identification:_identify(src/armando_gazebo) by extension 'colcon_pkg'
[0.295s] Level 1:colcon.colcon_core.package_identification:_identify(src/armando_gazebo) by extensions ['colcon_meta']
[0.295s] Level 1:colcon.colcon_core.package_identification:_identify(src/armando_gazebo) by extension 'colcon_meta'
[0.295s] Level 1:colcon.colcon_core.package_identification:_identify(src/armando_gazebo) by extensions ['ros']
[0.295s] Level 1:colcon.colcon_core.package_identification:_identify(src/armando_gazebo) by extension 'ros'
[0.296s] DEBUG:colcon.colcon_core.package_identification:Package 'src/armando_gazebo' with type 'ros.ament_cmake' and name 'armando_gazebo'
[0.296s] Level 1:colcon.colcon_core.package_identification:_identify(src/ros2_iiwa) by extensions ['ignore', 'ignore_ament_install']
[0.296s] Level 1:colcon.colcon_core.package_identification:_identify(src/ros2_iiwa) by extension 'ignore'
[0.296s] Level 1:colcon.colcon_core.package_identification:_identify(src/ros2_iiwa) by extension 'ignore_ament_install'
[0.296s] Level 1:colcon.colcon_core.package_identification:_identify(src/ros2_iiwa) by extensions ['colcon_pkg']
[0.296s] Level 1:colcon.colcon_core.package_identification:_identify(src/ros2_iiwa) by extension 'colcon_pkg'
[0.296s] Level 1:colcon.colcon_core.package_identification:_identify(src/ros2_iiwa) by extensions ['colcon_meta']
[0.296s] Level 1:colcon.colcon_core.package_identification:_identify(src/ros2_iiwa) by extension 'colcon_meta'
[0.296s] Level 1:colcon.colcon_core.package_identification:_identify(src/ros2_iiwa) by extensions ['ros']
[0.296s] Level 1:colcon.colcon_core.package_identification:_identify(src/ros2_iiwa) by extension 'ros'
[0.297s] Level 1:colcon.colcon_core.package_identification:_identify(src/ros2_iiwa) by extensions ['cmake', 'python']
[0.297s] Level 1:colcon.colcon_core.package_identification:_identify(src/ros2_iiwa) by extension 'cmake'
[0.297s] Level 1:colcon.colcon_core.package_identification:_identify(src/ros2_iiwa) by extension 'python'
[0.297s] Level 1:colcon.colcon_core.package_identification:_identify(src/ros2_iiwa) by extensions ['python_setup_py']
[0.297s] Level 1:colcon.colcon_core.package_identification:_identify(src/ros2_iiwa) by extension 'python_setup_py'
[0.297s] Level 1:colcon.colcon_core.package_identification:_identify(src/ros2_iiwa/iiwa_bringup) by extensions ['ignore', 'ignore_ament_install']
[0.297s] Level 1:colcon.colcon_core.package_identification:_identify(src/ros2_iiwa/iiwa_bringup) by extension 'ignore'
[0.297s] Level 1:colcon.colcon_core.package_identification:_identify(src/ros2_iiwa/iiwa_bringup) by extension 'ignore_ament_install'
[0.297s] Level 1:colcon.colcon_core.package_identification:_identify(src/ros2_iiwa/iiwa_bringup) by extensions ['colcon_pkg']
[0.297s] Level 1:colcon.colcon_core.package_identification:_identify(src/ros2_iiwa/iiwa_bringup) by extension 'colcon_pkg'
[0.297s] Level 1:colcon.colcon_core.package_identification:_identify(src/ros2_iiwa/iiwa_bringup) by extensions ['colcon_meta']
[0.297s] Level 1:colcon.colcon_core.package_identification:_identify(src/ros2_iiwa/iiwa_bringup) by extension 'colcon_meta'
[0.297s] Level 1:colcon.colcon_core.package_identification:_identify(src/ros2_iiwa/iiwa_bringup) by extensions ['ros']
[0.297s] Level 1:colcon.colcon_core.package_identification:_identify(src/ros2_iiwa/iiwa_bringup) by extension 'ros'
[0.298s] DEBUG:colcon.colcon_core.package_identification:Package 'src/ros2_iiwa/iiwa_bringup' with type 'ros.ament_cmake' and name 'iiwa_bringup'
[0.298s] Level 1:colcon.colcon_core.package_identification:_identify(src/ros2_iiwa/iiwa_controllers) by extensions ['ignore', 'ignore_ament_install']
[0.298s] Level 1:colcon.colcon_core.package_identification:_identify(src/ros2_iiwa/iiwa_controllers) by extension 'ignore'
[0.298s] Level 1:colcon.colcon_core.package_identification:_identify(src/ros2_iiwa/iiwa_controllers) by extension 'ignore_ament_install'
[0.298s] Level 1:colcon.colcon_core.package_identification:_identify(src/ros2_iiwa/iiwa_controllers) by extensions ['colcon_pkg']
[0.298s] Level 1:colcon.colcon_core.package_identification:_identify(src/ros2_iiwa/iiwa_controllers) by extension 'colcon_pkg'
[0.298s] Level 1:colcon.colcon_core.package_identification:_identify(src/ros2_iiwa/iiwa_controllers) by extensions ['colcon_meta']
[0.298s] Level 1:colcon.colcon_core.package_identification:_identify(src/ros2_iiwa/iiwa_controllers) by extension 'colcon_meta'
[0.298s] Level 1:colcon.colcon_core.package_identification:_identify(src/ros2_iiwa/iiwa_controllers) by extensions ['ros']
[0.298s] Level 1:colcon.colcon_core.package_identification:_identify(src/ros2_iiwa/iiwa_controllers) by extension 'ros'
[0.299s] Level 1:colcon.colcon_core.package_identification:_identify(src/ros2_iiwa/iiwa_controllers) by extensions ['cmake', 'python']
[0.299s] Level 1:colcon.colcon_core.package_identification:_identify(src/ros2_iiwa/iiwa_controllers) by extension 'cmake'
[0.299s] Level 1:colcon.colcon_core.package_identification:_identify(src/ros2_iiwa/iiwa_controllers) by extension 'python'
[0.299s] Level 1:colcon.colcon_core.package_identification:_identify(src/ros2_iiwa/iiwa_controllers) by extensions ['python_setup_py']
[0.299s] Level 1:colcon.colcon_core.package_identification:_identify(src/ros2_iiwa/iiwa_controllers) by extension 'python_setup_py'
[0.299s] Level 1:colcon.colcon_core.package_identification:_identify(src/ros2_iiwa/iiwa_controllers/admittance_controller) by extensions ['ignore', 'ignore_ament_install']
[0.299s] Level 1:colcon.colcon_core.package_identification:_identify(src/ros2_iiwa/iiwa_controllers/admittance_controller) by extension 'ignore'
[0.299s] Level 1:colcon.colcon_core.package_identification:_identify(src/ros2_iiwa/iiwa_controllers/admittance_controller) by extension 'ignore_ament_install'
[0.299s] Level 1:colcon.colcon_core.package_identification:_identify(src/ros2_iiwa/iiwa_controllers/admittance_controller) by extensions ['colcon_pkg']
[0.299s] Level 1:colcon.colcon_core.package_identification:_identify(src/ros2_iiwa/iiwa_controllers/admittance_controller) by extension 'colcon_pkg'
[0.299s] Level 1:colcon.colcon_core.package_identification:_identify(src/ros2_iiwa/iiwa_controllers/admittance_controller) by extensions ['colcon_meta']
[0.299s] Level 1:colcon.colcon_core.package_identification:_identify(src/ros2_iiwa/iiwa_controllers/admittance_controller) by extension 'colcon_meta'
[0.299s] Level 1:colcon.colcon_core.package_identification:_identify(src/ros2_iiwa/iiwa_controllers/admittance_controller) by extensions ['ros']
[0.299s] Level 1:colcon.colcon_core.package_identification:_identify(src/ros2_iiwa/iiwa_controllers/admittance_controller) by extension 'ros'
[0.299s] Level 1:colcon.colcon_core.package_identification:_identify(src/ros2_iiwa/iiwa_controllers/admittance_controller) ignored
[0.299s] Level 1:colcon.colcon_core.package_identification:_identify(src/ros2_iiwa/iiwa_controllers/external_torque_sensor_broadcaster) by extensions ['ignore', 'ignore_ament_install']
[0.299s] Level 1:colcon.colcon_core.package_identification:_identify(src/ros2_iiwa/iiwa_controllers/external_torque_sensor_broadcaster) by extension 'ignore'
[0.299s] Level 1:colcon.colcon_core.package_identification:_identify(src/ros2_iiwa/iiwa_controllers/external_torque_sensor_broadcaster) by extension 'ignore_ament_install'
[0.299s] Level 1:colcon.colcon_core.package_identification:_identify(src/ros2_iiwa/iiwa_controllers/external_torque_sensor_broadcaster) by extensions ['colcon_pkg']
[0.300s] Level 1:colcon.colcon_core.package_identification:_identify(src/ros2_iiwa/iiwa_controllers/external_torque_sensor_broadcaster) by extension 'colcon_pkg'
[0.300s] Level 1:colcon.colcon_core.package_identification:_identify(src/ros2_iiwa/iiwa_controllers/external_torque_sensor_broadcaster) by extensions ['colcon_meta']
[0.300s] Level 1:colcon.colcon_core.package_identification:_identify(src/ros2_iiwa/iiwa_controllers/external_torque_sensor_broadcaster) by extension 'colcon_meta'
[0.300s] Level 1:colcon.colcon_core.package_identification:_identify(src/ros2_iiwa/iiwa_controllers/external_torque_sensor_broadcaster) by extensions ['ros']
[0.300s] Level 1:colcon.colcon_core.package_identification:_identify(src/ros2_iiwa/iiwa_controllers/external_torque_sensor_broadcaster) by extension 'ros'
[0.301s] DEBUG:colcon.colcon_core.package_identification:Package 'src/ros2_iiwa/iiwa_controllers/external_torque_sensor_broadcaster' with type 'ros.ament_cmake' and name 'external_torque_sensor_broadcaster'
[0.301s] Level 1:colcon.colcon_core.package_identification:_identify(src/ros2_iiwa/iiwa_controllers/impedance_controller) by extensions ['ignore', 'ignore_ament_install']
[0.301s] Level 1:colcon.colcon_core.package_identification:_identify(src/ros2_iiwa/iiwa_controllers/impedance_controller) by extension 'ignore'
[0.301s] Level 1:colcon.colcon_core.package_identification:_identify(src/ros2_iiwa/iiwa_controllers/impedance_controller) by extension 'ignore_ament_install'
[0.301s] Level 1:colcon.colcon_core.package_identification:_identify(src/ros2_iiwa/iiwa_controllers/impedance_controller) by extensions ['colcon_pkg']
[0.301s] Level 1:colcon.colcon_core.package_identification:_identify(src/ros2_iiwa/iiwa_controllers/impedance_controller) by extension 'colcon_pkg'
[0.301s] Level 1:colcon.colcon_core.package_identification:_identify(src/ros2_iiwa/iiwa_controllers/impedance_controller) by extensions ['colcon_meta']
[0.301s] Level 1:colcon.colcon_core.package_identification:_identify(src/ros2_iiwa/iiwa_controllers/impedance_controller) by extension 'colcon_meta'
[0.301s] Level 1:colcon.colcon_core.package_identification:_identify(src/ros2_iiwa/iiwa_controllers/impedance_controller) by extensions ['ros']
[0.301s] Level 1:colcon.colcon_core.package_identification:_identify(src/ros2_iiwa/iiwa_controllers/impedance_controller) by extension 'ros'
[0.302s] DEBUG:colcon.colcon_core.package_identification:Package 'src/ros2_iiwa/iiwa_controllers/impedance_controller' with type 'ros.ament_cmake' and name 'impedance_controller'
[0.303s] Level 1:colcon.colcon_core.package_identification:_identify(src/ros2_iiwa/iiwa_description) by extensions ['ignore', 'ignore_ament_install']
[0.303s] Level 1:colcon.colcon_core.package_identification:_identify(src/ros2_iiwa/iiwa_description) by extension 'ignore'
[0.303s] Level 1:colcon.colcon_core.package_identification:_identify(src/ros2_iiwa/iiwa_description) by extension 'ignore_ament_install'
[0.303s] Level 1:colcon.colcon_core.package_identification:_identify(src/ros2_iiwa/iiwa_description) by extensions ['colcon_pkg']
[0.303s] Level 1:colcon.colcon_core.package_identification:_identify(src/ros2_iiwa/iiwa_description) by extension 'colcon_pkg'
[0.303s] Level 1:colcon.colcon_core.package_identification:_identify(src/ros2_iiwa/iiwa_description) by extensions ['colcon_meta']
[0.303s] Level 1:colcon.colcon_core.package_identification:_identify(src/ros2_iiwa/iiwa_description) by extension 'colcon_meta'
[0.303s] Level 1:colcon.colcon_core.package_identification:_identify(src/ros2_iiwa/iiwa_description) by extensions ['ros']
[0.303s] Level 1:colcon.colcon_core.package_identification:_identify(src/ros2_iiwa/iiwa_description) by extension 'ros'
[0.304s] DEBUG:colcon.colcon_core.package_identification:Package 'src/ros2_iiwa/iiwa_description' with type 'ros.ament_cmake' and name 'iiwa_description'
[0.304s] Level 1:colcon.colcon_core.package_identification:_identify(src/ros2_iiwa/iiwa_hardware) by extensions ['ignore', 'ignore_ament_install']
[0.304s] Level 1:colcon.colcon_core.package_identification:_identify(src/ros2_iiwa/iiwa_hardware) by extension 'ignore'
[0.304s] Level 1:colcon.colcon_core.package_identification:_identify(src/ros2_iiwa/iiwa_hardware) by extension 'ignore_ament_install'
[0.304s] Level 1:colcon.colcon_core.package_identification:_identify(src/ros2_iiwa/iiwa_hardware) by extensions ['colcon_pkg']
[0.304s] Level 1:colcon.colcon_core.package_identification:_identify(src/ros2_iiwa/iiwa_hardware) by extension 'colcon_pkg'
[0.304s] Level 1:colcon.colcon_core.package_identification:_identify(src/ros2_iiwa/iiwa_hardware) by extensions ['colcon_meta']
[0.304s] Level 1:colcon.colcon_core.package_identification:_identify(src/ros2_iiwa/iiwa_hardware) by extension 'colcon_meta'
[0.304s] Level 1:colcon.colcon_core.package_identification:_identify(src/ros2_iiwa/iiwa_hardware) by extensions ['ros']
[0.304s] Level 1:colcon.colcon_core.package_identification:_identify(src/ros2_iiwa/iiwa_hardware) by extension 'ros'
[0.304s] Level 1:colcon.colcon_core.package_identification:_identify(src/ros2_iiwa/iiwa_hardware) ignored
[0.304s] Level 1:colcon.colcon_core.package_identification:_identify(src/ros2_iiwa/iiwa_moveit2) by extensions ['ignore', 'ignore_ament_install']
[0.305s] Level 1:colcon.colcon_core.package_identification:_identify(src/ros2_iiwa/iiwa_moveit2) by extension 'ignore'
[0.305s] Level 1:colcon.colcon_core.package_identification:_identify(src/ros2_iiwa/iiwa_moveit2) by extension 'ignore_ament_install'
[0.305s] Level 1:colcon.colcon_core.package_identification:_identify(src/ros2_iiwa/iiwa_moveit2) by extensions ['colcon_pkg']
[0.305s] Level 1:colcon.colcon_core.package_identification:_identify(src/ros2_iiwa/iiwa_moveit2) by extension 'colcon_pkg'
[0.305s] Level 1:colcon.colcon_core.package_identification:_identify(src/ros2_iiwa/iiwa_moveit2) by extensions ['colcon_meta']
[0.305s] Level 1:colcon.colcon_core.package_identification:_identify(src/ros2_iiwa/iiwa_moveit2) by extension 'colcon_meta'
[0.305s] Level 1:colcon.colcon_core.package_identification:_identify(src/ros2_iiwa/iiwa_moveit2) by extensions ['ros']
[0.305s] Level 1:colcon.colcon_core.package_identification:_identify(src/ros2_iiwa/iiwa_moveit2) by extension 'ros'
[0.305s] Level 1:colcon.colcon_core.package_identification:_identify(src/ros2_iiwa/iiwa_moveit2) ignored
[0.305s] Level 1:colcon.colcon_core.package_identification:_identify(src/ros2_iiwa/iiwa_sunrise) by extensions ['ignore', 'ignore_ament_install']
[0.305s] Level 1:colcon.colcon_core.package_identification:_identify(src/ros2_iiwa/iiwa_sunrise) by extension 'ignore'
[0.305s] Level 1:colcon.colcon_core.package_identification:_identify(src/ros2_iiwa/iiwa_sunrise) by extension 'ignore_ament_install'
[0.305s] Level 1:colcon.colcon_core.package_identification:_identify(src/ros2_iiwa/iiwa_sunrise) by extensions ['colcon_pkg']
[0.305s] Level 1:colcon.colcon_core.package_identification:_identify(src/ros2_iiwa/iiwa_sunrise) by extension 'colcon_pkg'
[0.305s] Level 1:colcon.colcon_core.package_identification:_identify(src/ros2_iiwa/iiwa_sunrise) by extensions ['colcon_meta']
[0.305s] Level 1:colcon.colcon_core.package_identification:_identify(src/ros2_iiwa/iiwa_sunrise) by extension 'colcon_meta'
[0.305s] Level 1:colcon.colcon_core.package_identification:_identify(src/ros2_iiwa/iiwa_sunrise) by extensions ['ros']
[0.305s] Level 1:colcon.colcon_core.package_identification:_identify(src/ros2_iiwa/iiwa_sunrise) by extension 'ros'
[0.305s] Level 1:colcon.colcon_core.package_identification:_identify(src/ros2_iiwa/iiwa_sunrise) ignored
[0.306s] Level 1:colcon.colcon_core.package_identification:_identify(src/ros2_kdl_package) by extensions ['ignore', 'ignore_ament_install']
[0.306s] Level 1:colcon.colcon_core.package_identification:_identify(src/ros2_kdl_package) by extension 'ignore'
[0.306s] Level 1:colcon.colcon_core.package_identification:_identify(src/ros2_kdl_package) by extension 'ignore_ament_install'
[0.306s] Level 1:colcon.colcon_core.package_identification:_identify(src/ros2_kdl_package) by extensions ['colcon_pkg']
[0.306s] Level 1:colcon.colcon_core.package_identification:_identify(src/ros2_kdl_package) by extension 'colcon_pkg'
[0.306s] Level 1:colcon.colcon_core.package_identification:_identify(src/ros2_kdl_package) by extensions ['colcon_meta']
[0.306s] Level 1:colcon.colcon_core.package_identification:_identify(src/ros2_kdl_package) by extension 'colcon_meta'
[0.306s] Level 1:colcon.colcon_core.package_identification:_identify(src/ros2_kdl_package) by extensions ['ros']
[0.306s] Level 1:colcon.colcon_core.package_identification:_identify(src/ros2_kdl_package) by extension 'ros'
[0.307s] DEBUG:colcon.colcon_core.package_identification:Package 'src/ros2_kdl_package' with type 'ros.ament_cmake' and name 'ros2_kdl_package'
[0.307s] Level 1:colcon.colcon_core.package_discovery:discover_packages(recursive) using defaults
[0.307s] Level 1:colcon.colcon_core.package_discovery:discover_packages(ignore) discover
[0.307s] Level 1:colcon.colcon_core.package_discovery:discover_packages(ignore) using defaults
[0.307s] Level 1:colcon.colcon_core.package_discovery:discover_packages(path) discover
[0.307s] Level 1:colcon.colcon_core.package_discovery:discover_packages(path) using defaults
[0.355s] Level 1:colcon.colcon_core.package_discovery:discover_packages(prefix_path) check parameters
[0.355s] Level 1:colcon.colcon_core.package_discovery:discover_packages(prefix_path) discover
[0.357s] WARNING:colcon.colcon_ros.prefix_path.ament:The path '/home/telemaque/Robotics_Lab/ros2_ws/install/impedance_controller' in the environment variable AMENT_PREFIX_PATH doesn't exist
[0.357s] WARNING:colcon.colcon_ros.prefix_path.ament:The path '/home/telemaque/Robotics_Lab/ros2_ws/install/iiwa_bringup' in the environment variable AMENT_PREFIX_PATH doesn't exist
[0.357s] WARNING:colcon.colcon_ros.prefix_path.ament:The path '/home/telemaque/Robotics_Lab/ros2_ws/install/iiwa_description' in the environment variable AMENT_PREFIX_PATH doesn't exist
[0.357s] WARNING:colcon.colcon_ros.prefix_path.ament:The path '/home/telemaque/Robotics_Lab/ros2_ws/install/external_torque_sensor_broadcaster' in the environment variable AMENT_PREFIX_PATH doesn't exist
[0.357s] WARNING:colcon.colcon_ros.prefix_path.ament:The path '/home/telemaque/Robotics_Lab/ros2_ws/install/armando_gazebo' in the environment variable AMENT_PREFIX_PATH doesn't exist
[0.357s] WARNING:colcon.colcon_ros.prefix_path.ament:The path '/home/telemaque/Robotics_Lab/ros2_ws/install/armando_description' in the environment variable AMENT_PREFIX_PATH doesn't exist
[0.357s] WARNING:colcon.colcon_ros.prefix_path.catkin:The path '/home/telemaque/Robotics_Lab/ros2_ws/install/impedance_controller' in the environment variable CMAKE_PREFIX_PATH doesn't exist
[0.357s] WARNING:colcon.colcon_ros.prefix_path.catkin:The path '/home/telemaque/Robotics_Lab/ros2_ws/install/iiwa_bringup' in the environment variable CMAKE_PREFIX_PATH doesn't exist
[0.357s] WARNING:colcon.colcon_ros.prefix_path.catkin:The path '/home/telemaque/Robotics_Lab/ros2_ws/install/iiwa_description' in the environment variable CMAKE_PREFIX_PATH doesn't exist
[0.357s] WARNING:colcon.colcon_ros.prefix_path.catkin:The path '/home/telemaque/Robotics_Lab/ros2_ws/install/external_torque_sensor_broadcaster' in the environment variable CMAKE_PREFIX_PATH doesn't exist
[0.357s] WARNING:colcon.colcon_ros.prefix_path.catkin:The path '/home/telemaque/Robotics_Lab/ros2_ws/install/armando_gazebo' in the environment variable CMAKE_PREFIX_PATH doesn't exist
[0.357s] WARNING:colcon.colcon_ros.prefix_path.catkin:The path '/home/telemaque/Robotics_Lab/ros2_ws/install/armando_description' in the environment variable CMAKE_PREFIX_PATH doesn't exist
[0.358s] DEBUG:colcon.colcon_installed_package_information.package_discovery:Found 0 installed packages in /home/telemaque/Robotics_Lab/ros2_ws/install
[0.360s] DEBUG:colcon.colcon_installed_package_information.package_discovery:Found 335 installed packages in /opt/ros/humble
[0.362s] Level 1:colcon.colcon_core.package_discovery:discover_packages(prefix_path) using defaults
[0.411s] Level 5:colcon.colcon_core.verb:set package 'armando_control' build argument 'cmake_args' from command line to 'None'
[0.411s] Level 5:colcon.colcon_core.verb:set package 'armando_control' build argument 'cmake_target' from command line to 'None'
[0.411s] Level 5:colcon.colcon_core.verb:set package 'armando_control' build argument 'cmake_target_skip_unavailable' from command line to 'False'
[0.411s] Level 5:colcon.colcon_core.verb:set package 'armando_control' build argument 'cmake_clean_cache' from command line to 'False'
[0.411s] Level 5:colcon.colcon_core.verb:set package 'armando_control' build argument 'cmake_clean_first' from command line to 'False'
[0.411s] Level 5:colcon.colcon_core.verb:set package 'armando_control' build argument 'cmake_force_configure' from command line to 'False'
[0.411s] Level 5:colcon.colcon_core.verb:set package 'armando_control' build argument 'ament_cmake_args' from command line to 'None'
[0.411s] Level 5:colcon.colcon_core.verb:set package 'armando_control' build argument 'catkin_cmake_args' from command line to 'None'
[0.411s] Level 5:colcon.colcon_core.verb:set package 'armando_control' build argument 'catkin_skip_building_tests' from command line to 'False'
[0.411s] DEBUG:colcon.colcon_core.verb:Building package 'armando_control' with the following arguments: {'ament_cmake_args': None, 'build_base': '/home/telemaque/Robotics_Lab/ros2_ws/build/armando_control', 'catkin_cmake_args': None, 'catkin_skip_building_tests': False, 'cmake_args': None, 'cmake_clean_cache': False, 'cmake_clean_first': False, 'cmake_force_configure': False, 'cmake_target': None, 'cmake_target_skip_unavailable': False, 'install_base': '/home/telemaque/Robotics_Lab/ros2_ws/install/armando_control', 'merge_install': False, 'path': '/home/telemaque/Robotics_Lab/ros2_ws/src/armando_control', 'symlink_install': True, 'test_result_base': None}
[0.411s] Level 5:colcon.colcon_core.verb:set package 'armando_description' build argument 'cmake_args' from command line to 'None'
[0.411s] Level 5:colcon.colcon_core.verb:set package 'armando_description' build argument 'cmake_target' from command line to 'None'
[0.411s] Level 5:colcon.colcon_core.verb:set package 'armando_description' build argument 'cmake_target_skip_unavailable' from command line to 'False'
[0.411s] Level 5:colcon.colcon_core.verb:set package 'armando_description' build argument 'cmake_clean_cache' from command line to 'False'
[0.411s] Level 5:colcon.colcon_core.verb:set package 'armando_description' build argument 'cmake_clean_first' from command line to 'False'
[0.411s] Level 5:colcon.colcon_core.verb:set package 'armando_description' build argument 'cmake_force_configure' from command line to 'False'
[0.411s] Level 5:colcon.colcon_core.verb:set package 'armando_description' build argument 'ament_cmake_args' from command line to 'None'
[0.412s] Level 5:colcon.colcon_core.verb:set package 'armando_description' build argument 'catkin_cmake_args' from command line to 'None'
[0.412s] Level 5:colcon.colcon_core.verb:set package 'armando_description' build argument 'catkin_skip_building_tests' from command line to 'False'
[0.412s] DEBUG:colcon.colcon_core.verb:Building package 'armando_description' with the following arguments: {'ament_cmake_args': None, 'build_base': '/home/telemaque/Robotics_Lab/ros2_ws/build/armando_description', 'catkin_cmake_args': None, 'catkin_skip_building_tests': False, 'cmake_args': None, 'cmake_clean_cache': False, 'cmake_clean_first': False, 'cmake_force_configure': False, 'cmake_target': None, 'cmake_target_skip_unavailable': False, 'install_base': '/home/telemaque/Robotics_Lab/ros2_ws/install/armando_description', 'merge_install': False, 'path': '/home/telemaque/Robotics_Lab/ros2_ws/src/armando_description-main', 'symlink_install': True, 'test_result_base': None}
[0.412s] Level 5:colcon.colcon_core.verb:set package 'armando_gazebo' build argument 'cmake_args' from command line to 'None'
[0.412s] Level 5:colcon.colcon_core.verb:set package 'armando_gazebo' build argument 'cmake_target' from command line to 'None'
[0.412s] Level 5:colcon.colcon_core.verb:set package 'armando_gazebo' build argument 'cmake_target_skip_unavailable' from command line to 'False'
[0.412s] Level 5:colcon.colcon_core.verb:set package 'armando_gazebo' build argument 'cmake_clean_cache' from command line to 'False'
[0.412s] Level 5:colcon.colcon_core.verb:set package 'armando_gazebo' build argument 'cmake_clean_first' from command line to 'False'
[0.412s] Level 5:colcon.colcon_core.verb:set package 'armando_gazebo' build argument 'cmake_force_configure' from command line to 'False'
[0.412s] Level 5:colcon.colcon_core.verb:set package 'armando_gazebo' build argument 'ament_cmake_args' from command line to 'None'
[0.412s] Level 5:colcon.colcon_core.verb:set package 'armando_gazebo' build argument 'catkin_cmake_args' from command line to 'None'
[0.412s] Level 5:colcon.colcon_core.verb:set package 'armando_gazebo' build argument 'catkin_skip_building_tests' from command line to 'False'
[0.412s] DEBUG:colcon.colcon_core.verb:Building package 'armando_gazebo' with the following arguments: {'ament_cmake_args': None, 'build_base': '/home/telemaque/Robotics_Lab/ros2_ws/build/armando_gazebo', 'catkin_cmake_args': None, 'catkin_skip_building_tests': False, 'cmake_args': None, 'cmake_clean_cache': False, 'cmake_clean_first': False, 'cmake_force_configure': False, 'cmake_target': None, 'cmake_target_skip_unavailable': False, 'install_base': '/home/telemaque/Robotics_Lab/ros2_ws/install/armando_gazebo', 'merge_install': False, 'path': '/home/telemaque/Robotics_Lab/ros2_ws/src/armando_gazebo', 'symlink_install': True, 'test_result_base': None}
[0.413s] Level 5:colcon.colcon_core.verb:set package 'external_torque_sensor_broadcaster' build argument 'cmake_args' from command line to 'None'
[0.413s] Level 5:colcon.colcon_core.verb:set package 'external_torque_sensor_broadcaster' build argument 'cmake_target' from command line to 'None'
[0.413s] Level 5:colcon.colcon_core.verb:set package 'external_torque_sensor_broadcaster' build argument 'cmake_target_skip_unavailable' from command line to 'False'
[0.413s] Level 5:colcon.colcon_core.verb:set package 'external_torque_sensor_broadcaster' build argument 'cmake_clean_cache' from command line to 'False'
[0.413s] Level 5:colcon.colcon_core.verb:set package 'external_torque_sensor_broadcaster' build argument 'cmake_clean_first' from command line to 'False'
[0.413s] Level 5:colcon.colcon_core.verb:set package 'external_torque_sensor_broadcaster' build argument 'cmake_force_configure' from command line to 'False'
[0.413s] Level 5:colcon.colcon_core.verb:set package 'external_torque_sensor_broadcaster' build argument 'ament_cmake_args' from command line to 'None'
[0.413s] Level 5:colcon.colcon_core.verb:set package 'external_torque_sensor_broadcaster' build argument 'catkin_cmake_args' from command line to 'None'
[0.413s] Level 5:colcon.colcon_core.verb:set package 'external_torque_sensor_broadcaster' build argument 'catkin_skip_building_tests' from command line to 'False'
[0.413s] DEBUG:colcon.colcon_core.verb:Building package 'external_torque_sensor_broadcaster' with the following arguments: {'ament_cmake_args': None, 'build_base': '/home/telemaque/Robotics_Lab/ros2_ws/build/external_torque_sensor_broadcaster', 'catkin_cmake_args': None, 'catkin_skip_building_tests': False, 'cmake_args': None, 'cmake_clean_cache': False, 'cmake_clean_first': False, 'cmake_force_configure': False, 'cmake_target': None, 'cmake_target_skip_unavailable': False, 'install_base': '/home/telemaque/Robotics_Lab/ros2_ws/install/external_torque_sensor_broadcaster', 'merge_install': False, 'path': '/home/telemaque/Robotics_Lab/ros2_ws/src/ros2_iiwa/iiwa_controllers/external_torque_sensor_broadcaster', 'symlink_install': True, 'test_result_base': None}
[0.413s] Level 5:colcon.colcon_core.verb:set package 'iiwa_description' build argument 'cmake_args' from command line to 'None'
[0.413s] Level 5:colcon.colcon_core.verb:set package 'iiwa_description' build argument 'cmake_target' from command line to 'None'
[0.413s] Level 5:colcon.colcon_core.verb:set package 'iiwa_description' build argument 'cmake_target_skip_unavailable' from command line to 'False'
[0.413s] Level 5:colcon.colcon_core.verb:set package 'iiwa_description' build argument 'cmake_clean_cache' from command line to 'False'
[0.413s] Level 5:colcon.colcon_core.verb:set package 'iiwa_description' build argument 'cmake_clean_first' from command line to 'False'
[0.413s] Level 5:colcon.colcon_core.verb:set package 'iiwa_description' build argument 'cmake_force_configure' from command line to 'False'
[0.413s] Level 5:colcon.colcon_core.verb:set package 'iiwa_description' build argument 'ament_cmake_args' from command line to 'None'
[0.413s] Level 5:colcon.colcon_core.verb:set package 'iiwa_description' build argument 'catkin_cmake_args' from command line to 'None'
[0.413s] Level 5:colcon.colcon_core.verb:set package 'iiwa_description' build argument 'catkin_skip_building_tests' from command line to 'False'
[0.413s] DEBUG:colcon.colcon_core.verb:Building package 'iiwa_description' with the following arguments: {'ament_cmake_args': None, 'build_base': '/home/telemaque/Robotics_Lab/ros2_ws/build/iiwa_description', 'catkin_cmake_args': None, 'catkin_skip_building_tests': False, 'cmake_args': None, 'cmake_clean_cache': False, 'cmake_clean_first': False, 'cmake_force_configure': False, 'cmake_target': None, 'cmake_target_skip_unavailable': False, 'install_base': '/home/telemaque/Robotics_Lab/ros2_ws/install/iiwa_description', 'merge_install': False, 'path': '/home/telemaque/Robotics_Lab/ros2_ws/src/ros2_iiwa/iiwa_description', 'symlink_install': True, 'test_result_base': None}
[0.414s] Level 5:colcon.colcon_core.verb:set package 'impedance_controller' build argument 'cmake_args' from command line to 'None'
[0.414s] Level 5:colcon.colcon_core.verb:set package 'impedance_controller' build argument 'cmake_target' from command line to 'None'
[0.414s] Level 5:colcon.colcon_core.verb:set package 'impedance_controller' build argument 'cmake_target_skip_unavailable' from command line to 'False'
[0.414s] Level 5:colcon.colcon_core.verb:set package 'impedance_controller' build argument 'cmake_clean_cache' from command line to 'False'
[0.414s] Level 5:colcon.colcon_core.verb:set package 'impedance_controller' build argument 'cmake_clean_first' from command line to 'False'
[0.414s] Level 5:colcon.colcon_core.verb:set package 'impedance_controller' build argument 'cmake_force_configure' from command line to 'False'
[0.414s] Level 5:colcon.colcon_core.verb:set package 'impedance_controller' build argument 'ament_cmake_args' from command line to 'None'
[0.414s] Level 5:colcon.colcon_core.verb:set package 'impedance_controller' build argument 'catkin_cmake_args' from command line to 'None'
[0.414s] Level 5:colcon.colcon_core.verb:set package 'impedance_controller' build argument 'catkin_skip_building_tests' from command line to 'False'
[0.414s] DEBUG:colcon.colcon_core.verb:Building package 'impedance_controller' with the following arguments: {'ament_cmake_args': None, 'build_base': '/home/telemaque/Robotics_Lab/ros2_ws/build/impedance_controller', 'catkin_cmake_args': None, 'catkin_skip_building_tests': False, 'cmake_args': None, 'cmake_clean_cache': False, 'cmake_clean_first': False, 'cmake_force_configure': False, 'cmake_target': None, 'cmake_target_skip_unavailable': False, 'install_base': '/home/telemaque/Robotics_Lab/ros2_ws/install/impedance_controller', 'merge_install': False, 'path': '/home/telemaque/Robotics_Lab/ros2_ws/src/ros2_iiwa/iiwa_controllers/impedance_controller', 'symlink_install': True, 'test_result_base': None}
[0.414s] Level 5:colcon.colcon_core.verb:set package 'ros2_kdl_package' build argument 'cmake_args' from command line to 'None'
[0.414s] Level 5:colcon.colcon_core.verb:set package 'ros2_kdl_package' build argument 'cmake_target' from command line to 'None'
[0.414s] Level 5:colcon.colcon_core.verb:set package 'ros2_kdl_package' build argument 'cmake_target_skip_unavailable' from command line to 'False'
[0.414s] Level 5:colcon.colcon_core.verb:set package 'ros2_kdl_package' build argument 'cmake_clean_cache' from command line to 'False'
[0.414s] Level 5:colcon.colcon_core.verb:set package 'ros2_kdl_package' build argument 'cmake_clean_first' from command line to 'False'
[0.414s] Level 5:colcon.colcon_core.verb:set package 'ros2_kdl_package' build argument 'cmake_force_configure' from command line to 'False'
[0.414s] Level 5:colcon.colcon_core.verb:set package 'ros2_kdl_package' build argument 'ament_cmake_args' from command line to 'None'
[0.414s] Level 5:colcon.colcon_core.verb:set package 'ros2_kdl_package' build argument 'catkin_cmake_args' from command line to 'None'
[0.414s] Level 5:colcon.colcon_core.verb:set package 'ros2_kdl_package' build argument 'catkin_skip_building_tests' from command line to 'False'
[0.414s] DEBUG:colcon.colcon_core.verb:Building package 'ros2_kdl_package' with the following arguments: {'ament_cmake_args': None, 'build_base': '/home/telemaque/Robotics_Lab/ros2_ws/build/ros2_kdl_package', 'catkin_cmake_args': None, 'catkin_skip_building_tests': False, 'cmake_args': None, 'cmake_clean_cache': False, 'cmake_clean_first': False, 'cmake_force_configure': False, 'cmake_target': None, 'cmake_target_skip_unavailable': False, 'install_base': '/home/telemaque/Robotics_Lab/ros2_ws/install/ros2_kdl_package', 'merge_install': False, 'path': '/home/telemaque/Robotics_Lab/ros2_ws/src/ros2_kdl_package', 'symlink_install': True, 'test_result_base': None}
[0.415s] Level 5:colcon.colcon_core.verb:set package 'iiwa_bringup' build argument 'cmake_args' from command line to 'None'
[0.415s] Level 5:colcon.colcon_core.verb:set package 'iiwa_bringup' build argument 'cmake_target' from command line to 'None'
[0.415s] Level 5:colcon.colcon_core.verb:set package 'iiwa_bringup' build argument 'cmake_target_skip_unavailable' from command line to 'False'
[0.415s] Level 5:colcon.colcon_core.verb:set package 'iiwa_bringup' build argument 'cmake_clean_cache' from command line to 'False'
[0.415s] Level 5:colcon.colcon_core.verb:set package 'iiwa_bringup' build argument 'cmake_clean_first' from command line to 'False'
[0.415s] Level 5:colcon.colcon_core.verb:set package 'iiwa_bringup' build argument 'cmake_force_configure' from command line to 'False'
[0.415s] Level 5:colcon.colcon_core.verb:set package 'iiwa_bringup' build argument 'ament_cmake_args' from command line to 'None'
[0.415s] Level 5:colcon.colcon_core.verb:set package 'iiwa_bringup' build argument 'catkin_cmake_args' from command line to 'None'
[0.415s] Level 5:colcon.colcon_core.verb:set package 'iiwa_bringup' build argument 'catkin_skip_building_tests' from command line to 'False'
[0.415s] DEBUG:colcon.colcon_core.verb:Building package 'iiwa_bringup' with the following arguments: {'ament_cmake_args': None, 'build_base': '/home/telemaque/Robotics_Lab/ros2_ws/build/iiwa_bringup', 'catkin_cmake_args': None, 'catkin_skip_building_tests': False, 'cmake_args': None, 'cmake_clean_cache': False, 'cmake_clean_first': False, 'cmake_force_configure': False, 'cmake_target': None, 'cmake_target_skip_unavailable': False, 'install_base': '/home/telemaque/Robotics_Lab/ros2_ws/install/iiwa_bringup', 'merge_install': False, 'path': '/home/telemaque/Robotics_Lab/ros2_ws/src/ros2_iiwa/iiwa_bringup', 'symlink_install': True, 'test_result_base': None}
[0.415s] INFO:colcon.colcon_core.executor:Executing jobs using 'parallel' executor
[0.416s] DEBUG:colcon.colcon_parallel_executor.executor.parallel:run_until_complete
[0.417s] INFO:colcon.colcon_ros.task.ament_cmake.build:Building ROS package in '/home/telemaque/Robotics_Lab/ros2_ws/src/ros2_iiwa/iiwa_description' with build type 'ament_cmake'
[0.417s] INFO:colcon.colcon_cmake.task.cmake.build:Building CMake package in '/home/telemaque/Robotics_Lab/ros2_ws/src/ros2_iiwa/iiwa_description'
[0.420s] INFO:colcon.colcon_core.plugin_system:Skipping extension 'colcon_core.shell.bat': Not used on non-Windows systems
[0.420s] INFO:colcon.colcon_core.shell:Skip shell extension 'powershell' for command environment: Not usable outside of PowerShell
[0.420s] DEBUG:colcon.colcon_core.shell:Skip shell extension 'dsv' for command environment
[0.425s] INFO:colcon.colcon_ros.task.ament_cmake.build:Building ROS package in '/home/telemaque/Robotics_Lab/ros2_ws/src/armando_control' with build type 'ament_cmake'
[0.425s] INFO:colcon.colcon_cmake.task.cmake.build:Building CMake package in '/home/telemaque/Robotics_Lab/ros2_ws/src/armando_control'
[0.426s] INFO:colcon.colcon_core.shell:Skip shell extension 'powershell' for command environment: Not usable outside of PowerShell
[0.426s] DEBUG:colcon.colcon_core.shell:Skip shell extension 'dsv' for command environment
[0.431s] INFO:colcon.colcon_ros.task.ament_cmake.build:Building ROS package in '/home/telemaque/Robotics_Lab/ros2_ws/src/armando_description-main' with build type 'ament_cmake'
[0.431s] INFO:colcon.colcon_cmake.task.cmake.build:Building CMake package in '/home/telemaque/Robotics_Lab/ros2_ws/src/armando_description-main'
[0.431s] INFO:colcon.colcon_core.shell:Skip shell extension 'powershell' for command environment: Not usable outside of PowerShell
[0.431s] DEBUG:colcon.colcon_core.shell:Skip shell extension 'dsv' for command environment
[0.435s] INFO:colcon.colcon_ros.task.ament_cmake.build:Building ROS package in '/home/telemaque/Robotics_Lab/ros2_ws/src/armando_gazebo' with build type 'ament_cmake'
[0.435s] INFO:colcon.colcon_cmake.task.cmake.build:Building CMake package in '/home/telemaque/Robotics_Lab/ros2_ws/src/armando_gazebo'
[0.436s] INFO:colcon.colcon_core.shell:Skip shell extension 'powershell' for command environment: Not usable outside of PowerShell
[0.436s] DEBUG:colcon.colcon_core.shell:Skip shell extension 'dsv' for command environment
[0.440s] INFO:colcon.colcon_ros.task.ament_cmake.build:Building ROS package in '/home/telemaque/Robotics_Lab/ros2_ws/src/ros2_iiwa/iiwa_controllers/external_torque_sensor_broadcaster' with build type 'ament_cmake'
[0.440s] INFO:colcon.colcon_cmake.task.cmake.build:Building CMake package in '/home/telemaque/Robotics_Lab/ros2_ws/src/ros2_iiwa/iiwa_controllers/external_torque_sensor_broadcaster'
[0.440s] INFO:colcon.colcon_core.shell:Skip shell extension 'powershell' for command environment: Not usable outside of PowerShell
[0.441s] DEBUG:colcon.colcon_core.shell:Skip shell extension 'dsv' for command environment
[0.445s] INFO:colcon.colcon_ros.task.ament_cmake.build:Building ROS package in '/home/telemaque/Robotics_Lab/ros2_ws/src/ros2_iiwa/iiwa_controllers/impedance_controller' with build type 'ament_cmake'
[0.445s] INFO:colcon.colcon_cmake.task.cmake.build:Building CMake package in '/home/telemaque/Robotics_Lab/ros2_ws/src/ros2_iiwa/iiwa_controllers/impedance_controller'
[0.446s] INFO:colcon.colcon_core.shell:Skip shell extension 'powershell' for command environment: Not usable outside of PowerShell
[0.446s] DEBUG:colcon.colcon_core.shell:Skip shell extension 'dsv' for command environment
[0.450s] INFO:colcon.colcon_ros.task.ament_cmake.build:Building ROS package in '/home/telemaque/Robotics_Lab/ros2_ws/src/ros2_kdl_package' with build type 'ament_cmake'
[0.451s] INFO:colcon.colcon_cmake.task.cmake.build:Building CMake package in '/home/telemaque/Robotics_Lab/ros2_ws/src/ros2_kdl_package'
[0.451s] INFO:colcon.colcon_core.shell:Skip shell extension 'powershell' for command environment: Not usable outside of PowerShell
[0.451s] DEBUG:colcon.colcon_core.shell:Skip shell extension 'dsv' for command environment
[0.467s] DEBUG:colcon.colcon_core.event_handler.log_command:Invoking command in '/home/telemaque/Robotics_Lab/ros2_ws/build/iiwa_description': CMAKE_PREFIX_PATH=${CMAKE_PREFIX_PATH}:/opt/ros/humble /usr/bin/cmake /home/telemaque/Robotics_Lab/ros2_ws/src/ros2_iiwa/iiwa_description -DAMENT_CMAKE_SYMLINK_INSTALL=1 -DCMAKE_INSTALL_PREFIX=/home/telemaque/Robotics_Lab/ros2_ws/install/iiwa_description
[0.470s] DEBUG:colcon.colcon_core.event_handler.log_command:Invoking command in '/home/telemaque/Robotics_Lab/ros2_ws/build/armando_control': CMAKE_PREFIX_PATH=${CMAKE_PREFIX_PATH}:/opt/ros/humble /usr/bin/cmake /home/telemaque/Robotics_Lab/ros2_ws/src/armando_control -DAMENT_CMAKE_SYMLINK_INSTALL=1 -DCMAKE_INSTALL_PREFIX=/home/telemaque/Robotics_Lab/ros2_ws/install/armando_control
[0.473s] DEBUG:colcon.colcon_core.event_handler.log_command:Invoking command in '/home/telemaque/Robotics_Lab/ros2_ws/build/armando_description': CMAKE_PREFIX_PATH=${CMAKE_PREFIX_PATH}:/opt/ros/humble /usr/bin/cmake /home/telemaque/Robotics_Lab/ros2_ws/src/armando_description-main -DAMENT_CMAKE_SYMLINK_INSTALL=1 -DCMAKE_INSTALL_PREFIX=/home/telemaque/Robotics_Lab/ros2_ws/install/armando_description
[0.477s] DEBUG:colcon.colcon_core.event_handler.log_command:Invoking command in '/home/telemaque/Robotics_Lab/ros2_ws/build/armando_gazebo': CMAKE_PREFIX_PATH=${CMAKE_PREFIX_PATH}:/opt/ros/humble /usr/bin/cmake /home/telemaque/Robotics_Lab/ros2_ws/src/armando_gazebo -DAMENT_CMAKE_SYMLINK_INSTALL=1 -DCMAKE_INSTALL_PREFIX=/home/telemaque/Robotics_Lab/ros2_ws/install/armando_gazebo
[0.481s] DEBUG:colcon.colcon_core.event_handler.log_command:Invoking command in '/home/telemaque/Robotics_Lab/ros2_ws/build/external_torque_sensor_broadcaster': CMAKE_PREFIX_PATH=${CMAKE_PREFIX_PATH}:/opt/ros/humble /usr/bin/cmake /home/telemaque/Robotics_Lab/ros2_ws/src/ros2_iiwa/iiwa_controllers/external_torque_sensor_broadcaster -DAMENT_CMAKE_SYMLINK_INSTALL=1 -DCMAKE_INSTALL_PREFIX=/home/telemaque/Robotics_Lab/ros2_ws/install/external_torque_sensor_broadcaster
[0.489s] DEBUG:colcon.colcon_core.event_handler.log_command:Invoking command in '/home/telemaque/Robotics_Lab/ros2_ws/build/impedance_controller': CMAKE_PREFIX_PATH=${CMAKE_PREFIX_PATH}:/opt/ros/humble /usr/bin/cmake /home/telemaque/Robotics_Lab/ros2_ws/src/ros2_iiwa/iiwa_controllers/impedance_controller -DAMENT_CMAKE_SYMLINK_INSTALL=1 -DCMAKE_INSTALL_PREFIX=/home/telemaque/Robotics_Lab/ros2_ws/install/impedance_controller
[0.501s] DEBUG:colcon.colcon_core.event_handler.log_command:Invoking command in '/home/telemaque/Robotics_Lab/ros2_ws/build/ros2_kdl_package': CMAKE_PREFIX_PATH=${CMAKE_PREFIX_PATH}:/opt/ros/humble /usr/bin/cmake /home/telemaque/Robotics_Lab/ros2_ws/src/ros2_kdl_package -DAMENT_CMAKE_SYMLINK_INSTALL=1 -DCMAKE_INSTALL_PREFIX=/home/telemaque/Robotics_Lab/ros2_ws/install/ros2_kdl_package
[2.179s] DEBUG:colcon.colcon_core.event_handler.log_command:Invoked command in '/home/telemaque/Robotics_Lab/ros2_ws/build/armando_description' returned '0': CMAKE_PREFIX_PATH=${CMAKE_PREFIX_PATH}:/opt/ros/humble /usr/bin/cmake /home/telemaque/Robotics_Lab/ros2_ws/src/armando_description-main -DAMENT_CMAKE_SYMLINK_INSTALL=1 -DCMAKE_INSTALL_PREFIX=/home/telemaque/Robotics_Lab/ros2_ws/install/armando_description
[2.185s] DEBUG:colcon.colcon_core.event_handler.log_command:Invoking command in '/home/telemaque/Robotics_Lab/ros2_ws/build/armando_description': CMAKE_PREFIX_PATH=${CMAKE_PREFIX_PATH}:/opt/ros/humble /usr/bin/cmake --build /home/telemaque/Robotics_Lab/ros2_ws/build/armando_description -- -j12 -l12
[2.246s] DEBUG:colcon.colcon_core.event_handler.log_command:Invoked command in '/home/telemaque/Robotics_Lab/ros2_ws/build/iiwa_description' returned '0': CMAKE_PREFIX_PATH=${CMAKE_PREFIX_PATH}:/opt/ros/humble /usr/bin/cmake /home/telemaque/Robotics_Lab/ros2_ws/src/ros2_iiwa/iiwa_description -DAMENT_CMAKE_SYMLINK_INSTALL=1 -DCMAKE_INSTALL_PREFIX=/home/telemaque/Robotics_Lab/ros2_ws/install/iiwa_description
[2.250s] DEBUG:colcon.colcon_core.event_handler.log_command:Invoking command in '/home/telemaque/Robotics_Lab/ros2_ws/build/iiwa_description': CMAKE_PREFIX_PATH=${CMAKE_PREFIX_PATH}:/opt/ros/humble /usr/bin/cmake --build /home/telemaque/Robotics_Lab/ros2_ws/build/iiwa_description -- -j12 -l12
[2.270s] DEBUG:colcon.colcon_core.event_handler.log_command:Invoked command in '/home/telemaque/Robotics_Lab/ros2_ws/build/armando_description' returned '0': CMAKE_PREFIX_PATH=${CMAKE_PREFIX_PATH}:/opt/ros/humble /usr/bin/cmake --build /home/telemaque/Robotics_Lab/ros2_ws/build/armando_description -- -j12 -l12
[2.296s] DEBUG:colcon.colcon_core.event_handler.log_command:Invoking command in '/home/telemaque/Robotics_Lab/ros2_ws/build/armando_description': CMAKE_PREFIX_PATH=${CMAKE_PREFIX_PATH}:/opt/ros/humble /usr/bin/cmake --install /home/telemaque/Robotics_Lab/ros2_ws/build/armando_description
[2.350s] DEBUG:colcon.colcon_core.event_handler.log_command:Invoked command in '/home/telemaque/Robotics_Lab/ros2_ws/build/iiwa_description' returned '0': CMAKE_PREFIX_PATH=${CMAKE_PREFIX_PATH}:/opt/ros/humble /usr/bin/cmake --build /home/telemaque/Robotics_Lab/ros2_ws/build/iiwa_description -- -j12 -l12
[2.357s] DEBUG:colcon.colcon_core.event_handler.log_command:Invoking command in '/home/telemaque/Robotics_Lab/ros2_ws/build/iiwa_description': CMAKE_PREFIX_PATH=${CMAKE_PREFIX_PATH}:/opt/ros/humble /usr/bin/cmake --install /home/telemaque/Robotics_Lab/ros2_ws/build/iiwa_description
[3.046s] Level 1:colcon.colcon_core.environment:create_environment_scripts_only(armando_description)
[3.049s] DEBUG:colcon.colcon_core.event_handler.log_command:Invoked command in '/home/telemaque/Robotics_Lab/ros2_ws/build/armando_description' returned '0': CMAKE_PREFIX_PATH=${CMAKE_PREFIX_PATH}:/opt/ros/humble /usr/bin/cmake --install /home/telemaque/Robotics_Lab/ros2_ws/build/armando_description
[3.058s] Level 1:colcon.colcon_core.environment:checking '/home/telemaque/Robotics_Lab/ros2_ws/install/armando_description' for CMake module files
[3.059s] Level 1:colcon.colcon_core.environment:checking '/home/telemaque/Robotics_Lab/ros2_ws/install/armando_description' for CMake config files
[3.061s] Level 1:colcon.colcon_core.shell:create_environment_hook('armando_description', 'cmake_prefix_path')
[3.062s] INFO:colcon.colcon_core.shell:Creating environment hook '/home/telemaque/Robotics_Lab/ros2_ws/install/armando_description/share/armando_description/hook/cmake_prefix_path.ps1'
[3.065s] INFO:colcon.colcon_core.shell:Creating environment descriptor '/home/telemaque/Robotics_Lab/ros2_ws/install/armando_description/share/armando_description/hook/cmake_prefix_path.dsv'
[3.069s] INFO:colcon.colcon_core.shell:Creating environment hook '/home/telemaque/Robotics_Lab/ros2_ws/install/armando_description/share/armando_description/hook/cmake_prefix_path.sh'
[3.072s] Level 1:colcon.colcon_core.environment:checking '/home/telemaque/Robotics_Lab/ros2_ws/install/armando_description/bin'
[3.072s] Level 1:colcon.colcon_core.environment:checking '/home/telemaque/Robotics_Lab/ros2_ws/install/armando_description/lib/pkgconfig/armando_description.pc'
[3.073s] Level 1:colcon.colcon_core.environment:checking '/home/telemaque/Robotics_Lab/ros2_ws/install/armando_description/lib/python3.10/site-packages'
[3.074s] Level 1:colcon.colcon_core.environment:checking '/home/telemaque/Robotics_Lab/ros2_ws/install/armando_description/bin'
[3.074s] INFO:colcon.colcon_core.shell:Creating package script '/home/telemaque/Robotics_Lab/ros2_ws/install/armando_description/share/armando_description/package.ps1'
[3.077s] INFO:colcon.colcon_core.shell:Creating package descriptor '/home/telemaque/Robotics_Lab/ros2_ws/install/armando_description/share/armando_description/package.dsv'
[3.078s] INFO:colcon.colcon_core.shell:Creating package script '/home/telemaque/Robotics_Lab/ros2_ws/install/armando_description/share/armando_description/package.sh'
[3.080s] INFO:colcon.colcon_core.shell:Creating package script '/home/telemaque/Robotics_Lab/ros2_ws/install/armando_description/share/armando_description/package.bash'
[3.082s] INFO:colcon.colcon_core.shell:Creating package script '/home/telemaque/Robotics_Lab/ros2_ws/install/armando_description/share/armando_description/package.zsh'
[3.083s] Level 1:colcon.colcon_core.environment:create_file_with_runtime_dependencies(/home/telemaque/Robotics_Lab/ros2_ws/install/armando_description/share/colcon-core/packages/armando_description)
[3.085s] Level 1:colcon.colcon_core.environment:create_environment_scripts_only(armando_description)
[3.086s] Level 1:colcon.colcon_core.environment:checking '/home/telemaque/Robotics_Lab/ros2_ws/install/armando_description' for CMake module files
[3.087s] Level 1:colcon.colcon_core.environment:checking '/home/telemaque/Robotics_Lab/ros2_ws/install/armando_description' for CMake config files
[3.087s] Level 1:colcon.colcon_core.shell:create_environment_hook('armando_description', 'cmake_prefix_path')
[3.088s] INFO:colcon.colcon_core.shell:Creating environment hook '/home/telemaque/Robotics_Lab/ros2_ws/install/armando_description/share/armando_description/hook/cmake_prefix_path.ps1'
[3.089s] INFO:colcon.colcon_core.shell:Creating environment descriptor '/home/telemaque/Robotics_Lab/ros2_ws/install/armando_description/share/armando_description/hook/cmake_prefix_path.dsv'
[3.090s] INFO:colcon.colcon_core.shell:Creating environment hook '/home/telemaque/Robotics_Lab/ros2_ws/install/armando_description/share/armando_description/hook/cmake_prefix_path.sh'
[3.091s] Level 1:colcon.colcon_core.environment:checking '/home/telemaque/Robotics_Lab/ros2_ws/install/armando_description/bin'
[3.091s] Level 1:colcon.colcon_core.environment:checking '/home/telemaque/Robotics_Lab/ros2_ws/install/armando_description/lib/pkgconfig/armando_description.pc'
[3.092s] Level 1:colcon.colcon_core.environment:checking '/home/telemaque/Robotics_Lab/ros2_ws/install/armando_description/lib/python3.10/site-packages'
[3.093s] Level 1:colcon.colcon_core.environment:checking '/home/telemaque/Robotics_Lab/ros2_ws/install/armando_description/bin'
[3.093s] INFO:colcon.colcon_core.shell:Creating package script '/home/telemaque/Robotics_Lab/ros2_ws/install/armando_description/share/armando_description/package.ps1'
[3.097s] INFO:colcon.colcon_core.shell:Creating package descriptor '/home/telemaque/Robotics_Lab/ros2_ws/install/armando_description/share/armando_description/package.dsv'
[3.099s] INFO:colcon.colcon_core.shell:Creating package script '/home/telemaque/Robotics_Lab/ros2_ws/install/armando_description/share/armando_description/package.sh'
[3.102s] INFO:colcon.colcon_core.shell:Creating package script '/home/telemaque/Robotics_Lab/ros2_ws/install/armando_description/share/armando_description/package.bash'
[3.103s] INFO:colcon.colcon_core.shell:Creating package script '/home/telemaque/Robotics_Lab/ros2_ws/install/armando_description/share/armando_description/package.zsh'
[3.106s] Level 1:colcon.colcon_core.environment:create_file_with_runtime_dependencies(/home/telemaque/Robotics_Lab/ros2_ws/install/armando_description/share/colcon-core/packages/armando_description)
[3.505s] DEBUG:colcon.colcon_core.event_handler.log_command:Invoked command in '/home/telemaque/Robotics_Lab/ros2_ws/build/armando_control' returned '0': CMAKE_PREFIX_PATH=${CMAKE_PREFIX_PATH}:/opt/ros/humble /usr/bin/cmake /home/telemaque/Robotics_Lab/ros2_ws/src/armando_control -DAMENT_CMAKE_SYMLINK_INSTALL=1 -DCMAKE_INSTALL_PREFIX=/home/telemaque/Robotics_Lab/ros2_ws/install/armando_control
[3.511s] DEBUG:colcon.colcon_core.event_handler.log_command:Invoking command in '/home/telemaque/Robotics_Lab/ros2_ws/build/armando_control': CMAKE_PREFIX_PATH=${CMAKE_PREFIX_PATH}:/opt/ros/humble /usr/bin/cmake --build /home/telemaque/Robotics_Lab/ros2_ws/build/armando_control -- -j12 -l12
[3.802s] DEBUG:colcon.colcon_core.event_handler.log_command:Invoked command in '/home/telemaque/Robotics_Lab/ros2_ws/build/impedance_controller' returned '0': CMAKE_PREFIX_PATH=${CMAKE_PREFIX_PATH}:/opt/ros/humble /usr/bin/cmake /home/telemaque/Robotics_Lab/ros2_ws/src/ros2_iiwa/iiwa_controllers/impedance_controller -DAMENT_CMAKE_SYMLINK_INSTALL=1 -DCMAKE_INSTALL_PREFIX=/home/telemaque/Robotics_Lab/ros2_ws/install/impedance_controller
[3.807s] DEBUG:colcon.colcon_core.event_handler.log_command:Invoking command in '/home/telemaque/Robotics_Lab/ros2_ws/build/impedance_controller': CMAKE_PREFIX_PATH=${CMAKE_PREFIX_PATH}:/opt/ros/humble /usr/bin/cmake --build /home/telemaque/Robotics_Lab/ros2_ws/build/impedance_controller -- -j12 -l12
[3.809s] Level 1:colcon.colcon_core.environment:create_environment_scripts_only(iiwa_description)
[3.810s] Level 1:colcon.colcon_core.environment:checking '/home/telemaque/Robotics_Lab/ros2_ws/install/iiwa_description' for CMake module files
[3.812s] DEBUG:colcon.colcon_core.event_handler.log_command:Invoked command in '/home/telemaque/Robotics_Lab/ros2_ws/build/iiwa_description' returned '0': CMAKE_PREFIX_PATH=${CMAKE_PREFIX_PATH}:/opt/ros/humble /usr/bin/cmake --install /home/telemaque/Robotics_Lab/ros2_ws/build/iiwa_description
[3.813s] Level 1:colcon.colcon_core.environment:checking '/home/telemaque/Robotics_Lab/ros2_ws/install/iiwa_description' for CMake config files
[3.815s] Level 1:colcon.colcon_core.shell:create_environment_hook('iiwa_description', 'cmake_prefix_path')
[3.816s] INFO:colcon.colcon_core.shell:Creating environment hook '/home/telemaque/Robotics_Lab/ros2_ws/install/iiwa_description/share/iiwa_description/hook/cmake_prefix_path.ps1'
[3.818s] INFO:colcon.colcon_core.shell:Creating environment descriptor '/home/telemaque/Robotics_Lab/ros2_ws/install/iiwa_description/share/iiwa_description/hook/cmake_prefix_path.dsv'
[3.819s] INFO:colcon.colcon_core.shell:Creating environment hook '/home/telemaque/Robotics_Lab/ros2_ws/install/iiwa_description/share/iiwa_description/hook/cmake_prefix_path.sh'
[3.820s] Level 1:colcon.colcon_core.environment:checking '/home/telemaque/Robotics_Lab/ros2_ws/install/iiwa_description/bin'
[3.821s] Level 1:colcon.colcon_core.environment:checking '/home/telemaque/Robotics_Lab/ros2_ws/install/iiwa_description/lib/pkgconfig/iiwa_description.pc'
[3.821s] Level 1:colcon.colcon_core.environment:checking '/home/telemaque/Robotics_Lab/ros2_ws/install/iiwa_description/lib/python3.10/site-packages'
[3.823s] Level 1:colcon.colcon_core.environment:checking '/home/telemaque/Robotics_Lab/ros2_ws/install/iiwa_description/bin'
[3.824s] INFO:colcon.colcon_core.shell:Creating package script '/home/telemaque/Robotics_Lab/ros2_ws/install/iiwa_description/share/iiwa_description/package.ps1'
[3.827s] INFO:colcon.colcon_core.shell:Creating package descriptor '/home/telemaque/Robotics_Lab/ros2_ws/install/iiwa_description/share/iiwa_description/package.dsv'
[3.828s] INFO:colcon.colcon_core.shell:Creating package script '/home/telemaque/Robotics_Lab/ros2_ws/install/iiwa_description/share/iiwa_description/package.sh'
[3.830s] INFO:colcon.colcon_core.shell:Creating package script '/home/telemaque/Robotics_Lab/ros2_ws/install/iiwa_description/share/iiwa_description/package.bash'
[3.831s] INFO:colcon.colcon_core.shell:Creating package script '/home/telemaque/Robotics_Lab/ros2_ws/install/iiwa_description/share/iiwa_description/package.zsh'
[3.832s] Level 1:colcon.colcon_core.environment:create_file_with_runtime_dependencies(/home/telemaque/Robotics_Lab/ros2_ws/install/iiwa_description/share/colcon-core/packages/iiwa_description)
[3.834s] Level 1:colcon.colcon_core.environment:create_environment_scripts_only(iiwa_description)
[3.835s] Level 1:colcon.colcon_core.environment:checking '/home/telemaque/Robotics_Lab/ros2_ws/install/iiwa_description' for CMake module files
[3.837s] Level 1:colcon.colcon_core.environment:checking '/home/telemaque/Robotics_Lab/ros2_ws/install/iiwa_description' for CMake config files
[3.840s] Level 1:colcon.colcon_core.shell:create_environment_hook('iiwa_description', 'cmake_prefix_path')
[3.841s] INFO:colcon.colcon_core.shell:Creating environment hook '/home/telemaque/Robotics_Lab/ros2_ws/install/iiwa_description/share/iiwa_description/hook/cmake_prefix_path.ps1'
[3.842s] INFO:colcon.colcon_core.shell:Creating environment descriptor '/home/telemaque/Robotics_Lab/ros2_ws/install/iiwa_description/share/iiwa_description/hook/cmake_prefix_path.dsv'
[3.844s] INFO:colcon.colcon_core.shell:Creating environment hook '/home/telemaque/Robotics_Lab/ros2_ws/install/iiwa_description/share/iiwa_description/hook/cmake_prefix_path.sh'
[3.846s] Level 1:colcon.colcon_core.environment:checking '/home/telemaque/Robotics_Lab/ros2_ws/install/iiwa_description/bin'
[3.846s] Level 1:colcon.colcon_core.environment:checking '/home/telemaque/Robotics_Lab/ros2_ws/install/iiwa_description/lib/pkgconfig/iiwa_description.pc'
[3.847s] Level 1:colcon.colcon_core.environment:checking '/home/telemaque/Robotics_Lab/ros2_ws/install/iiwa_description/lib/python3.10/site-packages'
[3.848s] Level 1:colcon.colcon_core.environment:checking '/home/telemaque/Robotics_Lab/ros2_ws/install/iiwa_description/bin'
[3.849s] INFO:colcon.colcon_core.shell:Creating package script '/home/telemaque/Robotics_Lab/ros2_ws/install/iiwa_description/share/iiwa_description/package.ps1'
[3.851s] INFO:colcon.colcon_core.shell:Creating package descriptor '/home/telemaque/Robotics_Lab/ros2_ws/install/iiwa_description/share/iiwa_description/package.dsv'
[3.853s] INFO:colcon.colcon_core.shell:Creating package script '/home/telemaque/Robotics_Lab/ros2_ws/install/iiwa_description/share/iiwa_description/package.sh'
[3.855s] INFO:colcon.colcon_core.shell:Creating package script '/home/telemaque/Robotics_Lab/ros2_ws/install/iiwa_description/share/iiwa_description/package.bash'
[3.856s] INFO:colcon.colcon_core.shell:Creating package script '/home/telemaque/Robotics_Lab/ros2_ws/install/iiwa_description/share/iiwa_description/package.zsh'
[3.859s] Level 1:colcon.colcon_core.environment:create_file_with_runtime_dependencies(/home/telemaque/Robotics_Lab/ros2_ws/install/iiwa_description/share/colcon-core/packages/iiwa_description)
[3.860s] INFO:colcon.colcon_ros.task.ament_cmake.build:Building ROS package in '/home/telemaque/Robotics_Lab/ros2_ws/src/ros2_iiwa/iiwa_bringup' with build type 'ament_cmake'
[3.860s] INFO:colcon.colcon_cmake.task.cmake.build:Building CMake package in '/home/telemaque/Robotics_Lab/ros2_ws/src/ros2_iiwa/iiwa_bringup'
[3.861s] INFO:colcon.colcon_core.shell:Skip shell extension 'powershell' for command environment: Not usable outside of PowerShell
[3.861s] DEBUG:colcon.colcon_core.shell:Skip shell extension 'dsv' for command environment
[3.880s] DEBUG:colcon.colcon_core.event_handler.log_command:Invoked command in '/home/telemaque/Robotics_Lab/ros2_ws/build/ros2_kdl_package' returned '0': CMAKE_PREFIX_PATH=${CMAKE_PREFIX_PATH}:/opt/ros/humble /usr/bin/cmake /home/telemaque/Robotics_Lab/ros2_ws/src/ros2_kdl_package -DAMENT_CMAKE_SYMLINK_INSTALL=1 -DCMAKE_INSTALL_PREFIX=/home/telemaque/Robotics_Lab/ros2_ws/install/ros2_kdl_package
[3.882s] DEBUG:colcon.colcon_core.event_handler.log_command:Invoking command in '/home/telemaque/Robotics_Lab/ros2_ws/build/ros2_kdl_package': CMAKE_PREFIX_PATH=${CMAKE_PREFIX_PATH}:/opt/ros/humble /usr/bin/cmake --build /home/telemaque/Robotics_Lab/ros2_ws/build/ros2_kdl_package -- -j12 -l12
[3.891s] DEBUG:colcon.colcon_core.event_handler.log_command:Invoking command in '/home/telemaque/Robotics_Lab/ros2_ws/build/iiwa_bringup': CMAKE_PREFIX_PATH=/home/telemaque/Robotics_Lab/ros2_ws/install/iiwa_description:/home/telemaque/Robotics_Lab/ros2_ws/install/impedance_controller:/home/telemaque/Robotics_Lab/ros2_ws/install/iiwa_bringup:/home/telemaque/Robotics_Lab/ros2_ws/install/external_torque_sensor_broadcaster:/home/telemaque/Robotics_Lab/ros2_ws/install/armando_gazebo:/home/telemaque/Robotics_Lab/ros2_ws/install/armando_description:/opt/ros/humble /usr/bin/cmake /home/telemaque/Robotics_Lab/ros2_ws/src/ros2_iiwa/iiwa_bringup -DAMENT_CMAKE_SYMLINK_INSTALL=1 -DCMAKE_INSTALL_PREFIX=/home/telemaque/Robotics_Lab/ros2_ws/install/iiwa_bringup
[4.242s] DEBUG:colcon.colcon_core.event_handler.log_command:Invoked command in '/home/telemaque/Robotics_Lab/ros2_ws/build/external_torque_sensor_broadcaster' returned '0': CMAKE_PREFIX_PATH=${CMAKE_PREFIX_PATH}:/opt/ros/humble /usr/bin/cmake /home/telemaque/Robotics_Lab/ros2_ws/src/ros2_iiwa/iiwa_controllers/external_torque_sensor_broadcaster -DAMENT_CMAKE_SYMLINK_INSTALL=1 -DCMAKE_INSTALL_PREFIX=/home/telemaque/Robotics_Lab/ros2_ws/install/external_torque_sensor_broadcaster
[4.249s] DEBUG:colcon.colcon_core.event_handler.log_command:Invoking command in '/home/telemaque/Robotics_Lab/ros2_ws/build/external_torque_sensor_broadcaster': CMAKE_PREFIX_PATH=${CMAKE_PREFIX_PATH}:/opt/ros/humble /usr/bin/cmake --build /home/telemaque/Robotics_Lab/ros2_ws/build/external_torque_sensor_broadcaster -- -j12 -l12
[5.108s] DEBUG:colcon.colcon_core.event_handler.log_command:Invoked command in '/home/telemaque/Robotics_Lab/ros2_ws/build/armando_gazebo' returned '0': CMAKE_PREFIX_PATH=${CMAKE_PREFIX_PATH}:/opt/ros/humble /usr/bin/cmake /home/telemaque/Robotics_Lab/ros2_ws/src/armando_gazebo -DAMENT_CMAKE_SYMLINK_INSTALL=1 -DCMAKE_INSTALL_PREFIX=/home/telemaque/Robotics_Lab/ros2_ws/install/armando_gazebo
[5.116s] DEBUG:colcon.colcon_core.event_handler.log_command:Invoking command in '/home/telemaque/Robotics_Lab/ros2_ws/build/armando_gazebo': CMAKE_PREFIX_PATH=${CMAKE_PREFIX_PATH}:/opt/ros/humble /usr/bin/cmake --build /home/telemaque/Robotics_Lab/ros2_ws/build/armando_gazebo -- -j12 -l12
[5.267s] DEBUG:colcon.colcon_core.event_handler.log_command:Invoked command in '/home/telemaque/Robotics_Lab/ros2_ws/build/armando_gazebo' returned '0': CMAKE_PREFIX_PATH=${CMAKE_PREFIX_PATH}:/opt/ros/humble /usr/bin/cmake --build /home/telemaque/Robotics_Lab/ros2_ws/build/armando_gazebo -- -j12 -l12
[5.272s] DEBUG:colcon.colcon_core.event_handler.log_command:Invoking command in '/home/telemaque/Robotics_Lab/ros2_ws/build/armando_gazebo': CMAKE_PREFIX_PATH=${CMAKE_PREFIX_PATH}:/opt/ros/humble /usr/bin/cmake --install /home/telemaque/Robotics_Lab/ros2_ws/build/armando_gazebo
[5.814s] Level 1:colcon.colcon_core.environment:create_environment_scripts_only(armando_gazebo)
[5.816s] Level 1:colcon.colcon_core.environment:checking '/home/telemaque/Robotics_Lab/ros2_ws/install/armando_gazebo' for CMake module files
[5.818s] DEBUG:colcon.colcon_core.event_handler.log_command:Invoked command in '/home/telemaque/Robotics_Lab/ros2_ws/build/armando_gazebo' returned '0': CMAKE_PREFIX_PATH=${CMAKE_PREFIX_PATH}:/opt/ros/humble /usr/bin/cmake --install /home/telemaque/Robotics_Lab/ros2_ws/build/armando_gazebo
[5.820s] Level 1:colcon.colcon_core.environment:checking '/home/telemaque/Robotics_Lab/ros2_ws/install/armando_gazebo' for CMake config files
[5.821s] Level 1:colcon.colcon_core.shell:create_environment_hook('armando_gazebo', 'cmake_prefix_path')
[5.822s] INFO:colcon.colcon_core.shell:Creating environment hook '/home/telemaque/Robotics_Lab/ros2_ws/install/armando_gazebo/share/armando_gazebo/hook/cmake_prefix_path.ps1'
[5.825s] INFO:colcon.colcon_core.shell:Creating environment descriptor '/home/telemaque/Robotics_Lab/ros2_ws/install/armando_gazebo/share/armando_gazebo/hook/cmake_prefix_path.dsv'
[5.827s] INFO:colcon.colcon_core.shell:Creating environment hook '/home/telemaque/Robotics_Lab/ros2_ws/install/armando_gazebo/share/armando_gazebo/hook/cmake_prefix_path.sh'
[5.830s] Level 1:colcon.colcon_core.environment:checking '/home/telemaque/Robotics_Lab/ros2_ws/install/armando_gazebo/bin'
[5.830s] Level 1:colcon.colcon_core.environment:checking '/home/telemaque/Robotics_Lab/ros2_ws/install/armando_gazebo/lib/pkgconfig/armando_gazebo.pc'
[5.831s] Level 1:colcon.colcon_core.environment:checking '/home/telemaque/Robotics_Lab/ros2_ws/install/armando_gazebo/lib/python3.10/site-packages'
[5.833s] Level 1:colcon.colcon_core.environment:checking '/home/telemaque/Robotics_Lab/ros2_ws/install/armando_gazebo/bin'
[5.834s] INFO:colcon.colcon_core.shell:Creating package script '/home/telemaque/Robotics_Lab/ros2_ws/install/armando_gazebo/share/armando_gazebo/package.ps1'
[5.838s] INFO:colcon.colcon_core.shell:Creating package descriptor '/home/telemaque/Robotics_Lab/ros2_ws/install/armando_gazebo/share/armando_gazebo/package.dsv'
[5.841s] INFO:colcon.colcon_core.shell:Creating package script '/home/telemaque/Robotics_Lab/ros2_ws/install/armando_gazebo/share/armando_gazebo/package.sh'
[5.843s] INFO:colcon.colcon_core.shell:Creating package script '/home/telemaque/Robotics_Lab/ros2_ws/install/armando_gazebo/share/armando_gazebo/package.bash'
[5.845s] INFO:colcon.colcon_core.shell:Creating package script '/home/telemaque/Robotics_Lab/ros2_ws/install/armando_gazebo/share/armando_gazebo/package.zsh'
[5.848s] Level 1:colcon.colcon_core.environment:create_file_with_runtime_dependencies(/home/telemaque/Robotics_Lab/ros2_ws/install/armando_gazebo/share/colcon-core/packages/armando_gazebo)
[5.851s] Level 1:colcon.colcon_core.environment:create_environment_scripts_only(armando_gazebo)
[5.852s] Level 1:colcon.colcon_core.environment:checking '/home/telemaque/Robotics_Lab/ros2_ws/install/armando_gazebo' for CMake module files
[5.855s] Level 1:colcon.colcon_core.environment:checking '/home/telemaque/Robotics_Lab/ros2_ws/install/armando_gazebo' for CMake config files
[5.857s] Level 1:colcon.colcon_core.shell:create_environment_hook('armando_gazebo', 'cmake_prefix_path')
[5.859s] INFO:colcon.colcon_core.shell:Creating environment hook '/home/telemaque/Robotics_Lab/ros2_ws/install/armando_gazebo/share/armando_gazebo/hook/cmake_prefix_path.ps1'
[5.861s] INFO:colcon.colcon_core.shell:Creating environment descriptor '/home/telemaque/Robotics_Lab/ros2_ws/install/armando_gazebo/share/armando_gazebo/hook/cmake_prefix_path.dsv'
[5.863s] INFO:colcon.colcon_core.shell:Creating environment hook '/home/telemaque/Robotics_Lab/ros2_ws/install/armando_gazebo/share/armando_gazebo/hook/cmake_prefix_path.sh'
[5.866s] Level 1:colcon.colcon_core.environment:checking '/home/telemaque/Robotics_Lab/ros2_ws/install/armando_gazebo/bin'
[5.867s] Level 1:colcon.colcon_core.environment:checking '/home/telemaque/Robotics_Lab/ros2_ws/install/armando_gazebo/lib/pkgconfig/armando_gazebo.pc'
[5.868s] Level 1:colcon.colcon_core.environment:checking '/home/telemaque/Robotics_Lab/ros2_ws/install/armando_gazebo/lib/python3.10/site-packages'
[5.870s] Level 1:colcon.colcon_core.environment:checking '/home/telemaque/Robotics_Lab/ros2_ws/install/armando_gazebo/bin'
[5.871s] INFO:colcon.colcon_core.shell:Creating package script '/home/telemaque/Robotics_Lab/ros2_ws/install/armando_gazebo/share/armando_gazebo/package.ps1'
[5.874s] INFO:colcon.colcon_core.shell:Creating package descriptor '/home/telemaque/Robotics_Lab/ros2_ws/install/armando_gazebo/share/armando_gazebo/package.dsv'
[5.876s] INFO:colcon.colcon_core.shell:Creating package script '/home/telemaque/Robotics_Lab/ros2_ws/install/armando_gazebo/share/armando_gazebo/package.sh'
[5.879s] INFO:colcon.colcon_core.shell:Creating package script '/home/telemaque/Robotics_Lab/ros2_ws/install/armando_gazebo/share/armando_gazebo/package.bash'
[5.881s] INFO:colcon.colcon_core.shell:Creating package script '/home/telemaque/Robotics_Lab/ros2_ws/install/armando_gazebo/share/armando_gazebo/package.zsh'
[5.883s] Level 1:colcon.colcon_core.environment:create_file_with_runtime_dependencies(/home/telemaque/Robotics_Lab/ros2_ws/install/armando_gazebo/share/colcon-core/packages/armando_gazebo)
[8.026s] DEBUG:colcon.colcon_core.event_handler.log_command:Invoked command in '/home/telemaque/Robotics_Lab/ros2_ws/build/iiwa_bringup' returned '0': CMAKE_PREFIX_PATH=/home/telemaque/Robotics_Lab/ros2_ws/install/iiwa_description:/home/telemaque/Robotics_Lab/ros2_ws/install/impedance_controller:/home/telemaque/Robotics_Lab/ros2_ws/install/iiwa_bringup:/home/telemaque/Robotics_Lab/ros2_ws/install/external_torque_sensor_broadcaster:/home/telemaque/Robotics_Lab/ros2_ws/install/armando_gazebo:/home/telemaque/Robotics_Lab/ros2_ws/install/armando_description:/opt/ros/humble /usr/bin/cmake /home/telemaque/Robotics_Lab/ros2_ws/src/ros2_iiwa/iiwa_bringup -DAMENT_CMAKE_SYMLINK_INSTALL=1 -DCMAKE_INSTALL_PREFIX=/home/telemaque/Robotics_Lab/ros2_ws/install/iiwa_bringup
[8.033s] DEBUG:colcon.colcon_core.event_handler.log_command:Invoking command in '/home/telemaque/Robotics_Lab/ros2_ws/build/iiwa_bringup': CMAKE_PREFIX_PATH=/home/telemaque/Robotics_Lab/ros2_ws/install/iiwa_description:/home/telemaque/Robotics_Lab/ros2_ws/install/impedance_controller:/home/telemaque/Robotics_Lab/ros2_ws/install/iiwa_bringup:/home/telemaque/Robotics_Lab/ros2_ws/install/external_torque_sensor_broadcaster:/home/telemaque/Robotics_Lab/ros2_ws/install/armando_gazebo:/home/telemaque/Robotics_Lab/ros2_ws/install/armando_description:/opt/ros/humble /usr/bin/cmake --build /home/telemaque/Robotics_Lab/ros2_ws/build/iiwa_bringup -- -j12 -l12
[8.186s] DEBUG:colcon.colcon_core.event_handler.log_command:Invoked command in '/home/telemaque/Robotics_Lab/ros2_ws/build/iiwa_bringup' returned '0': CMAKE_PREFIX_PATH=/home/telemaque/Robotics_Lab/ros2_ws/install/iiwa_description:/home/telemaque/Robotics_Lab/ros2_ws/install/impedance_controller:/home/telemaque/Robotics_Lab/ros2_ws/install/iiwa_bringup:/home/telemaque/Robotics_Lab/ros2_ws/install/external_torque_sensor_broadcaster:/home/telemaque/Robotics_Lab/ros2_ws/install/armando_gazebo:/home/telemaque/Robotics_Lab/ros2_ws/install/armando_description:/opt/ros/humble /usr/bin/cmake --build /home/telemaque/Robotics_Lab/ros2_ws/build/iiwa_bringup -- -j12 -l12
[8.189s] DEBUG:colcon.colcon_core.event_handler.log_command:Invoking command in '/home/telemaque/Robotics_Lab/ros2_ws/build/iiwa_bringup': CMAKE_PREFIX_PATH=/home/telemaque/Robotics_Lab/ros2_ws/install/iiwa_description:/home/telemaque/Robotics_Lab/ros2_ws/install/impedance_controller:/home/telemaque/Robotics_Lab/ros2_ws/install/iiwa_bringup:/home/telemaque/Robotics_Lab/ros2_ws/install/external_torque_sensor_broadcaster:/home/telemaque/Robotics_Lab/ros2_ws/install/armando_gazebo:/home/telemaque/Robotics_Lab/ros2_ws/install/armando_description:/opt/ros/humble /usr/bin/cmake --install /home/telemaque/Robotics_Lab/ros2_ws/build/iiwa_bringup
[8.935s] Level 1:colcon.colcon_core.environment:create_environment_scripts_only(iiwa_bringup)
[8.937s] Level 1:colcon.colcon_core.environment:checking '/home/telemaque/Robotics_Lab/ros2_ws/install/iiwa_bringup' for CMake module files
[8.939s] DEBUG:colcon.colcon_core.event_handler.log_command:Invoked command in '/home/telemaque/Robotics_Lab/ros2_ws/build/iiwa_bringup' returned '0': CMAKE_PREFIX_PATH=/home/telemaque/Robotics_Lab/ros2_ws/install/iiwa_description:/home/telemaque/Robotics_Lab/ros2_ws/install/impedance_controller:/home/telemaque/Robotics_Lab/ros2_ws/install/iiwa_bringup:/home/telemaque/Robotics_Lab/ros2_ws/install/external_torque_sensor_broadcaster:/home/telemaque/Robotics_Lab/ros2_ws/install/armando_gazebo:/home/telemaque/Robotics_Lab/ros2_ws/install/armando_description:/opt/ros/humble /usr/bin/cmake --install /home/telemaque/Robotics_Lab/ros2_ws/build/iiwa_bringup
[8.941s] Level 1:colcon.colcon_core.environment:checking '/home/telemaque/Robotics_Lab/ros2_ws/install/iiwa_bringup' for CMake config files
[8.942s] Level 1:colcon.colcon_core.shell:create_environment_hook('iiwa_bringup', 'cmake_prefix_path')
[8.944s] INFO:colcon.colcon_core.shell:Creating environment hook '/home/telemaque/Robotics_Lab/ros2_ws/install/iiwa_bringup/share/iiwa_bringup/hook/cmake_prefix_path.ps1'
[8.946s] INFO:colcon.colcon_core.shell:Creating environment descriptor '/home/telemaque/Robotics_Lab/ros2_ws/install/iiwa_bringup/share/iiwa_bringup/hook/cmake_prefix_path.dsv'
[8.948s] INFO:colcon.colcon_core.shell:Creating environment hook '/home/telemaque/Robotics_Lab/ros2_ws/install/iiwa_bringup/share/iiwa_bringup/hook/cmake_prefix_path.sh'
[8.951s] Level 1:colcon.colcon_core.environment:checking '/home/telemaque/Robotics_Lab/ros2_ws/install/iiwa_bringup/bin'
[8.952s] Level 1:colcon.colcon_core.environment:checking '/home/telemaque/Robotics_Lab/ros2_ws/install/iiwa_bringup/lib/pkgconfig/iiwa_bringup.pc'
[8.953s] Level 1:colcon.colcon_core.environment:checking '/home/telemaque/Robotics_Lab/ros2_ws/install/iiwa_bringup/lib/python3.10/site-packages'
[8.954s] Level 1:colcon.colcon_core.environment:checking '/home/telemaque/Robotics_Lab/ros2_ws/install/iiwa_bringup/bin'
[8.956s] INFO:colcon.colcon_core.shell:Creating package script '/home/telemaque/Robotics_Lab/ros2_ws/install/iiwa_bringup/share/iiwa_bringup/package.ps1'
[8.958s] INFO:colcon.colcon_core.shell:Creating package descriptor '/home/telemaque/Robotics_Lab/ros2_ws/install/iiwa_bringup/share/iiwa_bringup/package.dsv'
[8.960s] INFO:colcon.colcon_core.shell:Creating package script '/home/telemaque/Robotics_Lab/ros2_ws/install/iiwa_bringup/share/iiwa_bringup/package.sh'
[8.962s] INFO:colcon.colcon_core.shell:Creating package script '/home/telemaque/Robotics_Lab/ros2_ws/install/iiwa_bringup/share/iiwa_bringup/package.bash'
[8.964s] INFO:colcon.colcon_core.shell:Creating package script '/home/telemaque/Robotics_Lab/ros2_ws/install/iiwa_bringup/share/iiwa_bringup/package.zsh'
[8.966s] Level 1:colcon.colcon_core.environment:create_file_with_runtime_dependencies(/home/telemaque/Robotics_Lab/ros2_ws/install/iiwa_bringup/share/colcon-core/packages/iiwa_bringup)
[8.969s] Level 1:colcon.colcon_core.environment:create_environment_scripts_only(iiwa_bringup)
[8.970s] Level 1:colcon.colcon_core.environment:checking '/home/telemaque/Robotics_Lab/ros2_ws/install/iiwa_bringup' for CMake module files
[8.972s] Level 1:colcon.colcon_core.environment:checking '/home/telemaque/Robotics_Lab/ros2_ws/install/iiwa_bringup' for CMake config files
[8.973s] Level 1:colcon.colcon_core.shell:create_environment_hook('iiwa_bringup', 'cmake_prefix_path')
[8.974s] INFO:colcon.colcon_core.shell:Creating environment hook '/home/telemaque/Robotics_Lab/ros2_ws/install/iiwa_bringup/share/iiwa_bringup/hook/cmake_prefix_path.ps1'
[8.976s] INFO:colcon.colcon_core.shell:Creating environment descriptor '/home/telemaque/Robotics_Lab/ros2_ws/install/iiwa_bringup/share/iiwa_bringup/hook/cmake_prefix_path.dsv'
[8.978s] INFO:colcon.colcon_core.shell:Creating environment hook '/home/telemaque/Robotics_Lab/ros2_ws/install/iiwa_bringup/share/iiwa_bringup/hook/cmake_prefix_path.sh'
[8.981s] Level 1:colcon.colcon_core.environment:checking '/home/telemaque/Robotics_Lab/ros2_ws/install/iiwa_bringup/bin'
[8.981s] Level 1:colcon.colcon_core.environment:checking '/home/telemaque/Robotics_Lab/ros2_ws/install/iiwa_bringup/lib/pkgconfig/iiwa_bringup.pc'
[8.982s] Level 1:colcon.colcon_core.environment:checking '/home/telemaque/Robotics_Lab/ros2_ws/install/iiwa_bringup/lib/python3.10/site-packages'
[8.984s] Level 1:colcon.colcon_core.environment:checking '/home/telemaque/Robotics_Lab/ros2_ws/install/iiwa_bringup/bin'
[8.985s] INFO:colcon.colcon_core.shell:Creating package script '/home/telemaque/Robotics_Lab/ros2_ws/install/iiwa_bringup/share/iiwa_bringup/package.ps1'
[8.988s] INFO:colcon.colcon_core.shell:Creating package descriptor '/home/telemaque/Robotics_Lab/ros2_ws/install/iiwa_bringup/share/iiwa_bringup/package.dsv'
[8.990s] INFO:colcon.colcon_core.shell:Creating package script '/home/telemaque/Robotics_Lab/ros2_ws/install/iiwa_bringup/share/iiwa_bringup/package.sh'
[8.994s] INFO:colcon.colcon_core.shell:Creating package script '/home/telemaque/Robotics_Lab/ros2_ws/install/iiwa_bringup/share/iiwa_bringup/package.bash'
[8.996s] INFO:colcon.colcon_core.shell:Creating package script '/home/telemaque/Robotics_Lab/ros2_ws/install/iiwa_bringup/share/iiwa_bringup/package.zsh'
[8.998s] Level 1:colcon.colcon_core.environment:create_file_with_runtime_dependencies(/home/telemaque/Robotics_Lab/ros2_ws/install/iiwa_bringup/share/colcon-core/packages/iiwa_bringup)
[20.984s] DEBUG:colcon.colcon_core.event_handler.log_command:Invoked command in '/home/telemaque/Robotics_Lab/ros2_ws/build/armando_control' returned '2': CMAKE_PREFIX_PATH=${CMAKE_PREFIX_PATH}:/opt/ros/humble /usr/bin/cmake --build /home/telemaque/Robotics_Lab/ros2_ws/build/armando_control -- -j12 -l12
[20.986s] Level 1:colcon.colcon_core.environment:create_environment_scripts_only(armando_control)
[20.987s] Level 1:colcon.colcon_core.environment:checking '/home/telemaque/Robotics_Lab/ros2_ws/install/armando_control' for CMake module files
[20.989s] Level 1:colcon.colcon_core.environment:checking '/home/telemaque/Robotics_Lab/ros2_ws/install/armando_control' for CMake config files
[20.989s] Level 1:colcon.colcon_core.environment:checking '/home/telemaque/Robotics_Lab/ros2_ws/install/armando_control/bin'
[20.990s] Level 1:colcon.colcon_core.environment:checking '/home/telemaque/Robotics_Lab/ros2_ws/install/armando_control/lib/pkgconfig/armando_control.pc'
[20.991s] Level 1:colcon.colcon_core.environment:checking '/home/telemaque/Robotics_Lab/ros2_ws/install/armando_control/lib/python3.10/site-packages'
[20.992s] Level 1:colcon.colcon_core.environment:checking '/home/telemaque/Robotics_Lab/ros2_ws/install/armando_control/bin'
[20.993s] INFO:colcon.colcon_core.shell:Creating package script '/home/telemaque/Robotics_Lab/ros2_ws/install/armando_control/share/armando_control/package.ps1'
[20.996s] INFO:colcon.colcon_core.shell:Creating package descriptor '/home/telemaque/Robotics_Lab/ros2_ws/install/armando_control/share/armando_control/package.dsv'
[20.998s] INFO:colcon.colcon_core.shell:Creating package script '/home/telemaque/Robotics_Lab/ros2_ws/install/armando_control/share/armando_control/package.sh'
[21.000s] INFO:colcon.colcon_core.shell:Creating package script '/home/telemaque/Robotics_Lab/ros2_ws/install/armando_control/share/armando_control/package.bash'
[21.001s] INFO:colcon.colcon_core.shell:Creating package script '/home/telemaque/Robotics_Lab/ros2_ws/install/armando_control/share/armando_control/package.zsh'
[21.003s] Level 1:colcon.colcon_core.environment:create_file_with_runtime_dependencies(/home/telemaque/Robotics_Lab/ros2_ws/install/armando_control/share/colcon-core/packages/armando_control)
[27.035s] DEBUG:colcon.colcon_parallel_executor.executor.parallel:run_until_complete was interrupted
[27.036s] DEBUG:colcon.colcon_parallel_executor.executor.parallel:run_until_complete again
[27.215s] DEBUG:colcon.colcon_parallel_executor.executor.parallel:run_until_complete finished
[27.215s] DEBUG:colcon.colcon_parallel_executor.executor.parallel:closing loop
[27.215s] DEBUG:colcon.colcon_parallel_executor.executor.parallel:loop closed
[27.215s] DEBUG:colcon.colcon_core.event_reactor:joining thread
[27.231s] INFO:colcon.colcon_core.plugin_system:Skipping extension 'colcon_notification.desktop_notification.terminal_notifier': Not used on non-Darwin systems
[27.231s] INFO:colcon.colcon_core.plugin_system:Skipping extension 'colcon_notification.desktop_notification.win32': Not used on non-Windows systems
[27.231s] INFO:colcon.colcon_notification.desktop_notification:Sending desktop notification using 'notify2'
[27.253s] DEBUG:colcon.colcon_core.event_reactor:joined thread
[27.254s] INFO:colcon.colcon_core.shell:Creating prefix script '/home/telemaque/Robotics_Lab/ros2_ws/install/local_setup.ps1'
[27.256s] INFO:colcon.colcon_core.shell:Creating prefix util module '/home/telemaque/Robotics_Lab/ros2_ws/install/_local_setup_util_ps1.py'
[27.258s] INFO:colcon.colcon_core.shell:Creating prefix chain script '/home/telemaque/Robotics_Lab/ros2_ws/install/setup.ps1'
[27.259s] INFO:colcon.colcon_core.shell:Creating prefix script '/home/telemaque/Robotics_Lab/ros2_ws/install/local_setup.sh'
[27.260s] INFO:colcon.colcon_core.shell:Creating prefix util module '/home/telemaque/Robotics_Lab/ros2_ws/install/_local_setup_util_sh.py'
[27.260s] INFO:colcon.colcon_core.shell:Creating prefix chain script '/home/telemaque/Robotics_Lab/ros2_ws/install/setup.sh'
[27.262s] INFO:colcon.colcon_core.shell:Creating prefix script '/home/telemaque/Robotics_Lab/ros2_ws/install/local_setup.bash'
[27.262s] INFO:colcon.colcon_core.shell:Creating prefix chain script '/home/telemaque/Robotics_Lab/ros2_ws/install/setup.bash'
[27.264s] INFO:colcon.colcon_core.shell:Creating prefix script '/home/telemaque/Robotics_Lab/ros2_ws/install/local_setup.zsh'
[27.264s] INFO:colcon.colcon_core.shell:Creating prefix chain script '/home/telemaque/Robotics_Lab/ros2_ws/install/setup.zsh'
