[0.055s] Invoking command in '/home/telemaque/Robotics_Lab/ros2_ws/build/external_torque_sensor_broadcaster': CMAKE_PREFIX_PATH=${CMAKE_PREFIX_PATH}:/opt/ros/humble /usr/bin/cmake --build /home/telemaque/Robotics_Lab/ros2_ws/build/external_torque_sensor_broadcaster -- -j12 -l12
[0.174s] [35m[1mConsolidate compiler generated dependencies of target external_torque_sensor_broadcaster[0m
[0.229s] [100%] Built target external_torque_sensor_broadcaster
[0.387s] Invoked command in '/home/telemaque/Robotics_Lab/ros2_ws/build/external_torque_sensor_broadcaster' returned '0': CMAKE_PREFIX_PATH=${CMAKE_PREFIX_PATH}:/opt/ros/humble /usr/bin/cmake --build /home/telemaque/Robotics_Lab/ros2_ws/build/external_torque_sensor_broadcaster -- -j12 -l12
[0.391s] Invoking command in '/home/telemaque/Robotics_Lab/ros2_ws/build/external_torque_sensor_broadcaster': CMAKE_PREFIX_PATH=${CMAKE_PREFIX_PATH}:/opt/ros/humble /usr/bin/cmake --install /home/telemaque/Robotics_Lab/ros2_ws/build/external_torque_sensor_broadcaster
[0.413s] -- Install configuration: ""
[0.415s] -- Execute custom install script
[0.416s] -- Symlinking: /home/telemaque/Robotics_Lab/ros2_ws/install/external_torque_sensor_broadcaster/share/external_torque_sensor_broadcaster//external_torque_sensor_broadcaster.xml
[0.442s] -- Symlinking: /home/telemaque/Robotics_Lab/ros2_ws/install/external_torque_sensor_broadcaster/lib/libexternal_torque_sensor_broadcaster.so
[0.467s] -- Symlinking: /home/telemaque/Robotics_Lab/ros2_ws/install/external_torque_sensor_broadcaster/include/external_torque_sensor_broadcaster/external_torque_sensor.hpp
[0.490s] -- Symlinking: /home/telemaque/Robotics_Lab/ros2_ws/install/external_torque_sensor_broadcaster/include/external_torque_sensor_broadcaster/external_torque_sensor_broadcaster.hpp
[0.519s] -- Symlinking: /home/telemaque/Robotics_Lab/ros2_ws/install/external_torque_sensor_broadcaster/include/external_torque_sensor_broadcaster/visibility_control.h
[0.541s] -- Symlinking: /home/telemaque/Robotics_Lab/ros2_ws/install/external_torque_sensor_broadcaster/share/external_torque_sensor_broadcaster/environment/library_path.sh
[0.565s] -- Symlinking: /home/telemaque/Robotics_Lab/ros2_ws/install/external_torque_sensor_broadcaster/share/external_torque_sensor_broadcaster/environment/library_path.dsv
[0.593s] -- Symlinking: /home/telemaque/Robotics_Lab/ros2_ws/install/external_torque_sensor_broadcaster/share/ament_index/resource_index/package_run_dependencies/external_torque_sensor_broadcaster
[0.615s] -- Symlinking: /home/telemaque/Robotics_Lab/ros2_ws/install/external_torque_sensor_broadcaster/share/ament_index/resource_index/parent_prefix_path/external_torque_sensor_broadcaster
[0.638s] -- Symlinking: /home/telemaque/Robotics_Lab/ros2_ws/install/external_torque_sensor_broadcaster/share/external_torque_sensor_broadcaster/environment/ament_prefix_path.sh
[0.662s] -- Symlinking: /home/telemaque/Robotics_Lab/ros2_ws/install/external_torque_sensor_broadcaster/share/external_torque_sensor_broadcaster/environment/ament_prefix_path.dsv
[0.684s] -- Symlinking: /home/telemaque/Robotics_Lab/ros2_ws/install/external_torque_sensor_broadcaster/share/external_torque_sensor_broadcaster/environment/path.sh
[0.707s] -- Symlinking: /home/telemaque/Robotics_Lab/ros2_ws/install/external_torque_sensor_broadcaster/share/external_torque_sensor_broadcaster/environment/path.dsv
[0.733s] -- Symlinking: /home/telemaque/Robotics_Lab/ros2_ws/install/external_torque_sensor_broadcaster/share/external_torque_sensor_broadcaster/local_setup.bash
[0.756s] -- Symlinking: /home/telemaque/Robotics_Lab/ros2_ws/install/external_torque_sensor_broadcaster/share/external_torque_sensor_broadcaster/local_setup.sh
[0.778s] -- Symlinking: /home/telemaque/Robotics_Lab/ros2_ws/install/external_torque_sensor_broadcaster/share/external_torque_sensor_broadcaster/local_setup.zsh
[0.799s] -- Symlinking: /home/telemaque/Robotics_Lab/ros2_ws/install/external_torque_sensor_broadcaster/share/external_torque_sensor_broadcaster/local_setup.dsv
[0.822s] -- Symlinking: /home/telemaque/Robotics_Lab/ros2_ws/install/external_torque_sensor_broadcaster/share/external_torque_sensor_broadcaster/package.dsv
[0.846s] -- Symlinking: /home/telemaque/Robotics_Lab/ros2_ws/install/external_torque_sensor_broadcaster/share/ament_index/resource_index/packages/external_torque_sensor_broadcaster
[0.869s] -- Symlinking: /home/telemaque/Robotics_Lab/ros2_ws/install/external_torque_sensor_broadcaster/share/ament_index/resource_index/controller_interface__pluginlib__plugin/external_torque_sensor_broadcaster
[0.891s] -- Symlinking: /home/telemaque/Robotics_Lab/ros2_ws/install/external_torque_sensor_broadcaster/share/external_torque_sensor_broadcaster/cmake/ament_cmake_export_include_directories-extras.cmake
[0.915s] -- Symlinking: /home/telemaque/Robotics_Lab/ros2_ws/install/external_torque_sensor_broadcaster/share/external_torque_sensor_broadcaster/cmake/ament_cmake_export_libraries-extras.cmake
[0.940s] -- Symlinking: /home/telemaque/Robotics_Lab/ros2_ws/install/external_torque_sensor_broadcaster/share/external_torque_sensor_broadcaster/cmake/ament_cmake_export_dependencies-extras.cmake
[0.966s] -- Symlinking: /home/telemaque/Robotics_Lab/ros2_ws/install/external_torque_sensor_broadcaster/share/external_torque_sensor_broadcaster/cmake/external_torque_sensor_broadcasterConfig.cmake
[0.991s] -- Symlinking: /home/telemaque/Robotics_Lab/ros2_ws/install/external_torque_sensor_broadcaster/share/external_torque_sensor_broadcaster/cmake/external_torque_sensor_broadcasterConfig-version.cmake
[1.017s] -- Symlinking: /home/telemaque/Robotics_Lab/ros2_ws/install/external_torque_sensor_broadcaster/share/external_torque_sensor_broadcaster/package.xml
[1.049s] Invoked command in '/home/telemaque/Robotics_Lab/ros2_ws/build/external_torque_sensor_broadcaster' returned '0': CMAKE_PREFIX_PATH=${CMAKE_PREFIX_PATH}:/opt/ros/humble /usr/bin/cmake --install /home/telemaque/Robotics_Lab/ros2_ws/build/external_torque_sensor_broadcaster
