[35m[1mConsolidate compiler generated dependencies of target joint_position_publisher[0m
[100%] Built target joint_position_publisher
-- Install configuration: ""
-- Execute custom install script
-- Up-to-date symlink: /home/telemaque/Robotics_Lab/ros2_ws/install/armando_control/lib/armando_control/joint_position_publisher
-- Up-to-date symlink: /home/telemaque/Robotics_Lab/ros2_ws/install/armando_control/share/ament_index/resource_index/package_run_dependencies/armando_control
-- Up-to-date symlink: /home/telemaque/Robotics_Lab/ros2_ws/install/armando_control/share/ament_index/resource_index/parent_prefix_path/armando_control
-- Up-to-date symlink: /home/telemaque/Robotics_Lab/ros2_ws/install/armando_control/share/armando_control/environment/ament_prefix_path.sh
-- Up-to-date symlink: /home/telemaque/Robotics_Lab/ros2_ws/install/armando_control/share/armando_control/environment/ament_prefix_path.dsv
-- Up-to-date symlink: /home/telemaque/Robotics_Lab/ros2_ws/install/armando_control/share/armando_control/environment/path.sh
-- Up-to-date symlink: /home/telemaque/Robotics_Lab/ros2_ws/install/armando_control/share/armando_control/environment/path.dsv
-- Up-to-date symlink: /home/telemaque/Robotics_Lab/ros2_ws/install/armando_control/share/armando_control/local_setup.bash
-- Up-to-date symlink: /home/telemaque/Robotics_Lab/ros2_ws/install/armando_control/share/armando_control/local_setup.sh
-- Up-to-date symlink: /home/telemaque/Robotics_Lab/ros2_ws/install/armando_control/share/armando_control/local_setup.zsh
-- Up-to-date symlink: /home/telemaque/Robotics_Lab/ros2_ws/install/armando_control/share/armando_control/local_setup.dsv
-- Symlinking: /home/telemaque/Robotics_Lab/ros2_ws/install/armando_control/share/armando_control/package.dsv
-- Up-to-date symlink: /home/telemaque/Robotics_Lab/ros2_ws/install/armando_control/share/ament_index/resource_index/packages/armando_control
-- Up-to-date symlink: /home/telemaque/Robotics_Lab/ros2_ws/install/armando_control/share/armando_control/cmake/armando_controlConfig.cmake
-- Up-to-date symlink: /home/telemaque/Robotics_Lab/ros2_ws/install/armando_control/share/armando_control/cmake/armando_controlConfig-version.cmake
-- Up-to-date symlink: /home/telemaque/Robotics_Lab/ros2_ws/install/armando_control/share/armando_control/package.xml
