[0.045s] Invoking command in '/home/telemaque/Robotics_Lab/ros2_ws/build/armando_description': CMAKE_PREFIX_PATH=${CMAKE_PREFIX_PATH}:/opt/ros/humble /usr/bin/cmake --build /home/telemaque/Robotics_Lab/ros2_ws/build/armando_description -- -j12 -l12
[0.157s] Invoked command in '/home/telemaque/Robotics_Lab/ros2_ws/build/armando_description' returned '0': CMAKE_PREFIX_PATH=${CMAKE_PREFIX_PATH}:/opt/ros/humble /usr/bin/cmake --build /home/telemaque/Robotics_Lab/ros2_ws/build/armando_description -- -j12 -l12
[0.162s] Invoking command in '/home/telemaque/Robotics_Lab/ros2_ws/build/armando_description': CMAKE_PREFIX_PATH=${CMAKE_PREFIX_PATH}:/opt/ros/humble /usr/bin/cmake --install /home/telemaque/Robotics_Lab/ros2_ws/build/armando_description
[0.196s] -- Install configuration: ""
[0.203s] -- Execute custom install script
[0.204s] -- Up-to-date symlink: /home/telemaque/Robotics_Lab/ros2_ws/install/armando_description/share/armando_description//launch/armando_display.launch.py
[0.205s] -- Up-to-date symlink: /home/telemaque/Robotics_Lab/ros2_ws/install/armando_description/share/armando_description//urdf/armando.urdf.xacro
[0.206s] -- Up-to-date symlink: /home/telemaque/Robotics_Lab/ros2_ws/install/armando_description/share/armando_description//urdf/armando_hardware_interface.xacro
[0.206s] -- Up-to-date symlink: /home/telemaque/Robotics_Lab/ros2_ws/install/armando_description/share/armando_description//meshes/base_legs_arbotix_m.stl
[0.206s] -- Up-to-date symlink: /home/telemaque/Robotics_Lab/ros2_ws/install/armando_description/share/armando_description//meshes/base_link.stl
[0.207s] -- Up-to-date symlink: /home/telemaque/Robotics_Lab/ros2_ws/install/armando_description/share/armando_description//meshes/base_turn.stl
[0.207s] -- Up-to-date symlink: /home/telemaque/Robotics_Lab/ros2_ws/install/armando_description/share/armando_description//meshes/base_turn_table.stl
[0.207s] -- Up-to-date symlink: /home/telemaque/Robotics_Lab/ros2_ws/install/armando_description/share/armando_description//meshes/base_turn_table_bot.stl
[0.208s] -- Up-to-date symlink: /home/telemaque/Robotics_Lab/ros2_ws/install/armando_description/share/armando_description//meshes/base_turn_table_rot.stl
[0.208s] -- Up-to-date symlink: /home/telemaque/Robotics_Lab/ros2_ws/install/armando_description/share/armando_description//meshes/base_turn_table_spacer.stl
[0.209s] -- Up-to-date symlink: /home/telemaque/Robotics_Lab/ros2_ws/install/armando_description/share/armando_description//meshes/dyn.stl
[0.209s] -- Up-to-date symlink: /home/telemaque/Robotics_Lab/ros2_ws/install/armando_description/share/armando_description//meshes/f4_n_f3.stl
[0.209s] -- Up-to-date symlink: /home/telemaque/Robotics_Lab/ros2_ws/install/armando_description/share/armando_description//meshes/inertia.py
[0.209s] -- Up-to-date symlink: /home/telemaque/Robotics_Lab/ros2_ws/install/armando_description/share/armando_description//meshes/servo_hinge_flange.stl
[0.210s] -- Up-to-date symlink: /home/telemaque/Robotics_Lab/ros2_ws/install/armando_description/share/armando_description//meshes/the_crawer.stl
[0.210s] -- Up-to-date symlink: /home/telemaque/Robotics_Lab/ros2_ws/install/armando_description/share/armando_description//meshes/the_crawer_base.stl
[0.211s] -- Up-to-date symlink: /home/telemaque/Robotics_Lab/ros2_ws/install/armando_description/share/armando_description//meshes/the_crawer_lever.stl
[0.211s] -- Up-to-date symlink: /home/telemaque/Robotics_Lab/ros2_ws/install/armando_description/share/armando_description//meshes/wrist.stl
[0.211s] -- Up-to-date symlink: /home/telemaque/Robotics_Lab/ros2_ws/install/armando_description/share/armando_description//meshes/wrist_rotate.stl
[0.212s] -- Up-to-date symlink: /home/telemaque/Robotics_Lab/ros2_ws/install/armando_description/share/armando_description//config/armando.rviz
[0.213s] -- Up-to-date symlink: /home/telemaque/Robotics_Lab/ros2_ws/install/armando_description/share/ament_index/resource_index/package_run_dependencies/armando_description
[0.213s] -- Up-to-date symlink: /home/telemaque/Robotics_Lab/ros2_ws/install/armando_description/share/ament_index/resource_index/parent_prefix_path/armando_description
[0.218s] -- Up-to-date symlink: /home/telemaque/Robotics_Lab/ros2_ws/install/armando_description/share/armando_description/environment/ament_prefix_path.sh
[0.218s] -- Up-to-date symlink: /home/telemaque/Robotics_Lab/ros2_ws/install/armando_description/share/armando_description/environment/ament_prefix_path.dsv
[0.218s] -- Up-to-date symlink: /home/telemaque/Robotics_Lab/ros2_ws/install/armando_description/share/armando_description/environment/path.sh
[0.222s] -- Up-to-date symlink: /home/telemaque/Robotics_Lab/ros2_ws/install/armando_description/share/armando_description/environment/path.dsv
[0.228s] -- Up-to-date symlink: /home/telemaque/Robotics_Lab/ros2_ws/install/armando_description/share/armando_description/local_setup.bash
[0.229s] -- Up-to-date symlink: /home/telemaque/Robotics_Lab/ros2_ws/install/armando_description/share/armando_description/local_setup.sh
[0.229s] -- Up-to-date symlink: /home/telemaque/Robotics_Lab/ros2_ws/install/armando_description/share/armando_description/local_setup.zsh
[0.229s] -- Up-to-date symlink: /home/telemaque/Robotics_Lab/ros2_ws/install/armando_description/share/armando_description/local_setup.dsv
[0.230s] -- Symlinking: /home/telemaque/Robotics_Lab/ros2_ws/install/armando_description/share/armando_description/package.dsv
[0.241s] -- Up-to-date symlink: /home/telemaque/Robotics_Lab/ros2_ws/install/armando_description/share/ament_index/resource_index/packages/armando_description
[0.241s] -- Up-to-date symlink: /home/telemaque/Robotics_Lab/ros2_ws/install/armando_description/share/armando_description/cmake/armando_descriptionConfig.cmake
[0.241s] -- Up-to-date symlink: /home/telemaque/Robotics_Lab/ros2_ws/install/armando_description/share/armando_description/cmake/armando_descriptionConfig-version.cmake
[0.242s] -- Up-to-date symlink: /home/telemaque/Robotics_Lab/ros2_ws/install/armando_description/share/armando_description/package.xml
[0.319s] Invoked command in '/home/telemaque/Robotics_Lab/ros2_ws/build/armando_description' returned '0': CMAKE_PREFIX_PATH=${CMAKE_PREFIX_PATH}:/opt/ros/humble /usr/bin/cmake --install /home/telemaque/Robotics_Lab/ros2_ws/build/armando_description
