[0.119s] DEBUG:colcon:Command line arguments: ['/usr/bin/colcon', 'build', '--packages-select', 'ros2_kdl_package']
[0.119s] DEBUG:colcon:Parsed command line arguments: Namespace(log_base=None, log_level=None, verb_name='build', build_base='build', install_base='install', merge_install=False, symlink_install=False, test_result_base=None, continue_on_error=False, executor='parallel', parallel_workers=12, event_handlers=None, ignore_user_meta=False, metas=['./colcon.meta'], base_paths=['.'], packages_ignore=None, packages_ignore_regex=None, paths=None, packages_up_to=None, packages_up_to_regex=None, packages_above=None, packages_above_and_dependencies=None, packages_above_depth=None, packages_select_by_dep=None, packages_skip_by_dep=None, packages_skip_up_to=None, packages_select_build_failed=False, packages_skip_build_finished=False, packages_select_test_failures=False, packages_skip_test_passed=False, packages_select=['ros2_kdl_package'], packages_skip=None, packages_select_regex=None, packages_skip_regex=None, packages_start=None, packages_end=None, allow_overriding=[], cmake_args=None, cmake_target=None, cmake_target_skip_unavailable=False, cmake_clean_cache=False, cmake_clean_first=False, cmake_force_configure=False, ament_cmake_args=None, catkin_cmake_args=None, catkin_skip_building_tests=False, verb_parser=<colcon_defaults.argument_parser.defaults.DefaultArgumentsDecorator object at 0x7a12028f6da0>, verb_extension=<colcon_core.verb.build.BuildVerb object at 0x7a1202a3c910>, main=<bound method BuildVerb.main of <colcon_core.verb.build.BuildVerb object at 0x7a1202a3c910>>)
[0.267s] Level 1:colcon.colcon_core.package_discovery:discover_packages(colcon_meta) check parameters
[0.267s] Level 1:colcon.colcon_core.package_discovery:discover_packages(recursive) check parameters
[0.267s] Level 1:colcon.colcon_core.package_discovery:discover_packages(ignore) check parameters
[0.267s] Level 1:colcon.colcon_core.package_discovery:discover_packages(path) check parameters
[0.267s] Level 1:colcon.colcon_core.package_discovery:discover_packages(colcon_meta) discover
[0.267s] Level 1:colcon.colcon_core.package_discovery:discover_packages(recursive) discover
[0.267s] INFO:colcon.colcon_core.package_discovery:Crawling recursively for packages in '/home/telemaque/Robotics_Lab/ros2_ws'
[0.267s] Level 1:colcon.colcon_core.package_identification:_identify(.) by extensions ['ignore', 'ignore_ament_install']
[0.267s] Level 1:colcon.colcon_core.package_identification:_identify(.) by extension 'ignore'
[0.267s] Level 1:colcon.colcon_core.package_identification:_identify(.) by extension 'ignore_ament_install'
[0.267s] Level 1:colcon.colcon_core.package_identification:_identify(.) by extensions ['colcon_pkg']
[0.267s] Level 1:colcon.colcon_core.package_identification:_identify(.) by extension 'colcon_pkg'
[0.268s] Level 1:colcon.colcon_core.package_identification:_identify(.) by extensions ['colcon_meta']
[0.268s] Level 1:colcon.colcon_core.package_identification:_identify(.) by extension 'colcon_meta'
[0.268s] Level 1:colcon.colcon_core.package_identification:_identify(.) by extensions ['ros']
[0.268s] Level 1:colcon.colcon_core.package_identification:_identify(.) by extension 'ros'
[0.281s] Level 1:colcon.colcon_core.package_identification:_identify(.) by extensions ['cmake', 'python']
[0.282s] Level 1:colcon.colcon_core.package_identification:_identify(.) by extension 'cmake'
[0.282s] Level 1:colcon.colcon_core.package_identification:_identify(.) by extension 'python'
[0.282s] Level 1:colcon.colcon_core.package_identification:_identify(.) by extensions ['python_setup_py']
[0.282s] Level 1:colcon.colcon_core.package_identification:_identify(.) by extension 'python_setup_py'
[0.282s] Level 1:colcon.colcon_core.package_identification:_identify(build) by extensions ['ignore', 'ignore_ament_install']
[0.282s] Level 1:colcon.colcon_core.package_identification:_identify(build) by extension 'ignore'
[0.282s] Level 1:colcon.colcon_core.package_identification:_identify(build) ignored
[0.282s] Level 1:colcon.colcon_core.package_identification:_identify(install) by extensions ['ignore', 'ignore_ament_install']
[0.282s] Level 1:colcon.colcon_core.package_identification:_identify(install) by extension 'ignore'
[0.282s] Level 1:colcon.colcon_core.package_identification:_identify(install) ignored
[0.282s] Level 1:colcon.colcon_core.package_identification:_identify(log) by extensions ['ignore', 'ignore_ament_install']
[0.283s] Level 1:colcon.colcon_core.package_identification:_identify(log) by extension 'ignore'
[0.283s] Level 1:colcon.colcon_core.package_identification:_identify(log) ignored
[0.283s] Level 1:colcon.colcon_core.package_identification:_identify(src) by extensions ['ignore', 'ignore_ament_install']
[0.283s] Level 1:colcon.colcon_core.package_identification:_identify(src) by extension 'ignore'
[0.283s] Level 1:colcon.colcon_core.package_identification:_identify(src) by extension 'ignore_ament_install'
[0.283s] Level 1:colcon.colcon_core.package_identification:_identify(src) by extensions ['colcon_pkg']
[0.283s] Level 1:colcon.colcon_core.package_identification:_identify(src) by extension 'colcon_pkg'
[0.283s] Level 1:colcon.colcon_core.package_identification:_identify(src) by extensions ['colcon_meta']
[0.283s] Level 1:colcon.colcon_core.package_identification:_identify(src) by extension 'colcon_meta'
[0.283s] Level 1:colcon.colcon_core.package_identification:_identify(src) by extensions ['ros']
[0.283s] Level 1:colcon.colcon_core.package_identification:_identify(src) by extension 'ros'
[0.283s] Level 1:colcon.colcon_core.package_identification:_identify(src) by extensions ['cmake', 'python']
[0.283s] Level 1:colcon.colcon_core.package_identification:_identify(src) by extension 'cmake'
[0.283s] Level 1:colcon.colcon_core.package_identification:_identify(src) by extension 'python'
[0.283s] Level 1:colcon.colcon_core.package_identification:_identify(src) by extensions ['python_setup_py']
[0.283s] Level 1:colcon.colcon_core.package_identification:_identify(src) by extension 'python_setup_py'
[0.283s] Level 1:colcon.colcon_core.package_identification:_identify(src/armando_control) by extensions ['ignore', 'ignore_ament_install']
[0.283s] Level 1:colcon.colcon_core.package_identification:_identify(src/armando_control) by extension 'ignore'
[0.283s] Level 1:colcon.colcon_core.package_identification:_identify(src/armando_control) by extension 'ignore_ament_install'
[0.284s] Level 1:colcon.colcon_core.package_identification:_identify(src/armando_control) by extensions ['colcon_pkg']
[0.284s] Level 1:colcon.colcon_core.package_identification:_identify(src/armando_control) by extension 'colcon_pkg'
[0.284s] Level 1:colcon.colcon_core.package_identification:_identify(src/armando_control) by extensions ['colcon_meta']
[0.284s] Level 1:colcon.colcon_core.package_identification:_identify(src/armando_control) by extension 'colcon_meta'
[0.284s] Level 1:colcon.colcon_core.package_identification:_identify(src/armando_control) by extensions ['ros']
[0.284s] Level 1:colcon.colcon_core.package_identification:_identify(src/armando_control) by extension 'ros'
[0.287s] DEBUG:colcon.colcon_core.package_identification:Package 'src/armando_control' with type 'ros.ament_cmake' and name 'armando_control'
[0.287s] Level 1:colcon.colcon_core.package_identification:_identify(src/armando_description-main) by extensions ['ignore', 'ignore_ament_install']
[0.287s] Level 1:colcon.colcon_core.package_identification:_identify(src/armando_description-main) by extension 'ignore'
[0.287s] Level 1:colcon.colcon_core.package_identification:_identify(src/armando_description-main) by extension 'ignore_ament_install'
[0.287s] Level 1:colcon.colcon_core.package_identification:_identify(src/armando_description-main) by extensions ['colcon_pkg']
[0.287s] Level 1:colcon.colcon_core.package_identification:_identify(src/armando_description-main) by extension 'colcon_pkg'
[0.287s] Level 1:colcon.colcon_core.package_identification:_identify(src/armando_description-main) by extensions ['colcon_meta']
[0.287s] Level 1:colcon.colcon_core.package_identification:_identify(src/armando_description-main) by extension 'colcon_meta'
[0.288s] Level 1:colcon.colcon_core.package_identification:_identify(src/armando_description-main) by extensions ['ros']
[0.288s] Level 1:colcon.colcon_core.package_identification:_identify(src/armando_description-main) by extension 'ros'
[0.288s] DEBUG:colcon.colcon_core.package_identification:Package 'src/armando_description-main' with type 'ros.ament_cmake' and name 'armando_description'
[0.288s] Level 1:colcon.colcon_core.package_identification:_identify(src/armando_gazebo) by extensions ['ignore', 'ignore_ament_install']
[0.289s] Level 1:colcon.colcon_core.package_identification:_identify(src/armando_gazebo) by extension 'ignore'
[0.289s] Level 1:colcon.colcon_core.package_identification:_identify(src/armando_gazebo) by extension 'ignore_ament_install'
[0.289s] Level 1:colcon.colcon_core.package_identification:_identify(src/armando_gazebo) by extensions ['colcon_pkg']
[0.289s] Level 1:colcon.colcon_core.package_identification:_identify(src/armando_gazebo) by extension 'colcon_pkg'
[0.289s] Level 1:colcon.colcon_core.package_identification:_identify(src/armando_gazebo) by extensions ['colcon_meta']
[0.289s] Level 1:colcon.colcon_core.package_identification:_identify(src/armando_gazebo) by extension 'colcon_meta'
[0.289s] Level 1:colcon.colcon_core.package_identification:_identify(src/armando_gazebo) by extensions ['ros']
[0.289s] Level 1:colcon.colcon_core.package_identification:_identify(src/armando_gazebo) by extension 'ros'
[0.290s] DEBUG:colcon.colcon_core.package_identification:Package 'src/armando_gazebo' with type 'ros.ament_cmake' and name 'armando_gazebo'
[0.290s] Level 1:colcon.colcon_core.package_identification:_identify(src/ros2_iiwa) by extensions ['ignore', 'ignore_ament_install']
[0.290s] Level 1:colcon.colcon_core.package_identification:_identify(src/ros2_iiwa) by extension 'ignore'
[0.290s] Level 1:colcon.colcon_core.package_identification:_identify(src/ros2_iiwa) by extension 'ignore_ament_install'
[0.291s] Level 1:colcon.colcon_core.package_identification:_identify(src/ros2_iiwa) by extensions ['colcon_pkg']
[0.291s] Level 1:colcon.colcon_core.package_identification:_identify(src/ros2_iiwa) by extension 'colcon_pkg'
[0.291s] Level 1:colcon.colcon_core.package_identification:_identify(src/ros2_iiwa) by extensions ['colcon_meta']
[0.291s] Level 1:colcon.colcon_core.package_identification:_identify(src/ros2_iiwa) by extension 'colcon_meta'
[0.291s] Level 1:colcon.colcon_core.package_identification:_identify(src/ros2_iiwa) by extensions ['ros']
[0.291s] Level 1:colcon.colcon_core.package_identification:_identify(src/ros2_iiwa) by extension 'ros'
[0.291s] Level 1:colcon.colcon_core.package_identification:_identify(src/ros2_iiwa) by extensions ['cmake', 'python']
[0.291s] Level 1:colcon.colcon_core.package_identification:_identify(src/ros2_iiwa) by extension 'cmake'
[0.291s] Level 1:colcon.colcon_core.package_identification:_identify(src/ros2_iiwa) by extension 'python'
[0.291s] Level 1:colcon.colcon_core.package_identification:_identify(src/ros2_iiwa) by extensions ['python_setup_py']
[0.291s] Level 1:colcon.colcon_core.package_identification:_identify(src/ros2_iiwa) by extension 'python_setup_py'
[0.291s] Level 1:colcon.colcon_core.package_identification:_identify(src/ros2_iiwa/iiwa_bringup) by extensions ['ignore', 'ignore_ament_install']
[0.291s] Level 1:colcon.colcon_core.package_identification:_identify(src/ros2_iiwa/iiwa_bringup) by extension 'ignore'
[0.291s] Level 1:colcon.colcon_core.package_identification:_identify(src/ros2_iiwa/iiwa_bringup) by extension 'ignore_ament_install'
[0.291s] Level 1:colcon.colcon_core.package_identification:_identify(src/ros2_iiwa/iiwa_bringup) by extensions ['colcon_pkg']
[0.291s] Level 1:colcon.colcon_core.package_identification:_identify(src/ros2_iiwa/iiwa_bringup) by extension 'colcon_pkg'
[0.291s] Level 1:colcon.colcon_core.package_identification:_identify(src/ros2_iiwa/iiwa_bringup) by extensions ['colcon_meta']
[0.291s] Level 1:colcon.colcon_core.package_identification:_identify(src/ros2_iiwa/iiwa_bringup) by extension 'colcon_meta'
[0.292s] Level 1:colcon.colcon_core.package_identification:_identify(src/ros2_iiwa/iiwa_bringup) by extensions ['ros']
[0.292s] Level 1:colcon.colcon_core.package_identification:_identify(src/ros2_iiwa/iiwa_bringup) by extension 'ros'
[0.292s] DEBUG:colcon.colcon_core.package_identification:Package 'src/ros2_iiwa/iiwa_bringup' with type 'ros.ament_cmake' and name 'iiwa_bringup'
[0.293s] Level 1:colcon.colcon_core.package_identification:_identify(src/ros2_iiwa/iiwa_controllers) by extensions ['ignore', 'ignore_ament_install']
[0.293s] Level 1:colcon.colcon_core.package_identification:_identify(src/ros2_iiwa/iiwa_controllers) by extension 'ignore'
[0.293s] Level 1:colcon.colcon_core.package_identification:_identify(src/ros2_iiwa/iiwa_controllers) by extension 'ignore_ament_install'
[0.293s] Level 1:colcon.colcon_core.package_identification:_identify(src/ros2_iiwa/iiwa_controllers) by extensions ['colcon_pkg']
[0.293s] Level 1:colcon.colcon_core.package_identification:_identify(src/ros2_iiwa/iiwa_controllers) by extension 'colcon_pkg'
[0.293s] Level 1:colcon.colcon_core.package_identification:_identify(src/ros2_iiwa/iiwa_controllers) by extensions ['colcon_meta']
[0.293s] Level 1:colcon.colcon_core.package_identification:_identify(src/ros2_iiwa/iiwa_controllers) by extension 'colcon_meta'
[0.293s] Level 1:colcon.colcon_core.package_identification:_identify(src/ros2_iiwa/iiwa_controllers) by extensions ['ros']
[0.293s] Level 1:colcon.colcon_core.package_identification:_identify(src/ros2_iiwa/iiwa_controllers) by extension 'ros'
[0.293s] Level 1:colcon.colcon_core.package_identification:_identify(src/ros2_iiwa/iiwa_controllers) by extensions ['cmake', 'python']
[0.293s] Level 1:colcon.colcon_core.package_identification:_identify(src/ros2_iiwa/iiwa_controllers) by extension 'cmake'
[0.293s] Level 1:colcon.colcon_core.package_identification:_identify(src/ros2_iiwa/iiwa_controllers) by extension 'python'
[0.293s] Level 1:colcon.colcon_core.package_identification:_identify(src/ros2_iiwa/iiwa_controllers) by extensions ['python_setup_py']
[0.293s] Level 1:colcon.colcon_core.package_identification:_identify(src/ros2_iiwa/iiwa_controllers) by extension 'python_setup_py'
[0.293s] Level 1:colcon.colcon_core.package_identification:_identify(src/ros2_iiwa/iiwa_controllers/admittance_controller) by extensions ['ignore', 'ignore_ament_install']
[0.294s] Level 1:colcon.colcon_core.package_identification:_identify(src/ros2_iiwa/iiwa_controllers/admittance_controller) by extension 'ignore'
[0.294s] Level 1:colcon.colcon_core.package_identification:_identify(src/ros2_iiwa/iiwa_controllers/admittance_controller) by extension 'ignore_ament_install'
[0.294s] Level 1:colcon.colcon_core.package_identification:_identify(src/ros2_iiwa/iiwa_controllers/admittance_controller) by extensions ['colcon_pkg']
[0.294s] Level 1:colcon.colcon_core.package_identification:_identify(src/ros2_iiwa/iiwa_controllers/admittance_controller) by extension 'colcon_pkg'
[0.294s] Level 1:colcon.colcon_core.package_identification:_identify(src/ros2_iiwa/iiwa_controllers/admittance_controller) by extensions ['colcon_meta']
[0.294s] Level 1:colcon.colcon_core.package_identification:_identify(src/ros2_iiwa/iiwa_controllers/admittance_controller) by extension 'colcon_meta'
[0.294s] Level 1:colcon.colcon_core.package_identification:_identify(src/ros2_iiwa/iiwa_controllers/admittance_controller) by extensions ['ros']
[0.294s] Level 1:colcon.colcon_core.package_identification:_identify(src/ros2_iiwa/iiwa_controllers/admittance_controller) by extension 'ros'
[0.294s] Level 1:colcon.colcon_core.package_identification:_identify(src/ros2_iiwa/iiwa_controllers/admittance_controller) ignored
[0.294s] Level 1:colcon.colcon_core.package_identification:_identify(src/ros2_iiwa/iiwa_controllers/external_torque_sensor_broadcaster) by extensions ['ignore', 'ignore_ament_install']
[0.294s] Level 1:colcon.colcon_core.package_identification:_identify(src/ros2_iiwa/iiwa_controllers/external_torque_sensor_broadcaster) by extension 'ignore'
[0.294s] Level 1:colcon.colcon_core.package_identification:_identify(src/ros2_iiwa/iiwa_controllers/external_torque_sensor_broadcaster) by extension 'ignore_ament_install'
[0.294s] Level 1:colcon.colcon_core.package_identification:_identify(src/ros2_iiwa/iiwa_controllers/external_torque_sensor_broadcaster) by extensions ['colcon_pkg']
[0.294s] Level 1:colcon.colcon_core.package_identification:_identify(src/ros2_iiwa/iiwa_controllers/external_torque_sensor_broadcaster) by extension 'colcon_pkg'
[0.294s] Level 1:colcon.colcon_core.package_identification:_identify(src/ros2_iiwa/iiwa_controllers/external_torque_sensor_broadcaster) by extensions ['colcon_meta']
[0.294s] Level 1:colcon.colcon_core.package_identification:_identify(src/ros2_iiwa/iiwa_controllers/external_torque_sensor_broadcaster) by extension 'colcon_meta'
[0.294s] Level 1:colcon.colcon_core.package_identification:_identify(src/ros2_iiwa/iiwa_controllers/external_torque_sensor_broadcaster) by extensions ['ros']
[0.294s] Level 1:colcon.colcon_core.package_identification:_identify(src/ros2_iiwa/iiwa_controllers/external_torque_sensor_broadcaster) by extension 'ros'
[0.296s] DEBUG:colcon.colcon_core.package_identification:Package 'src/ros2_iiwa/iiwa_controllers/external_torque_sensor_broadcaster' with type 'ros.ament_cmake' and name 'external_torque_sensor_broadcaster'
[0.296s] Level 1:colcon.colcon_core.package_identification:_identify(src/ros2_iiwa/iiwa_controllers/impedance_controller) by extensions ['ignore', 'ignore_ament_install']
[0.296s] Level 1:colcon.colcon_core.package_identification:_identify(src/ros2_iiwa/iiwa_controllers/impedance_controller) by extension 'ignore'
[0.296s] Level 1:colcon.colcon_core.package_identification:_identify(src/ros2_iiwa/iiwa_controllers/impedance_controller) by extension 'ignore_ament_install'
[0.296s] Level 1:colcon.colcon_core.package_identification:_identify(src/ros2_iiwa/iiwa_controllers/impedance_controller) by extensions ['colcon_pkg']
[0.296s] Level 1:colcon.colcon_core.package_identification:_identify(src/ros2_iiwa/iiwa_controllers/impedance_controller) by extension 'colcon_pkg'
[0.296s] Level 1:colcon.colcon_core.package_identification:_identify(src/ros2_iiwa/iiwa_controllers/impedance_controller) by extensions ['colcon_meta']
[0.296s] Level 1:colcon.colcon_core.package_identification:_identify(src/ros2_iiwa/iiwa_controllers/impedance_controller) by extension 'colcon_meta'
[0.296s] Level 1:colcon.colcon_core.package_identification:_identify(src/ros2_iiwa/iiwa_controllers/impedance_controller) by extensions ['ros']
[0.296s] Level 1:colcon.colcon_core.package_identification:_identify(src/ros2_iiwa/iiwa_controllers/impedance_controller) by extension 'ros'
[0.297s] DEBUG:colcon.colcon_core.package_identification:Package 'src/ros2_iiwa/iiwa_controllers/impedance_controller' with type 'ros.ament_cmake' and name 'impedance_controller'
[0.298s] Level 1:colcon.colcon_core.package_identification:_identify(src/ros2_iiwa/iiwa_description) by extensions ['ignore', 'ignore_ament_install']
[0.298s] Level 1:colcon.colcon_core.package_identification:_identify(src/ros2_iiwa/iiwa_description) by extension 'ignore'
[0.298s] Level 1:colcon.colcon_core.package_identification:_identify(src/ros2_iiwa/iiwa_description) by extension 'ignore_ament_install'
[0.298s] Level 1:colcon.colcon_core.package_identification:_identify(src/ros2_iiwa/iiwa_description) by extensions ['colcon_pkg']
[0.298s] Level 1:colcon.colcon_core.package_identification:_identify(src/ros2_iiwa/iiwa_description) by extension 'colcon_pkg'
[0.298s] Level 1:colcon.colcon_core.package_identification:_identify(src/ros2_iiwa/iiwa_description) by extensions ['colcon_meta']
[0.298s] Level 1:colcon.colcon_core.package_identification:_identify(src/ros2_iiwa/iiwa_description) by extension 'colcon_meta'
[0.298s] Level 1:colcon.colcon_core.package_identification:_identify(src/ros2_iiwa/iiwa_description) by extensions ['ros']
[0.298s] Level 1:colcon.colcon_core.package_identification:_identify(src/ros2_iiwa/iiwa_description) by extension 'ros'
[0.299s] DEBUG:colcon.colcon_core.package_identification:Package 'src/ros2_iiwa/iiwa_description' with type 'ros.ament_cmake' and name 'iiwa_description'
[0.299s] Level 1:colcon.colcon_core.package_identification:_identify(src/ros2_iiwa/iiwa_hardware) by extensions ['ignore', 'ignore_ament_install']
[0.299s] Level 1:colcon.colcon_core.package_identification:_identify(src/ros2_iiwa/iiwa_hardware) by extension 'ignore'
[0.299s] Level 1:colcon.colcon_core.package_identification:_identify(src/ros2_iiwa/iiwa_hardware) by extension 'ignore_ament_install'
[0.299s] Level 1:colcon.colcon_core.package_identification:_identify(src/ros2_iiwa/iiwa_hardware) by extensions ['colcon_pkg']
[0.299s] Level 1:colcon.colcon_core.package_identification:_identify(src/ros2_iiwa/iiwa_hardware) by extension 'colcon_pkg'
[0.299s] Level 1:colcon.colcon_core.package_identification:_identify(src/ros2_iiwa/iiwa_hardware) by extensions ['colcon_meta']
[0.299s] Level 1:colcon.colcon_core.package_identification:_identify(src/ros2_iiwa/iiwa_hardware) by extension 'colcon_meta'
[0.299s] Level 1:colcon.colcon_core.package_identification:_identify(src/ros2_iiwa/iiwa_hardware) by extensions ['ros']
[0.299s] Level 1:colcon.colcon_core.package_identification:_identify(src/ros2_iiwa/iiwa_hardware) by extension 'ros'
[0.300s] Level 1:colcon.colcon_core.package_identification:_identify(src/ros2_iiwa/iiwa_hardware) ignored
[0.300s] Level 1:colcon.colcon_core.package_identification:_identify(src/ros2_iiwa/iiwa_moveit2) by extensions ['ignore', 'ignore_ament_install']
[0.300s] Level 1:colcon.colcon_core.package_identification:_identify(src/ros2_iiwa/iiwa_moveit2) by extension 'ignore'
[0.300s] Level 1:colcon.colcon_core.package_identification:_identify(src/ros2_iiwa/iiwa_moveit2) by extension 'ignore_ament_install'
[0.300s] Level 1:colcon.colcon_core.package_identification:_identify(src/ros2_iiwa/iiwa_moveit2) by extensions ['colcon_pkg']
[0.300s] Level 1:colcon.colcon_core.package_identification:_identify(src/ros2_iiwa/iiwa_moveit2) by extension 'colcon_pkg'
[0.300s] Level 1:colcon.colcon_core.package_identification:_identify(src/ros2_iiwa/iiwa_moveit2) by extensions ['colcon_meta']
[0.300s] Level 1:colcon.colcon_core.package_identification:_identify(src/ros2_iiwa/iiwa_moveit2) by extension 'colcon_meta'
[0.300s] Level 1:colcon.colcon_core.package_identification:_identify(src/ros2_iiwa/iiwa_moveit2) by extensions ['ros']
[0.300s] Level 1:colcon.colcon_core.package_identification:_identify(src/ros2_iiwa/iiwa_moveit2) by extension 'ros'
[0.300s] Level 1:colcon.colcon_core.package_identification:_identify(src/ros2_iiwa/iiwa_moveit2) ignored
[0.300s] Level 1:colcon.colcon_core.package_identification:_identify(src/ros2_iiwa/iiwa_sunrise) by extensions ['ignore', 'ignore_ament_install']
[0.301s] Level 1:colcon.colcon_core.package_identification:_identify(src/ros2_iiwa/iiwa_sunrise) by extension 'ignore'
[0.301s] Level 1:colcon.colcon_core.package_identification:_identify(src/ros2_iiwa/iiwa_sunrise) by extension 'ignore_ament_install'
[0.301s] Level 1:colcon.colcon_core.package_identification:_identify(src/ros2_iiwa/iiwa_sunrise) by extensions ['colcon_pkg']
[0.301s] Level 1:colcon.colcon_core.package_identification:_identify(src/ros2_iiwa/iiwa_sunrise) by extension 'colcon_pkg'
[0.301s] Level 1:colcon.colcon_core.package_identification:_identify(src/ros2_iiwa/iiwa_sunrise) by extensions ['colcon_meta']
[0.301s] Level 1:colcon.colcon_core.package_identification:_identify(src/ros2_iiwa/iiwa_sunrise) by extension 'colcon_meta'
[0.301s] Level 1:colcon.colcon_core.package_identification:_identify(src/ros2_iiwa/iiwa_sunrise) by extensions ['ros']
[0.301s] Level 1:colcon.colcon_core.package_identification:_identify(src/ros2_iiwa/iiwa_sunrise) by extension 'ros'
[0.301s] Level 1:colcon.colcon_core.package_identification:_identify(src/ros2_iiwa/iiwa_sunrise) ignored
[0.301s] Level 1:colcon.colcon_core.package_identification:_identify(src/ros2_kdl_package) by extensions ['ignore', 'ignore_ament_install']
[0.301s] Level 1:colcon.colcon_core.package_identification:_identify(src/ros2_kdl_package) by extension 'ignore'
[0.301s] Level 1:colcon.colcon_core.package_identification:_identify(src/ros2_kdl_package) by extension 'ignore_ament_install'
[0.301s] Level 1:colcon.colcon_core.package_identification:_identify(src/ros2_kdl_package) by extensions ['colcon_pkg']
[0.301s] Level 1:colcon.colcon_core.package_identification:_identify(src/ros2_kdl_package) by extension 'colcon_pkg'
[0.301s] Level 1:colcon.colcon_core.package_identification:_identify(src/ros2_kdl_package) by extensions ['colcon_meta']
[0.301s] Level 1:colcon.colcon_core.package_identification:_identify(src/ros2_kdl_package) by extension 'colcon_meta'
[0.301s] Level 1:colcon.colcon_core.package_identification:_identify(src/ros2_kdl_package) by extensions ['ros']
[0.301s] Level 1:colcon.colcon_core.package_identification:_identify(src/ros2_kdl_package) by extension 'ros'
[0.302s] DEBUG:colcon.colcon_core.package_identification:Package 'src/ros2_kdl_package' with type 'ros.ament_cmake' and name 'ros2_kdl_package'
[0.302s] Level 1:colcon.colcon_core.package_discovery:discover_packages(recursive) using defaults
[0.302s] Level 1:colcon.colcon_core.package_discovery:discover_packages(ignore) discover
[0.302s] Level 1:colcon.colcon_core.package_discovery:discover_packages(ignore) using defaults
[0.302s] Level 1:colcon.colcon_core.package_discovery:discover_packages(path) discover
[0.302s] Level 1:colcon.colcon_core.package_discovery:discover_packages(path) using defaults
[0.331s] INFO:colcon.colcon_core.package_selection:Skipping not selected package 'armando_control' in 'src/armando_control'
[0.331s] INFO:colcon.colcon_core.package_selection:Skipping not selected package 'armando_description' in 'src/armando_description-main'
[0.331s] INFO:colcon.colcon_core.package_selection:Skipping not selected package 'armando_gazebo' in 'src/armando_gazebo'
[0.331s] INFO:colcon.colcon_core.package_selection:Skipping not selected package 'external_torque_sensor_broadcaster' in 'src/ros2_iiwa/iiwa_controllers/external_torque_sensor_broadcaster'
[0.331s] INFO:colcon.colcon_core.package_selection:Skipping not selected package 'iiwa_description' in 'src/ros2_iiwa/iiwa_description'
[0.331s] INFO:colcon.colcon_core.package_selection:Skipping not selected package 'impedance_controller' in 'src/ros2_iiwa/iiwa_controllers/impedance_controller'
[0.331s] INFO:colcon.colcon_core.package_selection:Skipping not selected package 'iiwa_bringup' in 'src/ros2_iiwa/iiwa_bringup'
[0.332s] Level 1:colcon.colcon_core.package_discovery:discover_packages(prefix_path) check parameters
[0.332s] Level 1:colcon.colcon_core.package_discovery:discover_packages(prefix_path) discover
[0.333s] Level 1:colcon.colcon_core.package_discovery:discover_packages(prefix_path) using defaults
[0.334s] Level 5:colcon.colcon_core.verb:set package 'ros2_kdl_package' build argument 'cmake_args' from command line to 'None'
[0.334s] Level 5:colcon.colcon_core.verb:set package 'ros2_kdl_package' build argument 'cmake_target' from command line to 'None'
[0.334s] Level 5:colcon.colcon_core.verb:set package 'ros2_kdl_package' build argument 'cmake_target_skip_unavailable' from command line to 'False'
[0.334s] Level 5:colcon.colcon_core.verb:set package 'ros2_kdl_package' build argument 'cmake_clean_cache' from command line to 'False'
[0.334s] Level 5:colcon.colcon_core.verb:set package 'ros2_kdl_package' build argument 'cmake_clean_first' from command line to 'False'
[0.334s] Level 5:colcon.colcon_core.verb:set package 'ros2_kdl_package' build argument 'cmake_force_configure' from command line to 'False'
[0.334s] Level 5:colcon.colcon_core.verb:set package 'ros2_kdl_package' build argument 'ament_cmake_args' from command line to 'None'
[0.334s] Level 5:colcon.colcon_core.verb:set package 'ros2_kdl_package' build argument 'catkin_cmake_args' from command line to 'None'
[0.334s] Level 5:colcon.colcon_core.verb:set package 'ros2_kdl_package' build argument 'catkin_skip_building_tests' from command line to 'False'
[0.334s] DEBUG:colcon.colcon_core.verb:Building package 'ros2_kdl_package' with the following arguments: {'ament_cmake_args': None, 'build_base': '/home/telemaque/Robotics_Lab/ros2_ws/build/ros2_kdl_package', 'catkin_cmake_args': None, 'catkin_skip_building_tests': False, 'cmake_args': None, 'cmake_clean_cache': False, 'cmake_clean_first': False, 'cmake_force_configure': False, 'cmake_target': None, 'cmake_target_skip_unavailable': False, 'install_base': '/home/telemaque/Robotics_Lab/ros2_ws/install/ros2_kdl_package', 'merge_install': False, 'path': '/home/telemaque/Robotics_Lab/ros2_ws/src/ros2_kdl_package', 'symlink_install': False, 'test_result_base': None}
[0.334s] INFO:colcon.colcon_core.executor:Executing jobs using 'parallel' executor
[0.336s] DEBUG:colcon.colcon_parallel_executor.executor.parallel:run_until_complete
[0.336s] INFO:colcon.colcon_ros.task.ament_cmake.build:Building ROS package in '/home/telemaque/Robotics_Lab/ros2_ws/src/ros2_kdl_package' with build type 'ament_cmake'
[0.336s] INFO:colcon.colcon_cmake.task.cmake.build:Building CMake package in '/home/telemaque/Robotics_Lab/ros2_ws/src/ros2_kdl_package'
[0.339s] INFO:colcon.colcon_core.plugin_system:Skipping extension 'colcon_core.shell.bat': Not used on non-Windows systems
[0.339s] INFO:colcon.colcon_core.shell:Skip shell extension 'powershell' for command environment: Not usable outside of PowerShell
[0.339s] DEBUG:colcon.colcon_core.shell:Skip shell extension 'dsv' for command environment
[0.351s] DEBUG:colcon.colcon_core.event_handler.log_command:Invoking command in '/home/telemaque/Robotics_Lab/ros2_ws/build/ros2_kdl_package': /usr/bin/cmake --build /home/telemaque/Robotics_Lab/ros2_ws/build/ros2_kdl_package -- -j12 -l12
[0.486s] DEBUG:colcon.colcon_core.event_handler.log_command:Invoked command in '/home/telemaque/Robotics_Lab/ros2_ws/build/ros2_kdl_package' returned '0': /usr/bin/cmake --build /home/telemaque/Robotics_Lab/ros2_ws/build/ros2_kdl_package -- -j12 -l12
[0.502s] DEBUG:colcon.colcon_core.event_handler.log_command:Invoking command in '/home/telemaque/Robotics_Lab/ros2_ws/build/ros2_kdl_package': /usr/bin/cmake --install /home/telemaque/Robotics_Lab/ros2_ws/build/ros2_kdl_package
[0.540s] Level 1:colcon.colcon_core.environment:create_environment_scripts_only(ros2_kdl_package)
[0.541s] DEBUG:colcon.colcon_core.event_handler.log_command:Invoked command in '/home/telemaque/Robotics_Lab/ros2_ws/build/ros2_kdl_package' returned '0': /usr/bin/cmake --install /home/telemaque/Robotics_Lab/ros2_ws/build/ros2_kdl_package
[0.545s] Level 1:colcon.colcon_core.environment:checking '/home/telemaque/Robotics_Lab/ros2_ws/install/ros2_kdl_package' for CMake module files
[0.546s] Level 1:colcon.colcon_core.environment:checking '/home/telemaque/Robotics_Lab/ros2_ws/install/ros2_kdl_package' for CMake config files
[0.547s] Level 1:colcon.colcon_core.shell:create_environment_hook('ros2_kdl_package', 'cmake_prefix_path')
[0.547s] INFO:colcon.colcon_core.shell:Creating environment hook '/home/telemaque/Robotics_Lab/ros2_ws/install/ros2_kdl_package/share/ros2_kdl_package/hook/cmake_prefix_path.ps1'
[0.548s] INFO:colcon.colcon_core.shell:Creating environment descriptor '/home/telemaque/Robotics_Lab/ros2_ws/install/ros2_kdl_package/share/ros2_kdl_package/hook/cmake_prefix_path.dsv'
[0.549s] INFO:colcon.colcon_core.shell:Creating environment hook '/home/telemaque/Robotics_Lab/ros2_ws/install/ros2_kdl_package/share/ros2_kdl_package/hook/cmake_prefix_path.sh'
[0.550s] Level 1:colcon.colcon_core.environment:checking '/home/telemaque/Robotics_Lab/ros2_ws/install/ros2_kdl_package/lib'
[0.550s] Level 1:colcon.colcon_core.environment:checking '/home/telemaque/Robotics_Lab/ros2_ws/install/ros2_kdl_package/bin'
[0.551s] Level 1:colcon.colcon_core.environment:checking '/home/telemaque/Robotics_Lab/ros2_ws/install/ros2_kdl_package/lib/pkgconfig/ros2_kdl_package.pc'
[0.553s] Level 1:colcon.colcon_core.environment:checking '/home/telemaque/Robotics_Lab/ros2_ws/install/ros2_kdl_package/lib/python3.10/site-packages'
[0.554s] Level 1:colcon.colcon_core.environment:checking '/home/telemaque/Robotics_Lab/ros2_ws/install/ros2_kdl_package/bin'
[0.554s] INFO:colcon.colcon_core.shell:Creating package script '/home/telemaque/Robotics_Lab/ros2_ws/install/ros2_kdl_package/share/ros2_kdl_package/package.ps1'
[0.556s] INFO:colcon.colcon_core.shell:Creating package descriptor '/home/telemaque/Robotics_Lab/ros2_ws/install/ros2_kdl_package/share/ros2_kdl_package/package.dsv'
[0.556s] INFO:colcon.colcon_core.shell:Creating package script '/home/telemaque/Robotics_Lab/ros2_ws/install/ros2_kdl_package/share/ros2_kdl_package/package.sh'
[0.558s] INFO:colcon.colcon_core.shell:Creating package script '/home/telemaque/Robotics_Lab/ros2_ws/install/ros2_kdl_package/share/ros2_kdl_package/package.bash'
[0.559s] INFO:colcon.colcon_core.shell:Creating package script '/home/telemaque/Robotics_Lab/ros2_ws/install/ros2_kdl_package/share/ros2_kdl_package/package.zsh'
[0.560s] Level 1:colcon.colcon_core.environment:create_file_with_runtime_dependencies(/home/telemaque/Robotics_Lab/ros2_ws/install/ros2_kdl_package/share/colcon-core/packages/ros2_kdl_package)
[0.561s] Level 1:colcon.colcon_core.environment:create_environment_scripts_only(ros2_kdl_package)
[0.561s] Level 1:colcon.colcon_core.environment:checking '/home/telemaque/Robotics_Lab/ros2_ws/install/ros2_kdl_package' for CMake module files
[0.562s] Level 1:colcon.colcon_core.environment:checking '/home/telemaque/Robotics_Lab/ros2_ws/install/ros2_kdl_package' for CMake config files
[0.562s] Level 1:colcon.colcon_core.shell:create_environment_hook('ros2_kdl_package', 'cmake_prefix_path')
[0.562s] INFO:colcon.colcon_core.shell:Creating environment hook '/home/telemaque/Robotics_Lab/ros2_ws/install/ros2_kdl_package/share/ros2_kdl_package/hook/cmake_prefix_path.ps1'
[0.563s] INFO:colcon.colcon_core.shell:Creating environment descriptor '/home/telemaque/Robotics_Lab/ros2_ws/install/ros2_kdl_package/share/ros2_kdl_package/hook/cmake_prefix_path.dsv'
[0.563s] INFO:colcon.colcon_core.shell:Creating environment hook '/home/telemaque/Robotics_Lab/ros2_ws/install/ros2_kdl_package/share/ros2_kdl_package/hook/cmake_prefix_path.sh'
[0.564s] Level 1:colcon.colcon_core.environment:checking '/home/telemaque/Robotics_Lab/ros2_ws/install/ros2_kdl_package/lib'
[0.564s] Level 1:colcon.colcon_core.environment:checking '/home/telemaque/Robotics_Lab/ros2_ws/install/ros2_kdl_package/bin'
[0.564s] Level 1:colcon.colcon_core.environment:checking '/home/telemaque/Robotics_Lab/ros2_ws/install/ros2_kdl_package/lib/pkgconfig/ros2_kdl_package.pc'
[0.564s] Level 1:colcon.colcon_core.environment:checking '/home/telemaque/Robotics_Lab/ros2_ws/install/ros2_kdl_package/lib/python3.10/site-packages'
[0.565s] Level 1:colcon.colcon_core.environment:checking '/home/telemaque/Robotics_Lab/ros2_ws/install/ros2_kdl_package/bin'
[0.565s] INFO:colcon.colcon_core.shell:Creating package script '/home/telemaque/Robotics_Lab/ros2_ws/install/ros2_kdl_package/share/ros2_kdl_package/package.ps1'
[0.566s] INFO:colcon.colcon_core.shell:Creating package descriptor '/home/telemaque/Robotics_Lab/ros2_ws/install/ros2_kdl_package/share/ros2_kdl_package/package.dsv'
[0.567s] INFO:colcon.colcon_core.shell:Creating package script '/home/telemaque/Robotics_Lab/ros2_ws/install/ros2_kdl_package/share/ros2_kdl_package/package.sh'
[0.567s] INFO:colcon.colcon_core.shell:Creating package script '/home/telemaque/Robotics_Lab/ros2_ws/install/ros2_kdl_package/share/ros2_kdl_package/package.bash'
[0.568s] INFO:colcon.colcon_core.shell:Creating package script '/home/telemaque/Robotics_Lab/ros2_ws/install/ros2_kdl_package/share/ros2_kdl_package/package.zsh'
[0.568s] Level 1:colcon.colcon_core.environment:create_file_with_runtime_dependencies(/home/telemaque/Robotics_Lab/ros2_ws/install/ros2_kdl_package/share/colcon-core/packages/ros2_kdl_package)
[0.569s] DEBUG:colcon.colcon_parallel_executor.executor.parallel:closing loop
[0.569s] DEBUG:colcon.colcon_parallel_executor.executor.parallel:loop closed
[0.570s] DEBUG:colcon.colcon_parallel_executor.executor.parallel:run_until_complete finished with '0'
[0.570s] DEBUG:colcon.colcon_core.event_reactor:joining thread
[0.580s] INFO:colcon.colcon_core.plugin_system:Skipping extension 'colcon_notification.desktop_notification.terminal_notifier': Not used on non-Darwin systems
[0.580s] INFO:colcon.colcon_core.plugin_system:Skipping extension 'colcon_notification.desktop_notification.win32': Not used on non-Windows systems
[0.580s] INFO:colcon.colcon_notification.desktop_notification:Sending desktop notification using 'notify2'
[0.601s] DEBUG:colcon.colcon_core.event_reactor:joined thread
[0.602s] INFO:colcon.colcon_core.shell:Creating prefix script '/home/telemaque/Robotics_Lab/ros2_ws/install/local_setup.ps1'
[0.603s] INFO:colcon.colcon_core.shell:Creating prefix util module '/home/telemaque/Robotics_Lab/ros2_ws/install/_local_setup_util_ps1.py'
[0.606s] INFO:colcon.colcon_core.shell:Creating prefix chain script '/home/telemaque/Robotics_Lab/ros2_ws/install/setup.ps1'
[0.607s] INFO:colcon.colcon_core.shell:Creating prefix script '/home/telemaque/Robotics_Lab/ros2_ws/install/local_setup.sh'
[0.608s] INFO:colcon.colcon_core.shell:Creating prefix util module '/home/telemaque/Robotics_Lab/ros2_ws/install/_local_setup_util_sh.py'
[0.609s] INFO:colcon.colcon_core.shell:Creating prefix chain script '/home/telemaque/Robotics_Lab/ros2_ws/install/setup.sh'
[0.610s] INFO:colcon.colcon_core.shell:Creating prefix script '/home/telemaque/Robotics_Lab/ros2_ws/install/local_setup.bash'
[0.611s] INFO:colcon.colcon_core.shell:Creating prefix chain script '/home/telemaque/Robotics_Lab/ros2_ws/install/setup.bash'
[0.612s] INFO:colcon.colcon_core.shell:Creating prefix script '/home/telemaque/Robotics_Lab/ros2_ws/install/local_setup.zsh'
[0.612s] INFO:colcon.colcon_core.shell:Creating prefix chain script '/home/telemaque/Robotics_Lab/ros2_ws/install/setup.zsh'
